<?xml version="1.0" encoding="UTF-8" standalone="yes"?>
<ns2:test-suite start="1537645189101" stop="1537645263313" version="1.4.16" xmlns:ns2="urn:model.allure.qatools.yandex.ru">
    <name>Suite : TestLASTPPass</name>
    <title>Suite : TestLASTPPass</title>
    <test-cases>
        <test-case start="1537645196826" stop="1537645262475" status="failed">
            <name>selectNBSBranchInward</name>
            <title>Select Branch Inword bucket and fill the data</title>
            <description type="text">Select BranchInward and fill the data then click on submit </description>
            <failure>
                <message>AssertionError: Bucket not completed</message>
                <stack-trace>java.lang.AssertionError: Bucket not completed
	at org.testng.Assert.fail(Assert.java:96)
	at pageObjectClasses.NBSBranchInward.branchInward_details(NBSBranchInward.java:345)
	at Cosmos_Testcases.LATraditionalstppass.selectNBSBranchInward(LATraditionalstppass.java:84)
	at sun.reflect.NativeMethodAccessorImpl.invoke0(Native Method)
	at sun.reflect.NativeMethodAccessorImpl.invoke(NativeMethodAccessorImpl.java:62)
	at sun.reflect.DelegatingMethodAccessorImpl.invoke(DelegatingMethodAccessorImpl.java:43)
	at java.lang.reflect.Method.invoke(Method.java:498)
	at org.testng.internal.MethodInvocationHelper.invokeMethod(MethodInvocationHelper.java:124)
	at org.testng.internal.Invoker.invokeMethod(Invoker.java:580)
	at org.testng.internal.Invoker.invokeTestMethod(Invoker.java:716)
	at org.testng.internal.Invoker.invokeTestMethods(Invoker.java:988)
	at org.testng.internal.TestMethodWorker.invokeTestMethods(TestMethodWorker.java:125)
	at org.testng.internal.TestMethodWorker.run(TestMethodWorker.java:109)
	at org.testng.TestRunner.privateRun(TestRunner.java:648)
	at org.testng.TestRunner.run(TestRunner.java:505)
	at org.testng.SuiteRunner.runTest(SuiteRunner.java:455)
	at org.testng.SuiteRunner.runSequentially(SuiteRunner.java:450)
	at org.testng.SuiteRunner.privateRun(SuiteRunner.java:415)
	at org.testng.SuiteRunner.run(SuiteRunner.java:364)
	at org.testng.SuiteRunnerWorker.runSuite(SuiteRunnerWorker.java:52)
	at org.testng.SuiteRunnerWorker.run(SuiteRunnerWorker.java:84)
	at org.testng.TestNG.runSuitesSequentially(TestNG.java:1208)
	at org.testng.TestNG.runSuitesLocally(TestNG.java:1137)
	at org.testng.TestNG.runSuites(TestNG.java:1049)
	at org.testng.TestNG.run(TestNG.java:1017)
	at org.testng.remote.AbstractRemoteTestNG.run(AbstractRemoteTestNG.java:114)
	at org.testng.remote.RemoteTestNG.initAndRun(RemoteTestNG.java:251)
	at org.testng.remote.RemoteTestNG.main(RemoteTestNG.java:77)
</stack-trace>
            </failure>
            <steps>
                <step start="1537645189288" stop="1537645189288" status="passed">
                    <name>logStep[User Selected Chrome Browser to execute]</name>
                    <title>User Selected Chrome Browser to execute</title>
                </step>
                <step start="1537645194055" stop="1537645194055" status="passed">
                    <name>logStep[chrome  Browser launched]</name>
                    <title>chrome  Browser launched</title>
                </step>
                <step start="1537645196565" stop="1537645196565" status="passed">
                    <name>logStep[Url entered : http://10.50.46.80/home/dpli/insurance/DPLIIndex3.htm#/NBbranchInward]</name>
                    <title>Url entered : http://10.50.46.80/home/dpli/insurance/DPLIIndex3.htm#/NBbranchInward</title>
                </step>
                <step start="1537645198095" stop="1537645198095" status="passed">
                    <name>logStep[Sheet Name not matched with test data]</name>
                    <title>Sheet Name not matched with test data</title>
                </step>
                <step start="1537645200441" stop="1537645200442" status="passed">
                    <name>logStep[User entered Username]</name>
                    <title>User entered Username</title>
                </step>
                <step start="1537645200540" stop="1537645200540" status="passed">
                    <name>logStep[User entered Username]</name>
                    <title>User entered Username</title>
                </step>
                <step start="1537645200541" stop="1537645200541" status="passed">
                    <name>logStep[Taking screenshot : Login Page]</name>
                    <title>Taking screenshot : Login Page</title>
                </step>
                <step start="1537645200898" stop="1537645200898" status="passed">
                    <name>logStep[User entered UserName / Password ]</name>
                    <title>User entered UserName / Password </title>
                </step>
                <step start="1537645200992" stop="1537645200992" status="passed">
                    <name>logStep[User clicked on Login button]</name>
                    <title>User clicked on Login button</title>
                </step>
                <step start="1537645209246" stop="1537645209246" status="passed">
                    <name>logStep[Clicked on Branch Inward from NBS ]</name>
                    <title>Clicked on Branch Inward from NBS </title>
                </step>
                <step start="1537645209383" stop="1537645209383" status="passed">
                    <name>logStep[Sheet Name not matched with test data]</name>
                    <title>Sheet Name not matched with test data</title>
                </step>
                <step start="1537645209384" stop="1537645209384" status="passed">
                    <name>logStep[Sheet Name not matched with test data]</name>
                    <title>Sheet Name not matched with test data</title>
                </step>
                <step start="1537645209496" stop="1537645209496" status="passed">
                    <name>logStep[Random Proposal number generated: MNB8746155]</name>
                    <title>Random Proposal number generated: MNB8746155</title>
                </step>
                <step start="1537645210761" stop="1537645210761" status="passed">
                    <name>logStep[Selected Agent ]</name>
                    <title>Selected Agent </title>
                </step>
                <step start="1537645212117" stop="1537645212117" status="passed">
                    <name>logStep[Selected option is : Agent Code]</name>
                    <title>Selected option is : Agent Code</title>
                </step>
                <step start="1537645212267" stop="1537645212267" status="passed">
                    <name>logStep[Enter data :70031411]</name>
                    <title>Enter data :70031411</title>
                </step>
                <step start="1537645212339" stop="1537645212339" status="passed">
                    <name>logStep[Clicked on search button]</name>
                    <title>Clicked on search button</title>
                </step>
                <step start="1537645215215" stop="1537645215215" status="passed">
                    <name>logStep[Selected option is : Ms.]</name>
                    <title>Selected option is : Ms.</title>
                </step>
                <step start="1537645215415" stop="1537645215415" status="passed">
                    <name>logStep[Enter data :Bhavishya]</name>
                    <title>Enter data :Bhavishya</title>
                </step>
                <step start="1537645216760" stop="1537645216760" status="passed">
                    <name>logStep[Selected option is : Telangana]</name>
                    <title>Selected option is : Telangana</title>
                </step>
                <step start="1537645218322" stop="1537645218322" status="passed">
                    <name>logStep[Enter data :9290851186]</name>
                    <title>Enter data :9290851186</title>
                </step>
                <step start="1537645218514" stop="1537645218514" status="passed">
                    <name>logStep[Selected option is : Adhaar card]</name>
                    <title>Selected option is : Adhaar card</title>
                </step>
                <step start="1537645223258" stop="1537645223258" status="passed">
                    <name>logStep[Selected option is : Non Smoker]</name>
                    <title>Selected option is : Non Smoker</title>
                </step>
                <step start="1537645223548" stop="1537645223548" status="passed">
                    <name>logStep[Selected option is : Female]</name>
                    <title>Selected option is : Female</title>
                </step>
                <step start="1537645223917" stop="1537645223917" status="passed">
                    <name>logStep[Selected option is : Smart Assure]</name>
                    <title>Selected option is : Smart Assure</title>
                </step>
                <step start="1537645224144" stop="1537645224144" status="passed">
                    <name>logStep[Selected option is : 10]</name>
                    <title>Selected option is : 10</title>
                </step>
                <step start="1537645224366" stop="1537645224366" status="passed">
                    <name>logStep[Selected option is : 5]</name>
                    <title>Selected option is : 5</title>
                </step>
                <step start="1537645224568" stop="1537645224569" status="passed">
                    <name>logStep[Selected option is : Annually]</name>
                    <title>Selected option is : Annually</title>
                </step>
                <step start="1537645224782" stop="1537645224782" status="passed">
                    <name>logStep[Selected option is : Sum Assured]</name>
                    <title>Selected option is : Sum Assured</title>
                </step>
                <step start="1537645224894" stop="1537645224894" status="passed">
                    <name>logStep[Enter data :100,000]</name>
                    <title>Enter data :100,000</title>
                </step>
                <step start="1537645228239" stop="1537645228239" status="passed">
                    <name>logStep[Click on Next button ]</name>
                    <title>Click on Next button </title>
                </step>
                <step start="1537645228240" stop="1537645228240" status="passed">
                    <name>logStep[Clicked on GetQuote button]</name>
                    <title>Clicked on GetQuote button</title>
                </step>
                <step start="1537645228241" stop="1537645228241" status="passed">
                    <name>logStep[Taking screenshot]</name>
                    <title>Taking screenshot</title>
                </step>
                <step start="1537645228819" stop="1537645228819" status="passed">
                    <name>logStep[Quote details saved successfully]</name>
                    <title>Quote details saved successfully</title>
                </step>
                <step start="1537645228963" stop="1537645228963" status="passed">
                    <name>logStep[Entered text is :18,945]</name>
                    <title>Entered text is :18,945</title>
                </step>
                <step start="1537645231153" stop="1537645231153" status="passed">
                    <name>logStep[Click on Next button ]</name>
                    <title>Click on Next button </title>
                </step>
                <step start="1537645231153" stop="1537645231153" status="passed">
                    <name>logStep[Clicked on GetRequirement button]</name>
                    <title>Clicked on GetRequirement button</title>
                </step>
                <step start="1537645237561" stop="1537645237561" status="passed">
                    <name>logStep[Click on Next button ]</name>
                    <title>Click on Next button </title>
                </step>
                <step start="1537645237562" stop="1537645237562" status="passed">
                    <name>logStep[Clicked on InwardComplete button]</name>
                    <title>Clicked on InwardComplete button</title>
                </step>
                <step start="1537645237562" stop="1537645237562" status="passed">
                    <name>logStep[Taking screenshot]</name>
                    <title>Taking screenshot</title>
                </step>
                <step start="1537645239979" stop="1537645239979" status="passed">
                    <name>logStep[Taking screenshot]</name>
                    <title>Taking screenshot</title>
                </step>
                <step start="1537645262439" stop="1537645262439" status="passed">
                    <name>logStep[Click on Next button ]</name>
                    <title>Click on Next button </title>
                </step>
                <step start="1537645262440" stop="1537645262440" status="passed">
                    <name>logStep[clicked on Yes proceed button]</name>
                    <title>clicked on Yes proceed button</title>
                </step>
            </steps>
            <attachments>
                <attachment title="Screenshot" source="b6c19d7e-43cc-47e7-9801-4e21cb179916-attachment.png" type="image/png"/>
                <attachment title="Screenshot" source="4c0f07a8-7d5d-4a60-805e-d95f3f6da6eb-attachment.png" type="image/png"/>
                <attachment title="Screenshot" source="1126e8f8-02d7-4dcf-94c6-0da67bfb9acf-attachment.png" type="image/png"/>
                <attachment title="Screenshot" source="43b36910-9417-4f89-a64a-1b2159509ab3-attachment.png" type="image/png"/>
            </attachments>
            <labels>
                <label name="story" value="LA Traditional Case (STP Pass)"/>
                <label name="host" value="MONO-HYD-LAP-14"/>
                <label name="thread" value="16044@MONO-HYD-LAP-14.main(1)"/>
            </labels>
        </test-case>
        <test-case start="1537645262497" stop="1537645262504" status="canceled">
            <name>submitReciept</name>
            <title>Submit Receipt Bucket</title>
            <description type="text">Search with application number in Receipt and fill requierd data and submit </description>
            <failure>
                <message>: Skipped due to dependency on other skipped or failed test methods</message>
                <stack-trace>ru.yandex.qatools.allure.testng.AllureTestListener$1: Skipped due to dependency on other skipped or failed test methods
	at ru.yandex.qatools.allure.testng.AllureTestListener.fireTestCaseCancel(AllureTestListener.java:366)
	at ru.yandex.qatools.allure.testng.AllureTestListener.onTestSkipped(AllureTestListener.java:181)
	at org.testng.internal.TestListenerHelper.runTestListeners(TestListenerHelper.java:61)
	at org.testng.internal.Invoker.runTestListeners(Invoker.java:1388)
	at org.testng.internal.Invoker.registerSkippedTestResult(Invoker.java:1062)
	at org.testng.internal.Invoker.invokeTestMethods(Invoker.java:887)
	at org.testng.internal.TestMethodWorker.invokeTestMethods(TestMethodWorker.java:125)
	at org.testng.internal.TestMethodWorker.run(TestMethodWorker.java:109)
	at org.testng.TestRunner.privateRun(TestRunner.java:648)
	at org.testng.TestRunner.run(TestRunner.java:505)
	at org.testng.SuiteRunner.runTest(SuiteRunner.java:455)
	at org.testng.SuiteRunner.runSequentially(SuiteRunner.java:450)
	at org.testng.SuiteRunner.privateRun(SuiteRunner.java:415)
	at org.testng.SuiteRunner.run(SuiteRunner.java:364)
	at org.testng.SuiteRunnerWorker.runSuite(SuiteRunnerWorker.java:52)
	at org.testng.SuiteRunnerWorker.run(SuiteRunnerWorker.java:84)
	at org.testng.TestNG.runSuitesSequentially(TestNG.java:1208)
	at org.testng.TestNG.runSuitesLocally(TestNG.java:1137)
	at org.testng.TestNG.runSuites(TestNG.java:1049)
	at org.testng.TestNG.run(TestNG.java:1017)
	at org.testng.remote.AbstractRemoteTestNG.run(AbstractRemoteTestNG.java:114)
	at org.testng.remote.RemoteTestNG.initAndRun(RemoteTestNG.java:251)
	at org.testng.remote.RemoteTestNG.main(RemoteTestNG.java:77)
</stack-trace>
            </failure>
            <steps/>
            <attachments/>
            <labels>
                <label name="story" value="LA Traditional Case (STP Pass)"/>
                <label name="host" value="MONO-HYD-LAP-14"/>
                <label name="thread" value="16044@MONO-HYD-LAP-14.main(1)"/>
            </labels>
        </test-case>
        <test-case start="1537645262507" stop="1537645262508" status="canceled">
            <name>pendingBranchScrutny</name>
            <title>Pending brach scrytny bucket</title>
            <description type="text">Search with application number and Submit</description>
            <failure>
                <message>: Skipped due to dependency on other skipped or failed test methods</message>
                <stack-trace>ru.yandex.qatools.allure.testng.AllureTestListener$1: Skipped due to dependency on other skipped or failed test methods
	at ru.yandex.qatools.allure.testng.AllureTestListener.fireTestCaseCancel(AllureTestListener.java:366)
	at ru.yandex.qatools.allure.testng.AllureTestListener.onTestSkipped(AllureTestListener.java:181)
	at org.testng.internal.TestListenerHelper.runTestListeners(TestListenerHelper.java:61)
	at org.testng.internal.Invoker.runTestListeners(Invoker.java:1388)
	at org.testng.internal.Invoker.registerSkippedTestResult(Invoker.java:1062)
	at org.testng.internal.Invoker.invokeTestMethods(Invoker.java:887)
	at org.testng.internal.TestMethodWorker.invokeTestMethods(TestMethodWorker.java:125)
	at org.testng.internal.TestMethodWorker.run(TestMethodWorker.java:109)
	at org.testng.TestRunner.privateRun(TestRunner.java:648)
	at org.testng.TestRunner.run(TestRunner.java:505)
	at org.testng.SuiteRunner.runTest(SuiteRunner.java:455)
	at org.testng.SuiteRunner.runSequentially(SuiteRunner.java:450)
	at org.testng.SuiteRunner.privateRun(SuiteRunner.java:415)
	at org.testng.SuiteRunner.run(SuiteRunner.java:364)
	at org.testng.SuiteRunnerWorker.runSuite(SuiteRunnerWorker.java:52)
	at org.testng.SuiteRunnerWorker.run(SuiteRunnerWorker.java:84)
	at org.testng.TestNG.runSuitesSequentially(TestNG.java:1208)
	at org.testng.TestNG.runSuitesLocally(TestNG.java:1137)
	at org.testng.TestNG.runSuites(TestNG.java:1049)
	at org.testng.TestNG.run(TestNG.java:1017)
	at org.testng.remote.AbstractRemoteTestNG.run(AbstractRemoteTestNG.java:114)
	at org.testng.remote.RemoteTestNG.initAndRun(RemoteTestNG.java:251)
	at org.testng.remote.RemoteTestNG.main(RemoteTestNG.java:77)
</stack-trace>
            </failure>
            <steps/>
            <attachments/>
            <labels>
                <label name="story" value="LA Traditional Case (STP Pass)"/>
                <label name="host" value="MONO-HYD-LAP-14"/>
                <label name="thread" value="16044@MONO-HYD-LAP-14.main(1)"/>
            </labels>
        </test-case>
        <test-case start="1537645262520" stop="1537645262520" status="canceled">
            <name>selectDispatch</name>
            <title>DispatchMode bucket</title>
            <description type="text">Search with application number and submit</description>
            <failure>
                <message>: Skipped due to dependency on other skipped or failed test methods</message>
                <stack-trace>ru.yandex.qatools.allure.testng.AllureTestListener$1: Skipped due to dependency on other skipped or failed test methods
	at ru.yandex.qatools.allure.testng.AllureTestListener.fireTestCaseCancel(AllureTestListener.java:366)
	at ru.yandex.qatools.allure.testng.AllureTestListener.onTestSkipped(AllureTestListener.java:181)
	at org.testng.internal.TestListenerHelper.runTestListeners(TestListenerHelper.java:61)
	at org.testng.internal.Invoker.runTestListeners(Invoker.java:1388)
	at org.testng.internal.Invoker.registerSkippedTestResult(Invoker.java:1062)
	at org.testng.internal.Invoker.invokeTestMethods(Invoker.java:887)
	at org.testng.internal.TestMethodWorker.invokeTestMethods(TestMethodWorker.java:125)
	at org.testng.internal.TestMethodWorker.run(TestMethodWorker.java:109)
	at org.testng.TestRunner.privateRun(TestRunner.java:648)
	at org.testng.TestRunner.run(TestRunner.java:505)
	at org.testng.SuiteRunner.runTest(SuiteRunner.java:455)
	at org.testng.SuiteRunner.runSequentially(SuiteRunner.java:450)
	at org.testng.SuiteRunner.privateRun(SuiteRunner.java:415)
	at org.testng.SuiteRunner.run(SuiteRunner.java:364)
	at org.testng.SuiteRunnerWorker.runSuite(SuiteRunnerWorker.java:52)
	at org.testng.SuiteRunnerWorker.run(SuiteRunnerWorker.java:84)
	at org.testng.TestNG.runSuitesSequentially(TestNG.java:1208)
	at org.testng.TestNG.runSuitesLocally(TestNG.java:1137)
	at org.testng.TestNG.runSuites(TestNG.java:1049)
	at org.testng.TestNG.run(TestNG.java:1017)
	at org.testng.remote.AbstractRemoteTestNG.run(AbstractRemoteTestNG.java:114)
	at org.testng.remote.RemoteTestNG.initAndRun(RemoteTestNG.java:251)
	at org.testng.remote.RemoteTestNG.main(RemoteTestNG.java:77)
</stack-trace>
            </failure>
            <steps/>
            <attachments/>
            <labels>
                <label name="story" value="LA Traditional Case (STP Pass)"/>
                <label name="host" value="MONO-HYD-LAP-14"/>
                <label name="thread" value="16044@MONO-HYD-LAP-14.main(1)"/>
            </labels>
        </test-case>
        <test-case start="1537645262525" stop="1537645262525" status="canceled">
            <name>scanAndIndex</name>
            <title>Scan and Index bucket</title>
            <description type="text">Search with application number and upload requiered documents and submit</description>
            <failure>
                <message>: Skipped due to dependency on other skipped or failed test methods</message>
                <stack-trace>ru.yandex.qatools.allure.testng.AllureTestListener$1: Skipped due to dependency on other skipped or failed test methods
	at ru.yandex.qatools.allure.testng.AllureTestListener.fireTestCaseCancel(AllureTestListener.java:366)
	at ru.yandex.qatools.allure.testng.AllureTestListener.onTestSkipped(AllureTestListener.java:181)
	at org.testng.internal.TestListenerHelper.runTestListeners(TestListenerHelper.java:61)
	at org.testng.internal.Invoker.runTestListeners(Invoker.java:1388)
	at org.testng.internal.Invoker.registerSkippedTestResult(Invoker.java:1062)
	at org.testng.internal.Invoker.invokeTestMethods(Invoker.java:887)
	at org.testng.internal.TestMethodWorker.invokeTestMethods(TestMethodWorker.java:125)
	at org.testng.internal.TestMethodWorker.run(TestMethodWorker.java:109)
	at org.testng.TestRunner.privateRun(TestRunner.java:648)
	at org.testng.TestRunner.run(TestRunner.java:505)
	at org.testng.SuiteRunner.runTest(SuiteRunner.java:455)
	at org.testng.SuiteRunner.runSequentially(SuiteRunner.java:450)
	at org.testng.SuiteRunner.privateRun(SuiteRunner.java:415)
	at org.testng.SuiteRunner.run(SuiteRunner.java:364)
	at org.testng.SuiteRunnerWorker.runSuite(SuiteRunnerWorker.java:52)
	at org.testng.SuiteRunnerWorker.run(SuiteRunnerWorker.java:84)
	at org.testng.TestNG.runSuitesSequentially(TestNG.java:1208)
	at org.testng.TestNG.runSuitesLocally(TestNG.java:1137)
	at org.testng.TestNG.runSuites(TestNG.java:1049)
	at org.testng.TestNG.run(TestNG.java:1017)
	at org.testng.remote.AbstractRemoteTestNG.run(AbstractRemoteTestNG.java:114)
	at org.testng.remote.RemoteTestNG.initAndRun(RemoteTestNG.java:251)
	at org.testng.remote.RemoteTestNG.main(RemoteTestNG.java:77)
</stack-trace>
            </failure>
            <steps/>
            <attachments/>
            <labels>
                <label name="story" value="LA Traditional Case (STP Pass)"/>
                <label name="host" value="MONO-HYD-LAP-14"/>
                <label name="thread" value="16044@MONO-HYD-LAP-14.main(1)"/>
            </labels>
        </test-case>
        <test-case start="1537645262527" stop="1537645262528" status="canceled">
            <name>copsInwardBucket</name>
            <title>Cops inward bucket</title>
            <description type="text">Search with application number and submit</description>
            <failure>
                <message>: Skipped due to dependency on other skipped or failed test methods</message>
                <stack-trace>ru.yandex.qatools.allure.testng.AllureTestListener$1: Skipped due to dependency on other skipped or failed test methods
	at ru.yandex.qatools.allure.testng.AllureTestListener.fireTestCaseCancel(AllureTestListener.java:366)
	at ru.yandex.qatools.allure.testng.AllureTestListener.onTestSkipped(AllureTestListener.java:181)
	at org.testng.internal.TestListenerHelper.runTestListeners(TestListenerHelper.java:61)
	at org.testng.internal.Invoker.runTestListeners(Invoker.java:1388)
	at org.testng.internal.Invoker.registerSkippedTestResult(Invoker.java:1062)
	at org.testng.internal.Invoker.invokeTestMethods(Invoker.java:887)
	at org.testng.internal.TestMethodWorker.invokeTestMethods(TestMethodWorker.java:125)
	at org.testng.internal.TestMethodWorker.run(TestMethodWorker.java:109)
	at org.testng.TestRunner.privateRun(TestRunner.java:648)
	at org.testng.TestRunner.run(TestRunner.java:505)
	at org.testng.SuiteRunner.runTest(SuiteRunner.java:455)
	at org.testng.SuiteRunner.runSequentially(SuiteRunner.java:450)
	at org.testng.SuiteRunner.privateRun(SuiteRunner.java:415)
	at org.testng.SuiteRunner.run(SuiteRunner.java:364)
	at org.testng.SuiteRunnerWorker.runSuite(SuiteRunnerWorker.java:52)
	at org.testng.SuiteRunnerWorker.run(SuiteRunnerWorker.java:84)
	at org.testng.TestNG.runSuitesSequentially(TestNG.java:1208)
	at org.testng.TestNG.runSuitesLocally(TestNG.java:1137)
	at org.testng.TestNG.runSuites(TestNG.java:1049)
	at org.testng.TestNG.run(TestNG.java:1017)
	at org.testng.remote.AbstractRemoteTestNG.run(AbstractRemoteTestNG.java:114)
	at org.testng.remote.RemoteTestNG.initAndRun(RemoteTestNG.java:251)
	at org.testng.remote.RemoteTestNG.main(RemoteTestNG.java:77)
</stack-trace>
            </failure>
            <steps/>
            <attachments/>
            <labels>
                <label name="story" value="LA Traditional Case (STP Pass)"/>
                <label name="host" value="MONO-HYD-LAP-14"/>
                <label name="thread" value="16044@MONO-HYD-LAP-14.main(1)"/>
            </labels>
        </test-case>
        <test-case start="1537645262530" stop="1537645262531" status="canceled">
            <name>nbsDataEntry</name>
            <title>NBS data entry bucket</title>
            <description type="text">Search with application number and enter all the requiered data and submit</description>
            <failure>
                <message>: Skipped due to dependency on other skipped or failed test methods</message>
                <stack-trace>ru.yandex.qatools.allure.testng.AllureTestListener$1: Skipped due to dependency on other skipped or failed test methods
	at ru.yandex.qatools.allure.testng.AllureTestListener.fireTestCaseCancel(AllureTestListener.java:366)
	at ru.yandex.qatools.allure.testng.AllureTestListener.onTestSkipped(AllureTestListener.java:181)
	at org.testng.internal.TestListenerHelper.runTestListeners(TestListenerHelper.java:61)
	at org.testng.internal.Invoker.runTestListeners(Invoker.java:1388)
	at org.testng.internal.Invoker.registerSkippedTestResult(Invoker.java:1062)
	at org.testng.internal.Invoker.invokeTestMethods(Invoker.java:887)
	at org.testng.internal.TestMethodWorker.invokeTestMethods(TestMethodWorker.java:125)
	at org.testng.internal.TestMethodWorker.run(TestMethodWorker.java:109)
	at org.testng.TestRunner.privateRun(TestRunner.java:648)
	at org.testng.TestRunner.run(TestRunner.java:505)
	at org.testng.SuiteRunner.runTest(SuiteRunner.java:455)
	at org.testng.SuiteRunner.runSequentially(SuiteRunner.java:450)
	at org.testng.SuiteRunner.privateRun(SuiteRunner.java:415)
	at org.testng.SuiteRunner.run(SuiteRunner.java:364)
	at org.testng.SuiteRunnerWorker.runSuite(SuiteRunnerWorker.java:52)
	at org.testng.SuiteRunnerWorker.run(SuiteRunnerWorker.java:84)
	at org.testng.TestNG.runSuitesSequentially(TestNG.java:1208)
	at org.testng.TestNG.runSuitesLocally(TestNG.java:1137)
	at org.testng.TestNG.runSuites(TestNG.java:1049)
	at org.testng.TestNG.run(TestNG.java:1017)
	at org.testng.remote.AbstractRemoteTestNG.run(AbstractRemoteTestNG.java:114)
	at org.testng.remote.RemoteTestNG.initAndRun(RemoteTestNG.java:251)
	at org.testng.remote.RemoteTestNG.main(RemoteTestNG.java:77)
</stack-trace>
            </failure>
            <steps/>
            <attachments/>
            <labels>
                <label name="story" value="LA Traditional Case (STP Pass)"/>
                <label name="host" value="MONO-HYD-LAP-14"/>
                <label name="thread" value="16044@MONO-HYD-LAP-14.main(1)"/>
            </labels>
        </test-case>
        <test-case start="1537645262538" stop="1537645262538" status="canceled">
            <name>copsQc</name>
            <title>CopsQC bucket</title>
            <description type="text">Search with application number and Verify all the NBS data entered correctly </description>
            <failure>
                <message>: Skipped due to dependency on other skipped or failed test methods</message>
                <stack-trace>ru.yandex.qatools.allure.testng.AllureTestListener$1: Skipped due to dependency on other skipped or failed test methods
	at ru.yandex.qatools.allure.testng.AllureTestListener.fireTestCaseCancel(AllureTestListener.java:366)
	at ru.yandex.qatools.allure.testng.AllureTestListener.onTestSkipped(AllureTestListener.java:181)
	at org.testng.internal.TestListenerHelper.runTestListeners(TestListenerHelper.java:61)
	at org.testng.internal.Invoker.runTestListeners(Invoker.java:1388)
	at org.testng.internal.Invoker.registerSkippedTestResult(Invoker.java:1062)
	at org.testng.internal.Invoker.invokeTestMethods(Invoker.java:887)
	at org.testng.internal.TestMethodWorker.invokeTestMethods(TestMethodWorker.java:125)
	at org.testng.internal.TestMethodWorker.run(TestMethodWorker.java:109)
	at org.testng.TestRunner.privateRun(TestRunner.java:648)
	at org.testng.TestRunner.run(TestRunner.java:505)
	at org.testng.SuiteRunner.runTest(SuiteRunner.java:455)
	at org.testng.SuiteRunner.runSequentially(SuiteRunner.java:450)
	at org.testng.SuiteRunner.privateRun(SuiteRunner.java:415)
	at org.testng.SuiteRunner.run(SuiteRunner.java:364)
	at org.testng.SuiteRunnerWorker.runSuite(SuiteRunnerWorker.java:52)
	at org.testng.SuiteRunnerWorker.run(SuiteRunnerWorker.java:84)
	at org.testng.TestNG.runSuitesSequentially(TestNG.java:1208)
	at org.testng.TestNG.runSuitesLocally(TestNG.java:1137)
	at org.testng.TestNG.runSuites(TestNG.java:1049)
	at org.testng.TestNG.run(TestNG.java:1017)
	at org.testng.remote.AbstractRemoteTestNG.run(AbstractRemoteTestNG.java:114)
	at org.testng.remote.RemoteTestNG.initAndRun(RemoteTestNG.java:251)
	at org.testng.remote.RemoteTestNG.main(RemoteTestNG.java:77)
</stack-trace>
            </failure>
            <steps/>
            <attachments/>
            <labels>
                <label name="story" value="LA Traditional Case (STP Pass)"/>
                <label name="host" value="MONO-HYD-LAP-14"/>
                <label name="thread" value="16044@MONO-HYD-LAP-14.main(1)"/>
            </labels>
        </test-case>
        <test-case start="1537645262541" stop="1537645262541" status="canceled">
            <name>applicationTracker</name>
            <title>Application Tracker bucket </title>
            <description type="text">Search with application number and wait for realization </description>
            <failure>
                <message>: Skipped due to dependency on other skipped or failed test methods</message>
                <stack-trace>ru.yandex.qatools.allure.testng.AllureTestListener$1: Skipped due to dependency on other skipped or failed test methods
	at ru.yandex.qatools.allure.testng.AllureTestListener.fireTestCaseCancel(AllureTestListener.java:366)
	at ru.yandex.qatools.allure.testng.AllureTestListener.onTestSkipped(AllureTestListener.java:181)
	at org.testng.internal.TestListenerHelper.runTestListeners(TestListenerHelper.java:61)
	at org.testng.internal.Invoker.runTestListeners(Invoker.java:1388)
	at org.testng.internal.Invoker.registerSkippedTestResult(Invoker.java:1062)
	at org.testng.internal.Invoker.invokeTestMethods(Invoker.java:887)
	at org.testng.internal.TestMethodWorker.invokeTestMethods(TestMethodWorker.java:125)
	at org.testng.internal.TestMethodWorker.run(TestMethodWorker.java:109)
	at org.testng.TestRunner.privateRun(TestRunner.java:648)
	at org.testng.TestRunner.run(TestRunner.java:505)
	at org.testng.SuiteRunner.runTest(SuiteRunner.java:455)
	at org.testng.SuiteRunner.runSequentially(SuiteRunner.java:450)
	at org.testng.SuiteRunner.privateRun(SuiteRunner.java:415)
	at org.testng.SuiteRunner.run(SuiteRunner.java:364)
	at org.testng.SuiteRunnerWorker.runSuite(SuiteRunnerWorker.java:52)
	at org.testng.SuiteRunnerWorker.run(SuiteRunnerWorker.java:84)
	at org.testng.TestNG.runSuitesSequentially(TestNG.java:1208)
	at org.testng.TestNG.runSuitesLocally(TestNG.java:1137)
	at org.testng.TestNG.runSuites(TestNG.java:1049)
	at org.testng.TestNG.run(TestNG.java:1017)
	at org.testng.remote.AbstractRemoteTestNG.run(AbstractRemoteTestNG.java:114)
	at org.testng.remote.RemoteTestNG.initAndRun(RemoteTestNG.java:251)
	at org.testng.remote.RemoteTestNG.main(RemoteTestNG.java:77)
</stack-trace>
            </failure>
            <steps/>
            <attachments/>
            <labels>
                <label name="story" value="LA Traditional Case (STP Pass)"/>
                <label name="host" value="MONO-HYD-LAP-14"/>
                <label name="thread" value="16044@MONO-HYD-LAP-14.main(1)"/>
            </labels>
        </test-case>
        <test-case start="1537645262543" stop="1537645262544" status="canceled">
            <name>proposalEnquiry</name>
            <title>Proposal enquiry and Receipt details bucket</title>
            <description type="text">Search with application number and get the receipt details with receipt No. for realization</description>
            <failure>
                <message>: Skipped due to dependency on other skipped or failed test methods</message>
                <stack-trace>ru.yandex.qatools.allure.testng.AllureTestListener$1: Skipped due to dependency on other skipped or failed test methods
	at ru.yandex.qatools.allure.testng.AllureTestListener.fireTestCaseCancel(AllureTestListener.java:366)
	at ru.yandex.qatools.allure.testng.AllureTestListener.onTestSkipped(AllureTestListener.java:181)
	at org.testng.internal.TestListenerHelper.runTestListeners(TestListenerHelper.java:61)
	at org.testng.internal.Invoker.runTestListeners(Invoker.java:1388)
	at org.testng.internal.Invoker.registerSkippedTestResult(Invoker.java:1062)
	at org.testng.internal.Invoker.invokeTestMethods(Invoker.java:887)
	at org.testng.internal.TestMethodWorker.invokeTestMethods(TestMethodWorker.java:125)
	at org.testng.internal.TestMethodWorker.run(TestMethodWorker.java:109)
	at org.testng.TestRunner.privateRun(TestRunner.java:648)
	at org.testng.TestRunner.run(TestRunner.java:505)
	at org.testng.SuiteRunner.runTest(SuiteRunner.java:455)
	at org.testng.SuiteRunner.runSequentially(SuiteRunner.java:450)
	at org.testng.SuiteRunner.privateRun(SuiteRunner.java:415)
	at org.testng.SuiteRunner.run(SuiteRunner.java:364)
	at org.testng.SuiteRunnerWorker.runSuite(SuiteRunnerWorker.java:52)
	at org.testng.SuiteRunnerWorker.run(SuiteRunnerWorker.java:84)
	at org.testng.TestNG.runSuitesSequentially(TestNG.java:1208)
	at org.testng.TestNG.runSuitesLocally(TestNG.java:1137)
	at org.testng.TestNG.runSuites(TestNG.java:1049)
	at org.testng.TestNG.run(TestNG.java:1017)
	at org.testng.remote.AbstractRemoteTestNG.run(AbstractRemoteTestNG.java:114)
	at org.testng.remote.RemoteTestNG.initAndRun(RemoteTestNG.java:251)
	at org.testng.remote.RemoteTestNG.main(RemoteTestNG.java:77)
</stack-trace>
            </failure>
            <steps/>
            <attachments/>
            <labels>
                <label name="story" value="LA Traditional Case (STP Pass)"/>
                <label name="host" value="MONO-HYD-LAP-14"/>
                <label name="thread" value="16044@MONO-HYD-LAP-14.main(1)"/>
            </labels>
        </test-case>
    </test-cases>
    <labels>
        <label name="framework" value="TestNG"/>
        <label name="language" value="JAVA"/>
    </labels>
</ns2:test-suite>
