<?xml version="1.0" encoding="UTF-8" standalone="yes"?>
<ns2:test-suite start="1537721493898" stop="1537721570150" version="1.4.16" xmlns:ns2="urn:model.allure.qatools.yandex.ru">
    <name>Suite : TestLASTPPass</name>
    <title>Suite : TestLASTPPass</title>
    <test-cases>
        <test-case start="1537721501301" stop="1537721550168" status="passed">
            <name>selectNBSBranchInward</name>
            <title>Select Branch Inword bucket and fill the data</title>
            <description type="text">Select BranchInward and fill the data then click on submit </description>
            <steps>
                <step start="1537721494120" stop="1537721494120" status="passed">
                    <name>logStep[User Selected Chrome Browser to execute]</name>
                    <title>User Selected Chrome Browser to execute</title>
                    <attachments/>
                    <steps/>
                </step>
                <step start="1537721497885" stop="1537721497885" status="passed">
                    <name>logStep[chrome  Browser launched]</name>
                    <title>chrome  Browser launched</title>
                    <attachments/>
                    <steps/>
                </step>
                <step start="1537721501029" stop="1537721501029" status="passed">
                    <name>logStep[Url entered : http://10.50.46.80/home/dpli/insurance/DPLIIndex3.htm#/NBbranchInward]</name>
                    <title>Url entered : http://10.50.46.80/home/dpli/insurance/DPLIIndex3.htm#/NBbranchInward</title>
                    <attachments/>
                    <steps/>
                </step>
                <step start="1537721502851" stop="1537721502851" status="passed">
                    <name>logStep[Sheet Name not matched with test data]</name>
                    <title>Sheet Name not matched with test data</title>
                    <attachments/>
                    <steps/>
                </step>
                <step start="1537721505107" stop="1537721505107" status="passed">
                    <name>logStep[User entered Username]</name>
                    <title>User entered Username</title>
                    <attachments/>
                    <steps/>
                </step>
                <step start="1537721505189" stop="1537721505189" status="passed">
                    <name>logStep[User entered Username]</name>
                    <title>User entered Username</title>
                    <attachments/>
                    <steps/>
                </step>
                <step start="1537721505190" stop="1537721505190" status="passed">
                    <name>logStep[Taking screenshot : Login Page]</name>
                    <title>Taking screenshot : Login Page</title>
                    <attachments/>
                    <steps/>
                </step>
                <step start="1537721505584" stop="1537721505584" status="passed">
                    <name>logStep[User entered UserName / Password ]</name>
                    <title>User entered UserName / Password </title>
                    <attachments/>
                    <steps/>
                </step>
                <step start="1537721505687" stop="1537721505687" status="passed">
                    <name>logStep[User clicked on Login button]</name>
                    <title>User clicked on Login button</title>
                    <attachments/>
                    <steps/>
                </step>
                <step start="1537721513986" stop="1537721513986" status="passed">
                    <name>logStep[Clicked on Branch Inward from NBS ]</name>
                    <title>Clicked on Branch Inward from NBS </title>
                    <attachments/>
                    <steps/>
                </step>
                <step start="1537721514085" stop="1537721514085" status="passed">
                    <name>logStep[Sheet Name not matched with test data]</name>
                    <title>Sheet Name not matched with test data</title>
                    <attachments/>
                    <steps/>
                </step>
                <step start="1537721514086" stop="1537721514086" status="passed">
                    <name>logStep[Sheet Name not matched with test data]</name>
                    <title>Sheet Name not matched with test data</title>
                    <attachments/>
                    <steps/>
                </step>
                <step start="1537721514198" stop="1537721514198" status="passed">
                    <name>logStep[Random Proposal number generated: MNB8189102]</name>
                    <title>Random Proposal number generated: MNB8189102</title>
                    <attachments/>
                    <steps/>
                </step>
                <step start="1537721515463" stop="1537721515463" status="passed">
                    <name>logStep[Selected Agent ]</name>
                    <title>Selected Agent </title>
                    <attachments/>
                    <steps/>
                </step>
                <step start="1537721516792" stop="1537721516792" status="passed">
                    <name>logStep[Selected option is : Agent Code]</name>
                    <title>Selected option is : Agent Code</title>
                    <attachments/>
                    <steps/>
                </step>
                <step start="1537721516943" stop="1537721516943" status="passed">
                    <name>logStep[Enter data :70031411]</name>
                    <title>Enter data :70031411</title>
                    <attachments/>
                    <steps/>
                </step>
                <step start="1537721517003" stop="1537721517003" status="passed">
                    <name>logStep[Clicked on search button]</name>
                    <title>Clicked on search button</title>
                    <attachments/>
                    <steps/>
                </step>
                <step start="1537721519735" stop="1537721519735" status="passed">
                    <name>logStep[Selected option is : Ms.]</name>
                    <title>Selected option is : Ms.</title>
                    <attachments/>
                    <steps/>
                </step>
                <step start="1537721519863" stop="1537721519863" status="passed">
                    <name>logStep[Enter data :Bhavishya]</name>
                    <title>Enter data :Bhavishya</title>
                    <attachments/>
                    <steps/>
                </step>
                <step start="1537721520239" stop="1537721520239" status="passed">
                    <name>logStep[Selected option is : Telangana]</name>
                    <title>Selected option is : Telangana</title>
                    <attachments/>
                    <steps/>
                </step>
                <step start="1537721521763" stop="1537721521763" status="passed">
                    <name>logStep[Enter data :9290851186]</name>
                    <title>Enter data :9290851186</title>
                    <attachments/>
                    <steps/>
                </step>
                <step start="1537721521943" stop="1537721521943" status="passed">
                    <name>logStep[Selected option is : Adhaar card]</name>
                    <title>Selected option is : Adhaar card</title>
                    <attachments/>
                    <steps/>
                </step>
                <step start="1537721526879" stop="1537721526879" status="passed">
                    <name>logStep[Selected option is : Non Smoker]</name>
                    <title>Selected option is : Non Smoker</title>
                    <attachments/>
                    <steps/>
                </step>
                <step start="1537721527058" stop="1537721527058" status="passed">
                    <name>logStep[Selected option is : Female]</name>
                    <title>Selected option is : Female</title>
                    <attachments/>
                    <steps/>
                </step>
                <step start="1537721527432" stop="1537721527432" status="passed">
                    <name>logStep[Selected option is : Smart Assure]</name>
                    <title>Selected option is : Smart Assure</title>
                    <attachments/>
                    <steps/>
                </step>
                <step start="1537721527740" stop="1537721527740" status="passed">
                    <name>logStep[Selected option is : 10]</name>
                    <title>Selected option is : 10</title>
                    <attachments/>
                    <steps/>
                </step>
                <step start="1537721527970" stop="1537721527970" status="passed">
                    <name>logStep[Selected option is : 5]</name>
                    <title>Selected option is : 5</title>
                    <attachments/>
                    <steps/>
                </step>
                <step start="1537721528156" stop="1537721528156" status="passed">
                    <name>logStep[Selected option is : Annually]</name>
                    <title>Selected option is : Annually</title>
                    <attachments/>
                    <steps/>
                </step>
                <step start="1537721528341" stop="1537721528341" status="passed">
                    <name>logStep[Selected option is : Sum Assured]</name>
                    <title>Selected option is : Sum Assured</title>
                    <attachments/>
                    <steps/>
                </step>
                <step start="1537721528457" stop="1537721528457" status="passed">
                    <name>logStep[Enter data :100,000]</name>
                    <title>Enter data :100,000</title>
                    <attachments/>
                    <steps/>
                </step>
                <step start="1537721534603" stop="1537721534603" status="passed">
                    <name>logStep[Click on Next button ]</name>
                    <title>Click on Next button </title>
                    <attachments/>
                    <steps/>
                </step>
                <step start="1537721534604" stop="1537721534604" status="passed">
                    <name>logStep[Clicked on GetQuote button]</name>
                    <title>Clicked on GetQuote button</title>
                    <attachments/>
                    <steps/>
                </step>
                <step start="1537721534606" stop="1537721534606" status="passed">
                    <name>logStep[Taking screenshot]</name>
                    <title>Taking screenshot</title>
                    <attachments/>
                    <steps/>
                </step>
                <step start="1537721535227" stop="1537721535227" status="passed">
                    <name>logStep[Quote details saved successfully]</name>
                    <title>Quote details saved successfully</title>
                    <attachments/>
                    <steps/>
                </step>
                <step start="1537721535375" stop="1537721535375" status="passed">
                    <name>logStep[Entered text is :18,945]</name>
                    <title>Entered text is :18,945</title>
                    <attachments/>
                    <steps/>
                </step>
                <step start="1537721537558" stop="1537721537558" status="passed">
                    <name>logStep[Click on Next button ]</name>
                    <title>Click on Next button </title>
                    <attachments/>
                    <steps/>
                </step>
                <step start="1537721537559" stop="1537721537559" status="passed">
                    <name>logStep[Clicked on GetRequirement button]</name>
                    <title>Clicked on GetRequirement button</title>
                    <attachments/>
                    <steps/>
                </step>
                <step start="1537721543939" stop="1537721543939" status="passed">
                    <name>logStep[Click on Next button ]</name>
                    <title>Click on Next button </title>
                    <attachments/>
                    <steps/>
                </step>
                <step start="1537721543939" stop="1537721543939" status="passed">
                    <name>logStep[Clicked on InwardComplete button]</name>
                    <title>Clicked on InwardComplete button</title>
                    <attachments/>
                    <steps/>
                </step>
                <step start="1537721543940" stop="1537721543940" status="passed">
                    <name>logStep[Taking screenshot]</name>
                    <title>Taking screenshot</title>
                    <attachments/>
                    <steps/>
                </step>
                <step start="1537721546297" stop="1537721546297" status="passed">
                    <name>logStep[Taking screenshot]</name>
                    <title>Taking screenshot</title>
                    <attachments/>
                    <steps/>
                </step>
                <step start="1537721549796" stop="1537721549796" status="passed">
                    <name>logStep[Click on Next button ]</name>
                    <title>Click on Next button </title>
                    <attachments/>
                    <steps/>
                </step>
                <step start="1537721549798" stop="1537721549798" status="passed">
                    <name>logStep[clicked on Yes proceed button]</name>
                    <title>clicked on Yes proceed button</title>
                    <attachments/>
                    <steps/>
                </step>
                <step start="1537721549852" stop="1537721549852" status="passed">
                    <name>logStep[message : -- Inward for Proposal No. MNB8189102 is in processing, Please check after some time]</name>
                    <title>message : -- Inward for Proposal No. MNB8189102 is in processing, Please check after some time</title>
                    <attachments/>
                    <steps/>
                </step>
                <step start="1537721549853" stop="1537721549853" status="passed">
                    <name>logStep[Taking screenshot]</name>
                    <title>Taking screenshot</title>
                    <attachments/>
                    <steps/>
                </step>
                <step start="1537721550163" stop="1537721550163" status="passed">
                    <name>logStep[Clicked on OK button]</name>
                    <title>Clicked on OK button</title>
                    <attachments/>
                    <steps/>
                </step>
            </steps>
            <attachments>
                <attachment title="Screenshot" source="db9d8f95-b886-407e-bd43-cc22af6dad50-attachment.png" type="image/png"/>
                <attachment title="Screenshot" source="ac767889-25be-400a-ae6c-2a4148edc815-attachment.png" type="image/png"/>
                <attachment title="Screenshot" source="7baf0545-23e3-4699-84df-7b8c424ef17c-attachment.png" type="image/png"/>
                <attachment title="Screenshot" source="b6e48090-6915-4b01-b5d1-d9031c85e655-attachment.png" type="image/png"/>
                <attachment title="Screenshot" source="6cea9b8b-73c4-4131-9161-876f97daece6-attachment.png" type="image/png"/>
            </attachments>
            <labels>
                <label name="story" value="LA Traditional Case (STP Pass)"/>
                <label name="host" value="MONO-HYD-LAP-14"/>
                <label name="thread" value="11328@MONO-HYD-LAP-14.main(1)"/>
            </labels>
        </test-case>
        <test-case start="1537721550175" stop="1537721569228" status="failed">
            <name>submitReciept</name>
            <title>Submit Receipt Bucket</title>
            <description type="text">Search with application number in Receipt and fill requierd data and submit </description>
            <failure>
                <message>AssertionError: null</message>
                <stack-trace>java.lang.AssertionError
	at org.junit.Assert.fail(Assert.java:92)
	at pageObjectClasses.ProposalDetails.fillInstrumentDetails(ProposalDetails.java:191)
	at Cosmos_Testcases.LATraditionalstppass.submitReciept(LATraditionalstppass.java:98)
	at sun.reflect.NativeMethodAccessorImpl.invoke0(Native Method)
	at sun.reflect.NativeMethodAccessorImpl.invoke(NativeMethodAccessorImpl.java:62)
	at sun.reflect.DelegatingMethodAccessorImpl.invoke(DelegatingMethodAccessorImpl.java:43)
	at java.lang.reflect.Method.invoke(Method.java:498)
	at org.testng.internal.MethodInvocationHelper.invokeMethod(MethodInvocationHelper.java:124)
	at org.testng.internal.Invoker.invokeMethod(Invoker.java:580)
	at org.testng.internal.Invoker.invokeTestMethod(Invoker.java:716)
	at org.testng.internal.Invoker.invokeTestMethods(Invoker.java:988)
	at org.testng.internal.TestMethodWorker.invokeTestMethods(TestMethodWorker.java:125)
	at org.testng.internal.TestMethodWorker.run(TestMethodWorker.java:109)
	at org.testng.TestRunner.privateRun(TestRunner.java:648)
	at org.testng.TestRunner.run(TestRunner.java:505)
	at org.testng.SuiteRunner.runTest(SuiteRunner.java:455)
	at org.testng.SuiteRunner.runSequentially(SuiteRunner.java:450)
	at org.testng.SuiteRunner.privateRun(SuiteRunner.java:415)
	at org.testng.SuiteRunner.run(SuiteRunner.java:364)
	at org.testng.SuiteRunnerWorker.runSuite(SuiteRunnerWorker.java:52)
	at org.testng.SuiteRunnerWorker.run(SuiteRunnerWorker.java:84)
	at org.testng.TestNG.runSuitesSequentially(TestNG.java:1208)
	at org.testng.TestNG.runSuitesLocally(TestNG.java:1137)
	at org.testng.TestNG.runSuites(TestNG.java:1049)
	at org.testng.TestNG.run(TestNG.java:1017)
	at org.testng.remote.AbstractRemoteTestNG.run(AbstractRemoteTestNG.java:114)
	at org.testng.remote.RemoteTestNG.initAndRun(RemoteTestNG.java:251)
	at org.testng.remote.RemoteTestNG.main(RemoteTestNG.java:77)
</stack-trace>
            </failure>
            <steps>
                <step start="1537721552701" stop="1537721552701" status="passed">
                    <name>logStep[Taking screenshot]</name>
                    <title>Taking screenshot</title>
                </step>
                <step start="1537721552977" stop="1537721552977" status="passed">
                    <name>logStep[Clicked on inbox button for selecting : inBox]</name>
                    <title>Clicked on inbox button for selecting : inBox</title>
                </step>
                <step start="1537721555125" stop="1537721555125" status="passed">
                    <name>logStep[clicked on : Receipt]</name>
                    <title>clicked on : Receipt</title>
                </step>
                <step start="1537721555126" stop="1537721555126" status="passed">
                    <name>logStep[Taking screenshot]</name>
                    <title>Taking screenshot</title>
                </step>
                <step start="1537721562053" stop="1537721562053" status="passed">
                    <name>logStep[Entered text is :MNB8189102]</name>
                    <title>Entered text is :MNB8189102</title>
                </step>
                <step start="1537721564275" stop="1537721564275" status="passed">
                    <name>logStep[Clicked on Proposal numMNB8189102]</name>
                    <title>Clicked on Proposal numMNB8189102</title>
                </step>
                <step start="1537721566600" stop="1537721566600" status="passed">
                    <name>logStep[Selected Branch is : HO]</name>
                    <title>Selected Branch is : HO</title>
                </step>
                <step start="1537721568865" stop="1537721568865" status="passed">
                    <name>logStep[Selected option is : HO - SBI]</name>
                    <title>Selected option is : HO - SBI</title>
                </step>
                <step start="1537721568956" stop="1537721568956" status="passed">
                    <name>logStep[Clicked on AddInstrument button]</name>
                    <title>Clicked on AddInstrument button</title>
                </step>
                <step start="1537721569063" stop="1537721569063" status="passed">
                    <name>logStep[Sheet Name not matched with test data]</name>
                    <title>Sheet Name not matched with test data</title>
                </step>
                <step start="1537721569064" stop="1537721569064" status="passed">
                    <name>logStep[Sheet Name not matched with test data]</name>
                    <title>Sheet Name not matched with test data</title>
                </step>
                <step start="1537721569065" stop="1537721569065" status="passed">
                    <name>logStep[Sheet Name not matched with test data]</name>
                    <title>Sheet Name not matched with test data</title>
                </step>
                <step start="1537721569066" stop="1537721569066" status="passed">
                    <name>logStep[Sheet Name not matched with test data]</name>
                    <title>Sheet Name not matched with test data</title>
                </step>
                <step start="1537721569068" stop="1537721569068" status="passed">
                    <name>logStep[Sheet Name not matched with test data]</name>
                    <title>Sheet Name not matched with test data</title>
                </step>
                <step start="1537721569070" stop="1537721569070" status="passed">
                    <name>logStep[Sheet Name not matched with test data]</name>
                    <title>Sheet Name not matched with test data</title>
                </step>
                <step start="1537721569073" stop="1537721569073" status="passed">
                    <name>logStep[Sheet Name not matched with test data]</name>
                    <title>Sheet Name not matched with test data</title>
                </step>
                <step start="1537721569074" stop="1537721569074" status="passed">
                    <name>logStep[Sheet Name not matched with test data]</name>
                    <title>Sheet Name not matched with test data</title>
                </step>
                <step start="1537721569075" stop="1537721569075" status="passed">
                    <name>logStep[Sheet Name not matched with test data]</name>
                    <title>Sheet Name not matched with test data</title>
                </step>
                <step start="1537721569076" stop="1537721569076" status="passed">
                    <name>logStep[Sheet Name not matched with test data]</name>
                    <title>Sheet Name not matched with test data</title>
                </step>
                <step start="1537721569077" stop="1537721569077" status="passed">
                    <name>logStep[Sheet Name not matched with test data]</name>
                    <title>Sheet Name not matched with test data</title>
                </step>
                <step start="1537721569078" stop="1537721569078" status="passed">
                    <name>logStep[Sheet Name not matched with test data]</name>
                    <title>Sheet Name not matched with test data</title>
                </step>
                <step start="1537721569080" stop="1537721569080" status="passed">
                    <name>logStep[Sheet Name not matched with test data]</name>
                    <title>Sheet Name not matched with test data</title>
                </step>
            </steps>
            <attachments>
                <attachment title="Screenshot" source="60b862f6-bbcf-4efa-8123-917e8c019846-attachment.png" type="image/png"/>
                <attachment title="Screenshot" source="5aa2fb4d-6534-48a9-90b5-f94c4cc10716-attachment.png" type="image/png"/>
            </attachments>
            <labels>
                <label name="story" value="LA Traditional Case (STP Pass)"/>
                <label name="host" value="MONO-HYD-LAP-14"/>
                <label name="thread" value="11328@MONO-HYD-LAP-14.main(1)"/>
            </labels>
        </test-case>
        <test-case start="1537721569228" stop="1537721569228" status="canceled">
            <name>pendingBranchScrutny</name>
            <title>Pending brach scrytny bucket</title>
            <description type="text">Search with application number and Submit</description>
            <failure>
                <message>: Skipped due to dependency on other skipped or failed test methods</message>
                <stack-trace>ru.yandex.qatools.allure.testng.AllureTestListener$1: Skipped due to dependency on other skipped or failed test methods
	at ru.yandex.qatools.allure.testng.AllureTestListener.fireTestCaseCancel(AllureTestListener.java:366)
	at ru.yandex.qatools.allure.testng.AllureTestListener.onTestSkipped(AllureTestListener.java:181)
	at org.testng.internal.TestListenerHelper.runTestListeners(TestListenerHelper.java:61)
	at org.testng.internal.Invoker.runTestListeners(Invoker.java:1388)
	at org.testng.internal.Invoker.registerSkippedTestResult(Invoker.java:1062)
	at org.testng.internal.Invoker.invokeTestMethods(Invoker.java:887)
	at org.testng.internal.TestMethodWorker.invokeTestMethods(TestMethodWorker.java:125)
	at org.testng.internal.TestMethodWorker.run(TestMethodWorker.java:109)
	at org.testng.TestRunner.privateRun(TestRunner.java:648)
	at org.testng.TestRunner.run(TestRunner.java:505)
	at org.testng.SuiteRunner.runTest(SuiteRunner.java:455)
	at org.testng.SuiteRunner.runSequentially(SuiteRunner.java:450)
	at org.testng.SuiteRunner.privateRun(SuiteRunner.java:415)
	at org.testng.SuiteRunner.run(SuiteRunner.java:364)
	at org.testng.SuiteRunnerWorker.runSuite(SuiteRunnerWorker.java:52)
	at org.testng.SuiteRunnerWorker.run(SuiteRunnerWorker.java:84)
	at org.testng.TestNG.runSuitesSequentially(TestNG.java:1208)
	at org.testng.TestNG.runSuitesLocally(TestNG.java:1137)
	at org.testng.TestNG.runSuites(TestNG.java:1049)
	at org.testng.TestNG.run(TestNG.java:1017)
	at org.testng.remote.AbstractRemoteTestNG.run(AbstractRemoteTestNG.java:114)
	at org.testng.remote.RemoteTestNG.initAndRun(RemoteTestNG.java:251)
	at org.testng.remote.RemoteTestNG.main(RemoteTestNG.java:77)
</stack-trace>
            </failure>
            <steps/>
            <attachments/>
            <labels>
                <label name="story" value="LA Traditional Case (STP Pass)"/>
                <label name="host" value="MONO-HYD-LAP-14"/>
                <label name="thread" value="11328@MONO-HYD-LAP-14.main(1)"/>
            </labels>
        </test-case>
        <test-case start="1537721569228" stop="1537721569236" status="canceled">
            <name>selectDispatch</name>
            <title>DispatchMode bucket</title>
            <description type="text">Search with application number and submit</description>
            <failure>
                <message>: Skipped due to dependency on other skipped or failed test methods</message>
                <stack-trace>ru.yandex.qatools.allure.testng.AllureTestListener$1: Skipped due to dependency on other skipped or failed test methods
	at ru.yandex.qatools.allure.testng.AllureTestListener.fireTestCaseCancel(AllureTestListener.java:366)
	at ru.yandex.qatools.allure.testng.AllureTestListener.onTestSkipped(AllureTestListener.java:181)
	at org.testng.internal.TestListenerHelper.runTestListeners(TestListenerHelper.java:61)
	at org.testng.internal.Invoker.runTestListeners(Invoker.java:1388)
	at org.testng.internal.Invoker.registerSkippedTestResult(Invoker.java:1062)
	at org.testng.internal.Invoker.invokeTestMethods(Invoker.java:887)
	at org.testng.internal.TestMethodWorker.invokeTestMethods(TestMethodWorker.java:125)
	at org.testng.internal.TestMethodWorker.run(TestMethodWorker.java:109)
	at org.testng.TestRunner.privateRun(TestRunner.java:648)
	at org.testng.TestRunner.run(TestRunner.java:505)
	at org.testng.SuiteRunner.runTest(SuiteRunner.java:455)
	at org.testng.SuiteRunner.runSequentially(SuiteRunner.java:450)
	at org.testng.SuiteRunner.privateRun(SuiteRunner.java:415)
	at org.testng.SuiteRunner.run(SuiteRunner.java:364)
	at org.testng.SuiteRunnerWorker.runSuite(SuiteRunnerWorker.java:52)
	at org.testng.SuiteRunnerWorker.run(SuiteRunnerWorker.java:84)
	at org.testng.TestNG.runSuitesSequentially(TestNG.java:1208)
	at org.testng.TestNG.runSuitesLocally(TestNG.java:1137)
	at org.testng.TestNG.runSuites(TestNG.java:1049)
	at org.testng.TestNG.run(TestNG.java:1017)
	at org.testng.remote.AbstractRemoteTestNG.run(AbstractRemoteTestNG.java:114)
	at org.testng.remote.RemoteTestNG.initAndRun(RemoteTestNG.java:251)
	at org.testng.remote.RemoteTestNG.main(RemoteTestNG.java:77)
</stack-trace>
            </failure>
            <steps/>
            <attachments/>
            <labels>
                <label name="story" value="LA Traditional Case (STP Pass)"/>
                <label name="host" value="MONO-HYD-LAP-14"/>
                <label name="thread" value="11328@MONO-HYD-LAP-14.main(1)"/>
            </labels>
        </test-case>
        <test-case start="1537721569238" stop="1537721569238" status="canceled">
            <name>scanAndIndex</name>
            <title>Scan and Index bucket</title>
            <description type="text">Search with application number and upload requiered documents and submit</description>
            <failure>
                <message>: Skipped due to dependency on other skipped or failed test methods</message>
                <stack-trace>ru.yandex.qatools.allure.testng.AllureTestListener$1: Skipped due to dependency on other skipped or failed test methods
	at ru.yandex.qatools.allure.testng.AllureTestListener.fireTestCaseCancel(AllureTestListener.java:366)
	at ru.yandex.qatools.allure.testng.AllureTestListener.onTestSkipped(AllureTestListener.java:181)
	at org.testng.internal.TestListenerHelper.runTestListeners(TestListenerHelper.java:61)
	at org.testng.internal.Invoker.runTestListeners(Invoker.java:1388)
	at org.testng.internal.Invoker.registerSkippedTestResult(Invoker.java:1062)
	at org.testng.internal.Invoker.invokeTestMethods(Invoker.java:887)
	at org.testng.internal.TestMethodWorker.invokeTestMethods(TestMethodWorker.java:125)
	at org.testng.internal.TestMethodWorker.run(TestMethodWorker.java:109)
	at org.testng.TestRunner.privateRun(TestRunner.java:648)
	at org.testng.TestRunner.run(TestRunner.java:505)
	at org.testng.SuiteRunner.runTest(SuiteRunner.java:455)
	at org.testng.SuiteRunner.runSequentially(SuiteRunner.java:450)
	at org.testng.SuiteRunner.privateRun(SuiteRunner.java:415)
	at org.testng.SuiteRunner.run(SuiteRunner.java:364)
	at org.testng.SuiteRunnerWorker.runSuite(SuiteRunnerWorker.java:52)
	at org.testng.SuiteRunnerWorker.run(SuiteRunnerWorker.java:84)
	at org.testng.TestNG.runSuitesSequentially(TestNG.java:1208)
	at org.testng.TestNG.runSuitesLocally(TestNG.java:1137)
	at org.testng.TestNG.runSuites(TestNG.java:1049)
	at org.testng.TestNG.run(TestNG.java:1017)
	at org.testng.remote.AbstractRemoteTestNG.run(AbstractRemoteTestNG.java:114)
	at org.testng.remote.RemoteTestNG.initAndRun(RemoteTestNG.java:251)
	at org.testng.remote.RemoteTestNG.main(RemoteTestNG.java:77)
</stack-trace>
            </failure>
            <steps/>
            <attachments/>
            <labels>
                <label name="story" value="LA Traditional Case (STP Pass)"/>
                <label name="host" value="MONO-HYD-LAP-14"/>
                <label name="thread" value="11328@MONO-HYD-LAP-14.main(1)"/>
            </labels>
        </test-case>
        <test-case start="1537721569238" stop="1537721569238" status="canceled">
            <name>copsInwardBucket</name>
            <title>Cops inward bucket</title>
            <description type="text">Search with application number and submit</description>
            <failure>
                <message>: Skipped due to dependency on other skipped or failed test methods</message>
                <stack-trace>ru.yandex.qatools.allure.testng.AllureTestListener$1: Skipped due to dependency on other skipped or failed test methods
	at ru.yandex.qatools.allure.testng.AllureTestListener.fireTestCaseCancel(AllureTestListener.java:366)
	at ru.yandex.qatools.allure.testng.AllureTestListener.onTestSkipped(AllureTestListener.java:181)
	at org.testng.internal.TestListenerHelper.runTestListeners(TestListenerHelper.java:61)
	at org.testng.internal.Invoker.runTestListeners(Invoker.java:1388)
	at org.testng.internal.Invoker.registerSkippedTestResult(Invoker.java:1062)
	at org.testng.internal.Invoker.invokeTestMethods(Invoker.java:887)
	at org.testng.internal.TestMethodWorker.invokeTestMethods(TestMethodWorker.java:125)
	at org.testng.internal.TestMethodWorker.run(TestMethodWorker.java:109)
	at org.testng.TestRunner.privateRun(TestRunner.java:648)
	at org.testng.TestRunner.run(TestRunner.java:505)
	at org.testng.SuiteRunner.runTest(SuiteRunner.java:455)
	at org.testng.SuiteRunner.runSequentially(SuiteRunner.java:450)
	at org.testng.SuiteRunner.privateRun(SuiteRunner.java:415)
	at org.testng.SuiteRunner.run(SuiteRunner.java:364)
	at org.testng.SuiteRunnerWorker.runSuite(SuiteRunnerWorker.java:52)
	at org.testng.SuiteRunnerWorker.run(SuiteRunnerWorker.java:84)
	at org.testng.TestNG.runSuitesSequentially(TestNG.java:1208)
	at org.testng.TestNG.runSuitesLocally(TestNG.java:1137)
	at org.testng.TestNG.runSuites(TestNG.java:1049)
	at org.testng.TestNG.run(TestNG.java:1017)
	at org.testng.remote.AbstractRemoteTestNG.run(AbstractRemoteTestNG.java:114)
	at org.testng.remote.RemoteTestNG.initAndRun(RemoteTestNG.java:251)
	at org.testng.remote.RemoteTestNG.main(RemoteTestNG.java:77)
</stack-trace>
            </failure>
            <steps/>
            <attachments/>
            <labels>
                <label name="story" value="LA Traditional Case (STP Pass)"/>
                <label name="host" value="MONO-HYD-LAP-14"/>
                <label name="thread" value="11328@MONO-HYD-LAP-14.main(1)"/>
            </labels>
        </test-case>
        <test-case start="1537721569238" stop="1537721569238" status="canceled">
            <name>nbsDataEntry</name>
            <title>NBS data entry bucket</title>
            <description type="text">Search with application number and enter all the requiered data and submit</description>
            <failure>
                <message>: Skipped due to dependency on other skipped or failed test methods</message>
                <stack-trace>ru.yandex.qatools.allure.testng.AllureTestListener$1: Skipped due to dependency on other skipped or failed test methods
	at ru.yandex.qatools.allure.testng.AllureTestListener.fireTestCaseCancel(AllureTestListener.java:366)
	at ru.yandex.qatools.allure.testng.AllureTestListener.onTestSkipped(AllureTestListener.java:181)
	at org.testng.internal.TestListenerHelper.runTestListeners(TestListenerHelper.java:61)
	at org.testng.internal.Invoker.runTestListeners(Invoker.java:1388)
	at org.testng.internal.Invoker.registerSkippedTestResult(Invoker.java:1062)
	at org.testng.internal.Invoker.invokeTestMethods(Invoker.java:887)
	at org.testng.internal.TestMethodWorker.invokeTestMethods(TestMethodWorker.java:125)
	at org.testng.internal.TestMethodWorker.run(TestMethodWorker.java:109)
	at org.testng.TestRunner.privateRun(TestRunner.java:648)
	at org.testng.TestRunner.run(TestRunner.java:505)
	at org.testng.SuiteRunner.runTest(SuiteRunner.java:455)
	at org.testng.SuiteRunner.runSequentially(SuiteRunner.java:450)
	at org.testng.SuiteRunner.privateRun(SuiteRunner.java:415)
	at org.testng.SuiteRunner.run(SuiteRunner.java:364)
	at org.testng.SuiteRunnerWorker.runSuite(SuiteRunnerWorker.java:52)
	at org.testng.SuiteRunnerWorker.run(SuiteRunnerWorker.java:84)
	at org.testng.TestNG.runSuitesSequentially(TestNG.java:1208)
	at org.testng.TestNG.runSuitesLocally(TestNG.java:1137)
	at org.testng.TestNG.runSuites(TestNG.java:1049)
	at org.testng.TestNG.run(TestNG.java:1017)
	at org.testng.remote.AbstractRemoteTestNG.run(AbstractRemoteTestNG.java:114)
	at org.testng.remote.RemoteTestNG.initAndRun(RemoteTestNG.java:251)
	at org.testng.remote.RemoteTestNG.main(RemoteTestNG.java:77)
</stack-trace>
            </failure>
            <steps/>
            <attachments/>
            <labels>
                <label name="story" value="LA Traditional Case (STP Pass)"/>
                <label name="host" value="MONO-HYD-LAP-14"/>
                <label name="thread" value="11328@MONO-HYD-LAP-14.main(1)"/>
            </labels>
        </test-case>
        <test-case start="1537721569238" stop="1537721569238" status="canceled">
            <name>copsQc</name>
            <title>CopsQC bucket</title>
            <description type="text">Search with application number and Verify all the NBS data entered correctly </description>
            <failure>
                <message>: Skipped due to dependency on other skipped or failed test methods</message>
                <stack-trace>ru.yandex.qatools.allure.testng.AllureTestListener$1: Skipped due to dependency on other skipped or failed test methods
	at ru.yandex.qatools.allure.testng.AllureTestListener.fireTestCaseCancel(AllureTestListener.java:366)
	at ru.yandex.qatools.allure.testng.AllureTestListener.onTestSkipped(AllureTestListener.java:181)
	at org.testng.internal.TestListenerHelper.runTestListeners(TestListenerHelper.java:61)
	at org.testng.internal.Invoker.runTestListeners(Invoker.java:1388)
	at org.testng.internal.Invoker.registerSkippedTestResult(Invoker.java:1062)
	at org.testng.internal.Invoker.invokeTestMethods(Invoker.java:887)
	at org.testng.internal.TestMethodWorker.invokeTestMethods(TestMethodWorker.java:125)
	at org.testng.internal.TestMethodWorker.run(TestMethodWorker.java:109)
	at org.testng.TestRunner.privateRun(TestRunner.java:648)
	at org.testng.TestRunner.run(TestRunner.java:505)
	at org.testng.SuiteRunner.runTest(SuiteRunner.java:455)
	at org.testng.SuiteRunner.runSequentially(SuiteRunner.java:450)
	at org.testng.SuiteRunner.privateRun(SuiteRunner.java:415)
	at org.testng.SuiteRunner.run(SuiteRunner.java:364)
	at org.testng.SuiteRunnerWorker.runSuite(SuiteRunnerWorker.java:52)
	at org.testng.SuiteRunnerWorker.run(SuiteRunnerWorker.java:84)
	at org.testng.TestNG.runSuitesSequentially(TestNG.java:1208)
	at org.testng.TestNG.runSuitesLocally(TestNG.java:1137)
	at org.testng.TestNG.runSuites(TestNG.java:1049)
	at org.testng.TestNG.run(TestNG.java:1017)
	at org.testng.remote.AbstractRemoteTestNG.run(AbstractRemoteTestNG.java:114)
	at org.testng.remote.RemoteTestNG.initAndRun(RemoteTestNG.java:251)
	at org.testng.remote.RemoteTestNG.main(RemoteTestNG.java:77)
</stack-trace>
            </failure>
            <steps/>
            <attachments/>
            <labels>
                <label name="story" value="LA Traditional Case (STP Pass)"/>
                <label name="host" value="MONO-HYD-LAP-14"/>
                <label name="thread" value="11328@MONO-HYD-LAP-14.main(1)"/>
            </labels>
        </test-case>
        <test-case start="1537721569246" stop="1537721569246" status="canceled">
            <name>applicationTracker</name>
            <title>Application Tracker bucket </title>
            <description type="text">Search with application number and wait for realization </description>
            <failure>
                <message>: Skipped due to dependency on other skipped or failed test methods</message>
                <stack-trace>ru.yandex.qatools.allure.testng.AllureTestListener$1: Skipped due to dependency on other skipped or failed test methods
	at ru.yandex.qatools.allure.testng.AllureTestListener.fireTestCaseCancel(AllureTestListener.java:366)
	at ru.yandex.qatools.allure.testng.AllureTestListener.onTestSkipped(AllureTestListener.java:181)
	at org.testng.internal.TestListenerHelper.runTestListeners(TestListenerHelper.java:61)
	at org.testng.internal.Invoker.runTestListeners(Invoker.java:1388)
	at org.testng.internal.Invoker.registerSkippedTestResult(Invoker.java:1062)
	at org.testng.internal.Invoker.invokeTestMethods(Invoker.java:887)
	at org.testng.internal.TestMethodWorker.invokeTestMethods(TestMethodWorker.java:125)
	at org.testng.internal.TestMethodWorker.run(TestMethodWorker.java:109)
	at org.testng.TestRunner.privateRun(TestRunner.java:648)
	at org.testng.TestRunner.run(TestRunner.java:505)
	at org.testng.SuiteRunner.runTest(SuiteRunner.java:455)
	at org.testng.SuiteRunner.runSequentially(SuiteRunner.java:450)
	at org.testng.SuiteRunner.privateRun(SuiteRunner.java:415)
	at org.testng.SuiteRunner.run(SuiteRunner.java:364)
	at org.testng.SuiteRunnerWorker.runSuite(SuiteRunnerWorker.java:52)
	at org.testng.SuiteRunnerWorker.run(SuiteRunnerWorker.java:84)
	at org.testng.TestNG.runSuitesSequentially(TestNG.java:1208)
	at org.testng.TestNG.runSuitesLocally(TestNG.java:1137)
	at org.testng.TestNG.runSuites(TestNG.java:1049)
	at org.testng.TestNG.run(TestNG.java:1017)
	at org.testng.remote.AbstractRemoteTestNG.run(AbstractRemoteTestNG.java:114)
	at org.testng.remote.RemoteTestNG.initAndRun(RemoteTestNG.java:251)
	at org.testng.remote.RemoteTestNG.main(RemoteTestNG.java:77)
</stack-trace>
            </failure>
            <steps/>
            <attachments/>
            <labels>
                <label name="story" value="LA Traditional Case (STP Pass)"/>
                <label name="host" value="MONO-HYD-LAP-14"/>
                <label name="thread" value="11328@MONO-HYD-LAP-14.main(1)"/>
            </labels>
        </test-case>
        <test-case start="1537721569248" stop="1537721569248" status="canceled">
            <name>proposalEnquiry</name>
            <title>Proposal enquiry and Receipt details bucket</title>
            <description type="text">Search with application number and get the receipt details with receipt No. for realization</description>
            <failure>
                <message>: Skipped due to dependency on other skipped or failed test methods</message>
                <stack-trace>ru.yandex.qatools.allure.testng.AllureTestListener$1: Skipped due to dependency on other skipped or failed test methods
	at ru.yandex.qatools.allure.testng.AllureTestListener.fireTestCaseCancel(AllureTestListener.java:366)
	at ru.yandex.qatools.allure.testng.AllureTestListener.onTestSkipped(AllureTestListener.java:181)
	at org.testng.internal.TestListenerHelper.runTestListeners(TestListenerHelper.java:61)
	at org.testng.internal.Invoker.runTestListeners(Invoker.java:1388)
	at org.testng.internal.Invoker.registerSkippedTestResult(Invoker.java:1062)
	at org.testng.internal.Invoker.invokeTestMethods(Invoker.java:887)
	at org.testng.internal.TestMethodWorker.invokeTestMethods(TestMethodWorker.java:125)
	at org.testng.internal.TestMethodWorker.run(TestMethodWorker.java:109)
	at org.testng.TestRunner.privateRun(TestRunner.java:648)
	at org.testng.TestRunner.run(TestRunner.java:505)
	at org.testng.SuiteRunner.runTest(SuiteRunner.java:455)
	at org.testng.SuiteRunner.runSequentially(SuiteRunner.java:450)
	at org.testng.SuiteRunner.privateRun(SuiteRunner.java:415)
	at org.testng.SuiteRunner.run(SuiteRunner.java:364)
	at org.testng.SuiteRunnerWorker.runSuite(SuiteRunnerWorker.java:52)
	at org.testng.SuiteRunnerWorker.run(SuiteRunnerWorker.java:84)
	at org.testng.TestNG.runSuitesSequentially(TestNG.java:1208)
	at org.testng.TestNG.runSuitesLocally(TestNG.java:1137)
	at org.testng.TestNG.runSuites(TestNG.java:1049)
	at org.testng.TestNG.run(TestNG.java:1017)
	at org.testng.remote.AbstractRemoteTestNG.run(AbstractRemoteTestNG.java:114)
	at org.testng.remote.RemoteTestNG.initAndRun(RemoteTestNG.java:251)
	at org.testng.remote.RemoteTestNG.main(RemoteTestNG.java:77)
</stack-trace>
            </failure>
            <steps/>
            <attachments/>
            <labels>
                <label name="story" value="LA Traditional Case (STP Pass)"/>
                <label name="host" value="MONO-HYD-LAP-14"/>
                <label name="thread" value="11328@MONO-HYD-LAP-14.main(1)"/>
            </labels>
        </test-case>
    </test-cases>
    <labels>
        <label name="framework" value="TestNG"/>
        <label name="language" value="JAVA"/>
    </labels>
</ns2:test-suite>
