<?xml version="1.0" encoding="UTF-8" standalone="yes"?>
<ns2:test-suite start="1537722066609" stop="1537722266001" version="1.4.16" xmlns:ns2="urn:model.allure.qatools.yandex.ru">
    <name>Suite : TestLASTPPass</name>
    <title>Suite : TestLASTPPass</title>
    <test-cases>
        <test-case start="1537722075345" stop="1537722122260" status="passed">
            <name>selectNBSBranchInward</name>
            <title>Select Branch Inword bucket and fill the data</title>
            <description type="text">Select BranchInward and fill the data then click on submit </description>
            <steps>
                <step start="1537722066861" stop="1537722066861" status="passed">
                    <name>logStep[User Selected Chrome Browser to execute]</name>
                    <title>User Selected Chrome Browser to execute</title>
                    <attachments/>
                    <steps/>
                </step>
                <step start="1537722070924" stop="1537722070924" status="passed">
                    <name>logStep[chrome  Browser launched]</name>
                    <title>chrome  Browser launched</title>
                    <attachments/>
                    <steps/>
                </step>
                <step start="1537722074995" stop="1537722074995" status="passed">
                    <name>logStep[Url entered : http://10.50.46.80/home/dpli/insurance/DPLIIndex3.htm#/NBbranchInward]</name>
                    <title>Url entered : http://10.50.46.80/home/dpli/insurance/DPLIIndex3.htm#/NBbranchInward</title>
                    <attachments/>
                    <steps/>
                </step>
                <step start="1537722077033" stop="1537722077033" status="passed">
                    <name>logStep[Sheet Name not matched with test data]</name>
                    <title>Sheet Name not matched with test data</title>
                    <attachments/>
                    <steps/>
                </step>
                <step start="1537722079320" stop="1537722079320" status="passed">
                    <name>logStep[User entered Username]</name>
                    <title>User entered Username</title>
                    <attachments/>
                    <steps/>
                </step>
                <step start="1537722079398" stop="1537722079398" status="passed">
                    <name>logStep[User entered Username]</name>
                    <title>User entered Username</title>
                    <attachments/>
                    <steps/>
                </step>
                <step start="1537722079399" stop="1537722079399" status="passed">
                    <name>logStep[Taking screenshot : Login Page]</name>
                    <title>Taking screenshot : Login Page</title>
                    <attachments/>
                    <steps/>
                </step>
                <step start="1537722079814" stop="1537722079814" status="passed">
                    <name>logStep[User entered UserName / Password ]</name>
                    <title>User entered UserName / Password </title>
                    <attachments/>
                    <steps/>
                </step>
                <step start="1537722079889" stop="1537722079889" status="passed">
                    <name>logStep[User clicked on Login button]</name>
                    <title>User clicked on Login button</title>
                    <attachments/>
                    <steps/>
                </step>
                <step start="1537722088237" stop="1537722088237" status="passed">
                    <name>logStep[Clicked on Branch Inward from NBS ]</name>
                    <title>Clicked on Branch Inward from NBS </title>
                    <attachments/>
                    <steps/>
                </step>
                <step start="1537722088353" stop="1537722088353" status="passed">
                    <name>logStep[Sheet Name not matched with test data]</name>
                    <title>Sheet Name not matched with test data</title>
                    <attachments/>
                    <steps/>
                </step>
                <step start="1537722088355" stop="1537722088355" status="passed">
                    <name>logStep[Sheet Name not matched with test data]</name>
                    <title>Sheet Name not matched with test data</title>
                    <attachments/>
                    <steps/>
                </step>
                <step start="1537722088460" stop="1537722088460" status="passed">
                    <name>logStep[Random Proposal number generated: MNB5520167]</name>
                    <title>Random Proposal number generated: MNB5520167</title>
                    <attachments/>
                    <steps/>
                </step>
                <step start="1537722089738" stop="1537722089738" status="passed">
                    <name>logStep[Selected Agent ]</name>
                    <title>Selected Agent </title>
                    <attachments/>
                    <steps/>
                </step>
                <step start="1537722091049" stop="1537722091049" status="passed">
                    <name>logStep[Selected option is : Agent Code]</name>
                    <title>Selected option is : Agent Code</title>
                    <attachments/>
                    <steps/>
                </step>
                <step start="1537722091192" stop="1537722091192" status="passed">
                    <name>logStep[Enter data :70031411]</name>
                    <title>Enter data :70031411</title>
                    <attachments/>
                    <steps/>
                </step>
                <step start="1537722091252" stop="1537722091252" status="passed">
                    <name>logStep[Clicked on search button]</name>
                    <title>Clicked on search button</title>
                    <attachments/>
                    <steps/>
                </step>
                <step start="1537722094018" stop="1537722094018" status="passed">
                    <name>logStep[Selected option is : Ms.]</name>
                    <title>Selected option is : Ms.</title>
                    <attachments/>
                    <steps/>
                </step>
                <step start="1537722094144" stop="1537722094144" status="passed">
                    <name>logStep[Enter data :Bhavishya]</name>
                    <title>Enter data :Bhavishya</title>
                    <attachments/>
                    <steps/>
                </step>
                <step start="1537722094535" stop="1537722094535" status="passed">
                    <name>logStep[Selected option is : Telangana]</name>
                    <title>Selected option is : Telangana</title>
                    <attachments/>
                    <steps/>
                </step>
                <step start="1537722095969" stop="1537722095969" status="passed">
                    <name>logStep[Enter data :9290851186]</name>
                    <title>Enter data :9290851186</title>
                    <attachments/>
                    <steps/>
                </step>
                <step start="1537722096158" stop="1537722096158" status="passed">
                    <name>logStep[Selected option is : Adhaar card]</name>
                    <title>Selected option is : Adhaar card</title>
                    <attachments/>
                    <steps/>
                </step>
                <step start="1537722100836" stop="1537722100836" status="passed">
                    <name>logStep[Selected option is : Non Smoker]</name>
                    <title>Selected option is : Non Smoker</title>
                    <attachments/>
                    <steps/>
                </step>
                <step start="1537722101024" stop="1537722101025" status="passed">
                    <name>logStep[Selected option is : Female]</name>
                    <title>Selected option is : Female</title>
                    <attachments/>
                    <steps/>
                </step>
                <step start="1537722101399" stop="1537722101399" status="passed">
                    <name>logStep[Selected option is : Smart Assure]</name>
                    <title>Selected option is : Smart Assure</title>
                    <attachments/>
                    <steps/>
                </step>
                <step start="1537722101678" stop="1537722101678" status="passed">
                    <name>logStep[Selected option is : 10]</name>
                    <title>Selected option is : 10</title>
                    <attachments/>
                    <steps/>
                </step>
                <step start="1537722101981" stop="1537722101981" status="passed">
                    <name>logStep[Selected option is : 5]</name>
                    <title>Selected option is : 5</title>
                    <attachments/>
                    <steps/>
                </step>
                <step start="1537722102246" stop="1537722102246" status="passed">
                    <name>logStep[Selected option is : Annually]</name>
                    <title>Selected option is : Annually</title>
                    <attachments/>
                    <steps/>
                </step>
                <step start="1537722102502" stop="1537722102502" status="passed">
                    <name>logStep[Selected option is : Sum Assured]</name>
                    <title>Selected option is : Sum Assured</title>
                    <attachments/>
                    <steps/>
                </step>
                <step start="1537722102636" stop="1537722102636" status="passed">
                    <name>logStep[Enter data :100,000]</name>
                    <title>Enter data :100,000</title>
                    <attachments/>
                    <steps/>
                </step>
                <step start="1537722106569" stop="1537722106569" status="passed">
                    <name>logStep[Click on Next button ]</name>
                    <title>Click on Next button </title>
                    <attachments/>
                    <steps/>
                </step>
                <step start="1537722106571" stop="1537722106571" status="passed">
                    <name>logStep[Clicked on GetQuote button]</name>
                    <title>Clicked on GetQuote button</title>
                    <attachments/>
                    <steps/>
                </step>
                <step start="1537722106573" stop="1537722106573" status="passed">
                    <name>logStep[Taking screenshot]</name>
                    <title>Taking screenshot</title>
                    <attachments/>
                    <steps/>
                </step>
                <step start="1537722107174" stop="1537722107174" status="passed">
                    <name>logStep[Quote details saved successfully]</name>
                    <title>Quote details saved successfully</title>
                    <attachments/>
                    <steps/>
                </step>
                <step start="1537722107356" stop="1537722107356" status="passed">
                    <name>logStep[Entered text is :18,945]</name>
                    <title>Entered text is :18,945</title>
                    <attachments/>
                    <steps/>
                </step>
                <step start="1537722109566" stop="1537722109566" status="passed">
                    <name>logStep[Click on Next button ]</name>
                    <title>Click on Next button </title>
                    <attachments/>
                    <steps/>
                </step>
                <step start="1537722109567" stop="1537722109567" status="passed">
                    <name>logStep[Clicked on GetRequirement button]</name>
                    <title>Clicked on GetRequirement button</title>
                    <attachments/>
                    <steps/>
                </step>
                <step start="1537722116016" stop="1537722116016" status="passed">
                    <name>logStep[Click on Next button ]</name>
                    <title>Click on Next button </title>
                    <attachments/>
                    <steps/>
                </step>
                <step start="1537722116017" stop="1537722116017" status="passed">
                    <name>logStep[Clicked on InwardComplete button]</name>
                    <title>Clicked on InwardComplete button</title>
                    <attachments/>
                    <steps/>
                </step>
                <step start="1537722116017" stop="1537722116017" status="passed">
                    <name>logStep[Taking screenshot]</name>
                    <title>Taking screenshot</title>
                    <attachments/>
                    <steps/>
                </step>
                <step start="1537722118457" stop="1537722118457" status="passed">
                    <name>logStep[Taking screenshot]</name>
                    <title>Taking screenshot</title>
                    <attachments/>
                    <steps/>
                </step>
                <step start="1537722121883" stop="1537722121883" status="passed">
                    <name>logStep[Click on Next button ]</name>
                    <title>Click on Next button </title>
                    <attachments/>
                    <steps/>
                </step>
                <step start="1537722121885" stop="1537722121885" status="passed">
                    <name>logStep[clicked on Yes proceed button]</name>
                    <title>clicked on Yes proceed button</title>
                    <attachments/>
                    <steps/>
                </step>
                <step start="1537722121924" stop="1537722121924" status="passed">
                    <name>logStep[message : -- Inward for Proposal No. MNB5520167 is in processing, Please check after some time]</name>
                    <title>message : -- Inward for Proposal No. MNB5520167 is in processing, Please check after some time</title>
                    <attachments/>
                    <steps/>
                </step>
                <step start="1537722121925" stop="1537722121925" status="passed">
                    <name>logStep[Taking screenshot]</name>
                    <title>Taking screenshot</title>
                    <attachments/>
                    <steps/>
                </step>
                <step start="1537722122256" stop="1537722122256" status="passed">
                    <name>logStep[Clicked on OK button]</name>
                    <title>Clicked on OK button</title>
                    <attachments/>
                    <steps/>
                </step>
            </steps>
            <attachments>
                <attachment title="Screenshot" source="4dc69876-f1ad-4e3c-bbbb-0d8eeae75779-attachment.png" type="image/png"/>
                <attachment title="Screenshot" source="db95c47d-9570-4084-80ce-89da9d4ea301-attachment.png" type="image/png"/>
                <attachment title="Screenshot" source="a8c35d9b-350b-4376-962a-f44455d9883b-attachment.png" type="image/png"/>
                <attachment title="Screenshot" source="41596363-bfb9-445c-aa87-7590d0c9e5b7-attachment.png" type="image/png"/>
                <attachment title="Screenshot" source="553b1b66-1d46-4b6c-9549-499cffece47d-attachment.png" type="image/png"/>
            </attachments>
            <labels>
                <label name="story" value="LA Traditional Case (STP Pass)"/>
                <label name="host" value="MONO-HYD-LAP-14"/>
                <label name="thread" value="10248@MONO-HYD-LAP-14.main(1)"/>
            </labels>
        </test-case>
        <test-case start="1537722122269" stop="1537722265184" status="failed">
            <name>submitReciept</name>
            <title>Submit Receipt Bucket</title>
            <description type="text">Search with application number in Receipt and fill requierd data and submit </description>
            <failure>
                <message>AssertionError: null</message>
                <stack-trace>java.lang.AssertionError
	at org.junit.Assert.fail(Assert.java:92)
	at pageObjectClasses.ProposalDetails.fillInstrumentDetails(ProposalDetails.java:195)
	at Cosmos_Testcases.LATraditionalstppass.submitReciept(LATraditionalstppass.java:98)
	at sun.reflect.NativeMethodAccessorImpl.invoke0(Native Method)
	at sun.reflect.NativeMethodAccessorImpl.invoke(NativeMethodAccessorImpl.java:62)
	at sun.reflect.DelegatingMethodAccessorImpl.invoke(DelegatingMethodAccessorImpl.java:43)
	at java.lang.reflect.Method.invoke(Method.java:498)
	at org.testng.internal.MethodInvocationHelper.invokeMethod(MethodInvocationHelper.java:124)
	at org.testng.internal.Invoker.invokeMethod(Invoker.java:580)
	at org.testng.internal.Invoker.invokeTestMethod(Invoker.java:716)
	at org.testng.internal.Invoker.invokeTestMethods(Invoker.java:988)
	at org.testng.internal.TestMethodWorker.invokeTestMethods(TestMethodWorker.java:125)
	at org.testng.internal.TestMethodWorker.run(TestMethodWorker.java:109)
	at org.testng.TestRunner.privateRun(TestRunner.java:648)
	at org.testng.TestRunner.run(TestRunner.java:505)
	at org.testng.SuiteRunner.runTest(SuiteRunner.java:455)
	at org.testng.SuiteRunner.runSequentially(SuiteRunner.java:450)
	at org.testng.SuiteRunner.privateRun(SuiteRunner.java:415)
	at org.testng.SuiteRunner.run(SuiteRunner.java:364)
	at org.testng.SuiteRunnerWorker.runSuite(SuiteRunnerWorker.java:52)
	at org.testng.SuiteRunnerWorker.run(SuiteRunnerWorker.java:84)
	at org.testng.TestNG.runSuitesSequentially(TestNG.java:1208)
	at org.testng.TestNG.runSuitesLocally(TestNG.java:1137)
	at org.testng.TestNG.runSuites(TestNG.java:1049)
	at org.testng.TestNG.run(TestNG.java:1017)
	at org.testng.remote.AbstractRemoteTestNG.run(AbstractRemoteTestNG.java:114)
	at org.testng.remote.RemoteTestNG.initAndRun(RemoteTestNG.java:251)
	at org.testng.remote.RemoteTestNG.main(RemoteTestNG.java:77)
</stack-trace>
            </failure>
            <steps>
                <step start="1537722124796" stop="1537722124796" status="passed">
                    <name>logStep[Taking screenshot]</name>
                    <title>Taking screenshot</title>
                </step>
                <step start="1537722125062" stop="1537722125062" status="passed">
                    <name>logStep[Clicked on inbox button for selecting : inBox]</name>
                    <title>Clicked on inbox button for selecting : inBox</title>
                </step>
                <step start="1537722127239" stop="1537722127239" status="passed">
                    <name>logStep[clicked on : Receipt]</name>
                    <title>clicked on : Receipt</title>
                </step>
                <step start="1537722127240" stop="1537722127240" status="passed">
                    <name>logStep[Taking screenshot]</name>
                    <title>Taking screenshot</title>
                </step>
                <step start="1537722134167" stop="1537722134167" status="passed">
                    <name>logStep[Entered text is :MNB5520167]</name>
                    <title>Entered text is :MNB5520167</title>
                </step>
                <step start="1537722136409" stop="1537722136409" status="passed">
                    <name>logStep[Clicked on Proposal numMNB5520167]</name>
                    <title>Clicked on Proposal numMNB5520167</title>
                </step>
                <step start="1537722138842" stop="1537722138842" status="passed">
                    <name>logStep[Selected Branch is : HO]</name>
                    <title>Selected Branch is : HO</title>
                </step>
                <step start="1537722141152" stop="1537722141152" status="passed">
                    <name>logStep[Selected option is : HO - SBI]</name>
                    <title>Selected option is : HO - SBI</title>
                </step>
                <step start="1537722141256" stop="1537722141256" status="passed">
                    <name>logStep[Clicked on AddInstrument button]</name>
                    <title>Clicked on AddInstrument button</title>
                </step>
                <step start="1537722163283" stop="1537722163283" status="passed">
                    <name>logStep[Sheet Name not matched with test data]</name>
                    <title>Sheet Name not matched with test data</title>
                </step>
                <step start="1537722167116" stop="1537722167116" status="passed">
                    <name>logStep[Sheet Name not matched with test data]</name>
                    <title>Sheet Name not matched with test data</title>
                </step>
                <step start="1537722216205" stop="1537722216205" status="passed">
                    <name>logStep[Sheet Name not matched with test data]</name>
                    <title>Sheet Name not matched with test data</title>
                </step>
                <step start="1537722218463" stop="1537722218463" status="passed">
                    <name>logStep[Sheet Name not matched with test data]</name>
                    <title>Sheet Name not matched with test data</title>
                </step>
                <step start="1537722236446" stop="1537722236446" status="passed">
                    <name>logStep[Sheet Name not matched with test data]</name>
                    <title>Sheet Name not matched with test data</title>
                </step>
                <step start="1537722256652" stop="1537722256652" status="passed">
                    <name>logStep[Sheet Name not matched with test data]</name>
                    <title>Sheet Name not matched with test data</title>
                </step>
                <step start="1537722264728" stop="1537722264728" status="passed">
                    <name>logStep[Sheet Name not matched with test data]</name>
                    <title>Sheet Name not matched with test data</title>
                </step>
                <step start="1537722264731" stop="1537722264731" status="passed">
                    <name>logStep[Sheet Name not matched with test data]</name>
                    <title>Sheet Name not matched with test data</title>
                </step>
                <step start="1537722264731" stop="1537722264731" status="passed">
                    <name>logStep[Sheet Name not matched with test data]</name>
                    <title>Sheet Name not matched with test data</title>
                </step>
                <step start="1537722264731" stop="1537722264731" status="passed">
                    <name>logStep[Sheet Name not matched with test data]</name>
                    <title>Sheet Name not matched with test data</title>
                </step>
                <step start="1537722264747" stop="1537722264747" status="passed">
                    <name>logStep[Sheet Name not matched with test data]</name>
                    <title>Sheet Name not matched with test data</title>
                </step>
                <step start="1537722264747" stop="1537722264747" status="passed">
                    <name>logStep[Sheet Name not matched with test data]</name>
                    <title>Sheet Name not matched with test data</title>
                </step>
                <step start="1537722264763" stop="1537722264763" status="passed">
                    <name>logStep[Sheet Name not matched with test data]</name>
                    <title>Sheet Name not matched with test data</title>
                </step>
                <step start="1537722264814" stop="1537722264814" status="passed">
                    <name>logStep[null]</name>
                    <title>null</title>
                </step>
                <step start="1537722264814" stop="1537722264814" status="passed">
                    <name>logStep[Taking screenshot]</name>
                    <title>Taking screenshot</title>
                </step>
            </steps>
            <attachments>
                <attachment title="Screenshot" source="c47536ac-bebf-4f3b-8162-1a04f50af891-attachment.png" type="image/png"/>
                <attachment title="Screenshot" source="cf2ba359-0bf2-43b9-aa86-b800cf98b535-attachment.png" type="image/png"/>
                <attachment title="Screenshot" source="b3ecbcd0-896f-4755-9793-97b337da679b-attachment.png" type="image/png"/>
            </attachments>
            <labels>
                <label name="story" value="LA Traditional Case (STP Pass)"/>
                <label name="host" value="MONO-HYD-LAP-14"/>
                <label name="thread" value="10248@MONO-HYD-LAP-14.main(1)"/>
            </labels>
        </test-case>
        <test-case start="1537722265184" stop="1537722265184" status="canceled">
            <name>pendingBranchScrutny</name>
            <title>Pending brach scrytny bucket</title>
            <description type="text">Search with application number and Submit</description>
            <failure>
                <message>: Skipped due to dependency on other skipped or failed test methods</message>
                <stack-trace>ru.yandex.qatools.allure.testng.AllureTestListener$1: Skipped due to dependency on other skipped or failed test methods
	at ru.yandex.qatools.allure.testng.AllureTestListener.fireTestCaseCancel(AllureTestListener.java:366)
	at ru.yandex.qatools.allure.testng.AllureTestListener.onTestSkipped(AllureTestListener.java:181)
	at org.testng.internal.TestListenerHelper.runTestListeners(TestListenerHelper.java:61)
	at org.testng.internal.Invoker.runTestListeners(Invoker.java:1388)
	at org.testng.internal.Invoker.registerSkippedTestResult(Invoker.java:1062)
	at org.testng.internal.Invoker.invokeTestMethods(Invoker.java:887)
	at org.testng.internal.TestMethodWorker.invokeTestMethods(TestMethodWorker.java:125)
	at org.testng.internal.TestMethodWorker.run(TestMethodWorker.java:109)
	at org.testng.TestRunner.privateRun(TestRunner.java:648)
	at org.testng.TestRunner.run(TestRunner.java:505)
	at org.testng.SuiteRunner.runTest(SuiteRunner.java:455)
	at org.testng.SuiteRunner.runSequentially(SuiteRunner.java:450)
	at org.testng.SuiteRunner.privateRun(SuiteRunner.java:415)
	at org.testng.SuiteRunner.run(SuiteRunner.java:364)
	at org.testng.SuiteRunnerWorker.runSuite(SuiteRunnerWorker.java:52)
	at org.testng.SuiteRunnerWorker.run(SuiteRunnerWorker.java:84)
	at org.testng.TestNG.runSuitesSequentially(TestNG.java:1208)
	at org.testng.TestNG.runSuitesLocally(TestNG.java:1137)
	at org.testng.TestNG.runSuites(TestNG.java:1049)
	at org.testng.TestNG.run(TestNG.java:1017)
	at org.testng.remote.AbstractRemoteTestNG.run(AbstractRemoteTestNG.java:114)
	at org.testng.remote.RemoteTestNG.initAndRun(RemoteTestNG.java:251)
	at org.testng.remote.RemoteTestNG.main(RemoteTestNG.java:77)
</stack-trace>
            </failure>
            <steps/>
            <attachments/>
            <labels>
                <label name="story" value="LA Traditional Case (STP Pass)"/>
                <label name="host" value="MONO-HYD-LAP-14"/>
                <label name="thread" value="10248@MONO-HYD-LAP-14.main(1)"/>
            </labels>
        </test-case>
        <test-case start="1537722265184" stop="1537722265184" status="canceled">
            <name>selectDispatch</name>
            <title>DispatchMode bucket</title>
            <description type="text">Search with application number and submit</description>
            <failure>
                <message>: Skipped due to dependency on other skipped or failed test methods</message>
                <stack-trace>ru.yandex.qatools.allure.testng.AllureTestListener$1: Skipped due to dependency on other skipped or failed test methods
	at ru.yandex.qatools.allure.testng.AllureTestListener.fireTestCaseCancel(AllureTestListener.java:366)
	at ru.yandex.qatools.allure.testng.AllureTestListener.onTestSkipped(AllureTestListener.java:181)
	at org.testng.internal.TestListenerHelper.runTestListeners(TestListenerHelper.java:61)
	at org.testng.internal.Invoker.runTestListeners(Invoker.java:1388)
	at org.testng.internal.Invoker.registerSkippedTestResult(Invoker.java:1062)
	at org.testng.internal.Invoker.invokeTestMethods(Invoker.java:887)
	at org.testng.internal.TestMethodWorker.invokeTestMethods(TestMethodWorker.java:125)
	at org.testng.internal.TestMethodWorker.run(TestMethodWorker.java:109)
	at org.testng.TestRunner.privateRun(TestRunner.java:648)
	at org.testng.TestRunner.run(TestRunner.java:505)
	at org.testng.SuiteRunner.runTest(SuiteRunner.java:455)
	at org.testng.SuiteRunner.runSequentially(SuiteRunner.java:450)
	at org.testng.SuiteRunner.privateRun(SuiteRunner.java:415)
	at org.testng.SuiteRunner.run(SuiteRunner.java:364)
	at org.testng.SuiteRunnerWorker.runSuite(SuiteRunnerWorker.java:52)
	at org.testng.SuiteRunnerWorker.run(SuiteRunnerWorker.java:84)
	at org.testng.TestNG.runSuitesSequentially(TestNG.java:1208)
	at org.testng.TestNG.runSuitesLocally(TestNG.java:1137)
	at org.testng.TestNG.runSuites(TestNG.java:1049)
	at org.testng.TestNG.run(TestNG.java:1017)
	at org.testng.remote.AbstractRemoteTestNG.run(AbstractRemoteTestNG.java:114)
	at org.testng.remote.RemoteTestNG.initAndRun(RemoteTestNG.java:251)
	at org.testng.remote.RemoteTestNG.main(RemoteTestNG.java:77)
</stack-trace>
            </failure>
            <steps/>
            <attachments/>
            <labels>
                <label name="story" value="LA Traditional Case (STP Pass)"/>
                <label name="host" value="MONO-HYD-LAP-14"/>
                <label name="thread" value="10248@MONO-HYD-LAP-14.main(1)"/>
            </labels>
        </test-case>
        <test-case start="1537722265184" stop="1537722265184" status="canceled">
            <name>scanAndIndex</name>
            <title>Scan and Index bucket</title>
            <description type="text">Search with application number and upload requiered documents and submit</description>
            <failure>
                <message>: Skipped due to dependency on other skipped or failed test methods</message>
                <stack-trace>ru.yandex.qatools.allure.testng.AllureTestListener$1: Skipped due to dependency on other skipped or failed test methods
	at ru.yandex.qatools.allure.testng.AllureTestListener.fireTestCaseCancel(AllureTestListener.java:366)
	at ru.yandex.qatools.allure.testng.AllureTestListener.onTestSkipped(AllureTestListener.java:181)
	at org.testng.internal.TestListenerHelper.runTestListeners(TestListenerHelper.java:61)
	at org.testng.internal.Invoker.runTestListeners(Invoker.java:1388)
	at org.testng.internal.Invoker.registerSkippedTestResult(Invoker.java:1062)
	at org.testng.internal.Invoker.invokeTestMethods(Invoker.java:887)
	at org.testng.internal.TestMethodWorker.invokeTestMethods(TestMethodWorker.java:125)
	at org.testng.internal.TestMethodWorker.run(TestMethodWorker.java:109)
	at org.testng.TestRunner.privateRun(TestRunner.java:648)
	at org.testng.TestRunner.run(TestRunner.java:505)
	at org.testng.SuiteRunner.runTest(SuiteRunner.java:455)
	at org.testng.SuiteRunner.runSequentially(SuiteRunner.java:450)
	at org.testng.SuiteRunner.privateRun(SuiteRunner.java:415)
	at org.testng.SuiteRunner.run(SuiteRunner.java:364)
	at org.testng.SuiteRunnerWorker.runSuite(SuiteRunnerWorker.java:52)
	at org.testng.SuiteRunnerWorker.run(SuiteRunnerWorker.java:84)
	at org.testng.TestNG.runSuitesSequentially(TestNG.java:1208)
	at org.testng.TestNG.runSuitesLocally(TestNG.java:1137)
	at org.testng.TestNG.runSuites(TestNG.java:1049)
	at org.testng.TestNG.run(TestNG.java:1017)
	at org.testng.remote.AbstractRemoteTestNG.run(AbstractRemoteTestNG.java:114)
	at org.testng.remote.RemoteTestNG.initAndRun(RemoteTestNG.java:251)
	at org.testng.remote.RemoteTestNG.main(RemoteTestNG.java:77)
</stack-trace>
            </failure>
            <steps/>
            <attachments/>
            <labels>
                <label name="story" value="LA Traditional Case (STP Pass)"/>
                <label name="host" value="MONO-HYD-LAP-14"/>
                <label name="thread" value="10248@MONO-HYD-LAP-14.main(1)"/>
            </labels>
        </test-case>
        <test-case start="1537722265199" stop="1537722265199" status="canceled">
            <name>copsInwardBucket</name>
            <title>Cops inward bucket</title>
            <description type="text">Search with application number and submit</description>
            <failure>
                <message>: Skipped due to dependency on other skipped or failed test methods</message>
                <stack-trace>ru.yandex.qatools.allure.testng.AllureTestListener$1: Skipped due to dependency on other skipped or failed test methods
	at ru.yandex.qatools.allure.testng.AllureTestListener.fireTestCaseCancel(AllureTestListener.java:366)
	at ru.yandex.qatools.allure.testng.AllureTestListener.onTestSkipped(AllureTestListener.java:181)
	at org.testng.internal.TestListenerHelper.runTestListeners(TestListenerHelper.java:61)
	at org.testng.internal.Invoker.runTestListeners(Invoker.java:1388)
	at org.testng.internal.Invoker.registerSkippedTestResult(Invoker.java:1062)
	at org.testng.internal.Invoker.invokeTestMethods(Invoker.java:887)
	at org.testng.internal.TestMethodWorker.invokeTestMethods(TestMethodWorker.java:125)
	at org.testng.internal.TestMethodWorker.run(TestMethodWorker.java:109)
	at org.testng.TestRunner.privateRun(TestRunner.java:648)
	at org.testng.TestRunner.run(TestRunner.java:505)
	at org.testng.SuiteRunner.runTest(SuiteRunner.java:455)
	at org.testng.SuiteRunner.runSequentially(SuiteRunner.java:450)
	at org.testng.SuiteRunner.privateRun(SuiteRunner.java:415)
	at org.testng.SuiteRunner.run(SuiteRunner.java:364)
	at org.testng.SuiteRunnerWorker.runSuite(SuiteRunnerWorker.java:52)
	at org.testng.SuiteRunnerWorker.run(SuiteRunnerWorker.java:84)
	at org.testng.TestNG.runSuitesSequentially(TestNG.java:1208)
	at org.testng.TestNG.runSuitesLocally(TestNG.java:1137)
	at org.testng.TestNG.runSuites(TestNG.java:1049)
	at org.testng.TestNG.run(TestNG.java:1017)
	at org.testng.remote.AbstractRemoteTestNG.run(AbstractRemoteTestNG.java:114)
	at org.testng.remote.RemoteTestNG.initAndRun(RemoteTestNG.java:251)
	at org.testng.remote.RemoteTestNG.main(RemoteTestNG.java:77)
</stack-trace>
            </failure>
            <steps/>
            <attachments/>
            <labels>
                <label name="story" value="LA Traditional Case (STP Pass)"/>
                <label name="host" value="MONO-HYD-LAP-14"/>
                <label name="thread" value="10248@MONO-HYD-LAP-14.main(1)"/>
            </labels>
        </test-case>
        <test-case start="1537722265199" stop="1537722265199" status="canceled">
            <name>nbsDataEntry</name>
            <title>NBS data entry bucket</title>
            <description type="text">Search with application number and enter all the requiered data and submit</description>
            <failure>
                <message>: Skipped due to dependency on other skipped or failed test methods</message>
                <stack-trace>ru.yandex.qatools.allure.testng.AllureTestListener$1: Skipped due to dependency on other skipped or failed test methods
	at ru.yandex.qatools.allure.testng.AllureTestListener.fireTestCaseCancel(AllureTestListener.java:366)
	at ru.yandex.qatools.allure.testng.AllureTestListener.onTestSkipped(AllureTestListener.java:181)
	at org.testng.internal.TestListenerHelper.runTestListeners(TestListenerHelper.java:61)
	at org.testng.internal.Invoker.runTestListeners(Invoker.java:1388)
	at org.testng.internal.Invoker.registerSkippedTestResult(Invoker.java:1062)
	at org.testng.internal.Invoker.invokeTestMethods(Invoker.java:887)
	at org.testng.internal.TestMethodWorker.invokeTestMethods(TestMethodWorker.java:125)
	at org.testng.internal.TestMethodWorker.run(TestMethodWorker.java:109)
	at org.testng.TestRunner.privateRun(TestRunner.java:648)
	at org.testng.TestRunner.run(TestRunner.java:505)
	at org.testng.SuiteRunner.runTest(SuiteRunner.java:455)
	at org.testng.SuiteRunner.runSequentially(SuiteRunner.java:450)
	at org.testng.SuiteRunner.privateRun(SuiteRunner.java:415)
	at org.testng.SuiteRunner.run(SuiteRunner.java:364)
	at org.testng.SuiteRunnerWorker.runSuite(SuiteRunnerWorker.java:52)
	at org.testng.SuiteRunnerWorker.run(SuiteRunnerWorker.java:84)
	at org.testng.TestNG.runSuitesSequentially(TestNG.java:1208)
	at org.testng.TestNG.runSuitesLocally(TestNG.java:1137)
	at org.testng.TestNG.runSuites(TestNG.java:1049)
	at org.testng.TestNG.run(TestNG.java:1017)
	at org.testng.remote.AbstractRemoteTestNG.run(AbstractRemoteTestNG.java:114)
	at org.testng.remote.RemoteTestNG.initAndRun(RemoteTestNG.java:251)
	at org.testng.remote.RemoteTestNG.main(RemoteTestNG.java:77)
</stack-trace>
            </failure>
            <steps/>
            <attachments/>
            <labels>
                <label name="story" value="LA Traditional Case (STP Pass)"/>
                <label name="host" value="MONO-HYD-LAP-14"/>
                <label name="thread" value="10248@MONO-HYD-LAP-14.main(1)"/>
            </labels>
        </test-case>
        <test-case start="1537722265199" stop="1537722265199" status="canceled">
            <name>copsQc</name>
            <title>CopsQC bucket</title>
            <description type="text">Search with application number and Verify all the NBS data entered correctly </description>
            <failure>
                <message>: Skipped due to dependency on other skipped or failed test methods</message>
                <stack-trace>ru.yandex.qatools.allure.testng.AllureTestListener$1: Skipped due to dependency on other skipped or failed test methods
	at ru.yandex.qatools.allure.testng.AllureTestListener.fireTestCaseCancel(AllureTestListener.java:366)
	at ru.yandex.qatools.allure.testng.AllureTestListener.onTestSkipped(AllureTestListener.java:181)
	at org.testng.internal.TestListenerHelper.runTestListeners(TestListenerHelper.java:61)
	at org.testng.internal.Invoker.runTestListeners(Invoker.java:1388)
	at org.testng.internal.Invoker.registerSkippedTestResult(Invoker.java:1062)
	at org.testng.internal.Invoker.invokeTestMethods(Invoker.java:887)
	at org.testng.internal.TestMethodWorker.invokeTestMethods(TestMethodWorker.java:125)
	at org.testng.internal.TestMethodWorker.run(TestMethodWorker.java:109)
	at org.testng.TestRunner.privateRun(TestRunner.java:648)
	at org.testng.TestRunner.run(TestRunner.java:505)
	at org.testng.SuiteRunner.runTest(SuiteRunner.java:455)
	at org.testng.SuiteRunner.runSequentially(SuiteRunner.java:450)
	at org.testng.SuiteRunner.privateRun(SuiteRunner.java:415)
	at org.testng.SuiteRunner.run(SuiteRunner.java:364)
	at org.testng.SuiteRunnerWorker.runSuite(SuiteRunnerWorker.java:52)
	at org.testng.SuiteRunnerWorker.run(SuiteRunnerWorker.java:84)
	at org.testng.TestNG.runSuitesSequentially(TestNG.java:1208)
	at org.testng.TestNG.runSuitesLocally(TestNG.java:1137)
	at org.testng.TestNG.runSuites(TestNG.java:1049)
	at org.testng.TestNG.run(TestNG.java:1017)
	at org.testng.remote.AbstractRemoteTestNG.run(AbstractRemoteTestNG.java:114)
	at org.testng.remote.RemoteTestNG.initAndRun(RemoteTestNG.java:251)
	at org.testng.remote.RemoteTestNG.main(RemoteTestNG.java:77)
</stack-trace>
            </failure>
            <steps/>
            <attachments/>
            <labels>
                <label name="story" value="LA Traditional Case (STP Pass)"/>
                <label name="host" value="MONO-HYD-LAP-14"/>
                <label name="thread" value="10248@MONO-HYD-LAP-14.main(1)"/>
            </labels>
        </test-case>
        <test-case start="1537722265199" stop="1537722265199" status="canceled">
            <name>applicationTracker</name>
            <title>Application Tracker bucket </title>
            <description type="text">Search with application number and wait for realization </description>
            <failure>
                <message>: Skipped due to dependency on other skipped or failed test methods</message>
                <stack-trace>ru.yandex.qatools.allure.testng.AllureTestListener$1: Skipped due to dependency on other skipped or failed test methods
	at ru.yandex.qatools.allure.testng.AllureTestListener.fireTestCaseCancel(AllureTestListener.java:366)
	at ru.yandex.qatools.allure.testng.AllureTestListener.onTestSkipped(AllureTestListener.java:181)
	at org.testng.internal.TestListenerHelper.runTestListeners(TestListenerHelper.java:61)
	at org.testng.internal.Invoker.runTestListeners(Invoker.java:1388)
	at org.testng.internal.Invoker.registerSkippedTestResult(Invoker.java:1062)
	at org.testng.internal.Invoker.invokeTestMethods(Invoker.java:887)
	at org.testng.internal.TestMethodWorker.invokeTestMethods(TestMethodWorker.java:125)
	at org.testng.internal.TestMethodWorker.run(TestMethodWorker.java:109)
	at org.testng.TestRunner.privateRun(TestRunner.java:648)
	at org.testng.TestRunner.run(TestRunner.java:505)
	at org.testng.SuiteRunner.runTest(SuiteRunner.java:455)
	at org.testng.SuiteRunner.runSequentially(SuiteRunner.java:450)
	at org.testng.SuiteRunner.privateRun(SuiteRunner.java:415)
	at org.testng.SuiteRunner.run(SuiteRunner.java:364)
	at org.testng.SuiteRunnerWorker.runSuite(SuiteRunnerWorker.java:52)
	at org.testng.SuiteRunnerWorker.run(SuiteRunnerWorker.java:84)
	at org.testng.TestNG.runSuitesSequentially(TestNG.java:1208)
	at org.testng.TestNG.runSuitesLocally(TestNG.java:1137)
	at org.testng.TestNG.runSuites(TestNG.java:1049)
	at org.testng.TestNG.run(TestNG.java:1017)
	at org.testng.remote.AbstractRemoteTestNG.run(AbstractRemoteTestNG.java:114)
	at org.testng.remote.RemoteTestNG.initAndRun(RemoteTestNG.java:251)
	at org.testng.remote.RemoteTestNG.main(RemoteTestNG.java:77)
</stack-trace>
            </failure>
            <steps/>
            <attachments/>
            <labels>
                <label name="story" value="LA Traditional Case (STP Pass)"/>
                <label name="host" value="MONO-HYD-LAP-14"/>
                <label name="thread" value="10248@MONO-HYD-LAP-14.main(1)"/>
            </labels>
        </test-case>
        <test-case start="1537722265199" stop="1537722265199" status="canceled">
            <name>proposalEnquiry</name>
            <title>Proposal enquiry and Receipt details bucket</title>
            <description type="text">Search with application number and get the receipt details with receipt No. for realization</description>
            <failure>
                <message>: Skipped due to dependency on other skipped or failed test methods</message>
                <stack-trace>ru.yandex.qatools.allure.testng.AllureTestListener$1: Skipped due to dependency on other skipped or failed test methods
	at ru.yandex.qatools.allure.testng.AllureTestListener.fireTestCaseCancel(AllureTestListener.java:366)
	at ru.yandex.qatools.allure.testng.AllureTestListener.onTestSkipped(AllureTestListener.java:181)
	at org.testng.internal.TestListenerHelper.runTestListeners(TestListenerHelper.java:61)
	at org.testng.internal.Invoker.runTestListeners(Invoker.java:1388)
	at org.testng.internal.Invoker.registerSkippedTestResult(Invoker.java:1062)
	at org.testng.internal.Invoker.invokeTestMethods(Invoker.java:887)
	at org.testng.internal.TestMethodWorker.invokeTestMethods(TestMethodWorker.java:125)
	at org.testng.internal.TestMethodWorker.run(TestMethodWorker.java:109)
	at org.testng.TestRunner.privateRun(TestRunner.java:648)
	at org.testng.TestRunner.run(TestRunner.java:505)
	at org.testng.SuiteRunner.runTest(SuiteRunner.java:455)
	at org.testng.SuiteRunner.runSequentially(SuiteRunner.java:450)
	at org.testng.SuiteRunner.privateRun(SuiteRunner.java:415)
	at org.testng.SuiteRunner.run(SuiteRunner.java:364)
	at org.testng.SuiteRunnerWorker.runSuite(SuiteRunnerWorker.java:52)
	at org.testng.SuiteRunnerWorker.run(SuiteRunnerWorker.java:84)
	at org.testng.TestNG.runSuitesSequentially(TestNG.java:1208)
	at org.testng.TestNG.runSuitesLocally(TestNG.java:1137)
	at org.testng.TestNG.runSuites(TestNG.java:1049)
	at org.testng.TestNG.run(TestNG.java:1017)
	at org.testng.remote.AbstractRemoteTestNG.run(AbstractRemoteTestNG.java:114)
	at org.testng.remote.RemoteTestNG.initAndRun(RemoteTestNG.java:251)
	at org.testng.remote.RemoteTestNG.main(RemoteTestNG.java:77)
</stack-trace>
            </failure>
            <steps/>
            <attachments/>
            <labels>
                <label name="story" value="LA Traditional Case (STP Pass)"/>
                <label name="host" value="MONO-HYD-LAP-14"/>
                <label name="thread" value="10248@MONO-HYD-LAP-14.main(1)"/>
            </labels>
        </test-case>
    </test-cases>
    <labels>
        <label name="framework" value="TestNG"/>
        <label name="language" value="JAVA"/>
    </labels>
</ns2:test-suite>
