<?xml version="1.0" encoding="UTF-8" standalone="yes"?>
<ns2:test-suite start="1537724365482" stop="1537724474387" version="1.4.16" xmlns:ns2="urn:model.allure.qatools.yandex.ru">
    <name>Suite : TestLASTPPass</name>
    <title>Suite : TestLASTPPass</title>
    <test-cases>
        <test-case start="1537724373574" stop="1537724420589" status="passed">
            <name>selectNBSBranchInward</name>
            <title>Select Branch Inword bucket and fill the data</title>
            <description type="text">Select BranchInward and fill the data then click on submit </description>
            <steps>
                <step start="1537724365724" stop="1537724365724" status="passed">
                    <name>logStep[User Selected Chrome Browser to execute]</name>
                    <title>User Selected Chrome Browser to execute</title>
                    <attachments/>
                    <steps/>
                </step>
                <step start="1537724369898" stop="1537724369898" status="passed">
                    <name>logStep[chrome  Browser launched]</name>
                    <title>chrome  Browser launched</title>
                    <attachments/>
                    <steps/>
                </step>
                <step start="1537724373274" stop="1537724373274" status="passed">
                    <name>logStep[Url entered : http://10.50.46.80/home/dpli/insurance/DPLIIndex3.htm#/NBbranchInward]</name>
                    <title>Url entered : http://10.50.46.80/home/dpli/insurance/DPLIIndex3.htm#/NBbranchInward</title>
                    <attachments/>
                    <steps/>
                </step>
                <step start="1537724377564" stop="1537724377564" status="passed">
                    <name>logStep[User entered Username]</name>
                    <title>User entered Username</title>
                    <attachments/>
                    <steps/>
                </step>
                <step start="1537724377659" stop="1537724377659" status="passed">
                    <name>logStep[User entered Username]</name>
                    <title>User entered Username</title>
                    <attachments/>
                    <steps/>
                </step>
                <step start="1537724377660" stop="1537724377660" status="passed">
                    <name>logStep[Taking screenshot : Login Page]</name>
                    <title>Taking screenshot : Login Page</title>
                    <attachments/>
                    <steps/>
                </step>
                <step start="1537724378063" stop="1537724378063" status="passed">
                    <name>logStep[User entered UserName / Password ]</name>
                    <title>User entered UserName / Password </title>
                    <attachments/>
                    <steps/>
                </step>
                <step start="1537724378133" stop="1537724378133" status="passed">
                    <name>logStep[User clicked on Login button]</name>
                    <title>User clicked on Login button</title>
                    <attachments/>
                    <steps/>
                </step>
                <step start="1537724386433" stop="1537724386433" status="passed">
                    <name>logStep[Clicked on Branch Inward from NBS ]</name>
                    <title>Clicked on Branch Inward from NBS </title>
                    <attachments/>
                    <steps/>
                </step>
                <step start="1537724386683" stop="1537724386683" status="passed">
                    <name>logStep[Random Proposal number generated: MNB1606553]</name>
                    <title>Random Proposal number generated: MNB1606553</title>
                    <attachments/>
                    <steps/>
                </step>
                <step start="1537724388027" stop="1537724388027" status="passed">
                    <name>logStep[Selected Agent ]</name>
                    <title>Selected Agent </title>
                    <attachments/>
                    <steps/>
                </step>
                <step start="1537724389372" stop="1537724389372" status="passed">
                    <name>logStep[Selected option is : Agent Code]</name>
                    <title>Selected option is : Agent Code</title>
                    <attachments/>
                    <steps/>
                </step>
                <step start="1537724389503" stop="1537724389503" status="passed">
                    <name>logStep[Enter data :70031411]</name>
                    <title>Enter data :70031411</title>
                    <attachments/>
                    <steps/>
                </step>
                <step start="1537724389584" stop="1537724389584" status="passed">
                    <name>logStep[Clicked on search button]</name>
                    <title>Clicked on search button</title>
                    <attachments/>
                    <steps/>
                </step>
                <step start="1537724392298" stop="1537724392298" status="passed">
                    <name>logStep[Selected option is : Ms.]</name>
                    <title>Selected option is : Ms.</title>
                    <attachments/>
                    <steps/>
                </step>
                <step start="1537724392421" stop="1537724392421" status="passed">
                    <name>logStep[Enter data :Bhavishya]</name>
                    <title>Enter data :Bhavishya</title>
                    <attachments/>
                    <steps/>
                </step>
                <step start="1537724392807" stop="1537724392807" status="passed">
                    <name>logStep[Selected option is : Telangana]</name>
                    <title>Selected option is : Telangana</title>
                    <attachments/>
                    <steps/>
                </step>
                <step start="1537724394263" stop="1537724394263" status="passed">
                    <name>logStep[Enter data :9290851186]</name>
                    <title>Enter data :9290851186</title>
                    <attachments/>
                    <steps/>
                </step>
                <step start="1537724394432" stop="1537724394432" status="passed">
                    <name>logStep[Selected option is : Adhaar card]</name>
                    <title>Selected option is : Adhaar card</title>
                    <attachments/>
                    <steps/>
                </step>
                <step start="1537724399302" stop="1537724399302" status="passed">
                    <name>logStep[Selected option is : Non Smoker]</name>
                    <title>Selected option is : Non Smoker</title>
                    <attachments/>
                    <steps/>
                </step>
                <step start="1537724399512" stop="1537724399512" status="passed">
                    <name>logStep[Selected option is : Female]</name>
                    <title>Selected option is : Female</title>
                    <attachments/>
                    <steps/>
                </step>
                <step start="1537724399892" stop="1537724399892" status="passed">
                    <name>logStep[Selected option is : Smart Assure]</name>
                    <title>Selected option is : Smart Assure</title>
                    <attachments/>
                    <steps/>
                </step>
                <step start="1537724400144" stop="1537724400144" status="passed">
                    <name>logStep[Selected option is : 10]</name>
                    <title>Selected option is : 10</title>
                    <attachments/>
                    <steps/>
                </step>
                <step start="1537724400394" stop="1537724400394" status="passed">
                    <name>logStep[Selected option is : 5]</name>
                    <title>Selected option is : 5</title>
                    <attachments/>
                    <steps/>
                </step>
                <step start="1537724400599" stop="1537724400599" status="passed">
                    <name>logStep[Selected option is : Annually]</name>
                    <title>Selected option is : Annually</title>
                    <attachments/>
                    <steps/>
                </step>
                <step start="1537724400801" stop="1537724400801" status="passed">
                    <name>logStep[Selected option is : Sum Assured]</name>
                    <title>Selected option is : Sum Assured</title>
                    <attachments/>
                    <steps/>
                </step>
                <step start="1537724400934" stop="1537724400934" status="passed">
                    <name>logStep[Enter data :100,000]</name>
                    <title>Enter data :100,000</title>
                    <attachments/>
                    <steps/>
                </step>
                <step start="1537724404887" stop="1537724404887" status="passed">
                    <name>logStep[Click on Next button ]</name>
                    <title>Click on Next button </title>
                    <attachments/>
                    <steps/>
                </step>
                <step start="1537724404890" stop="1537724404890" status="passed">
                    <name>logStep[Clicked on GetQuote button]</name>
                    <title>Clicked on GetQuote button</title>
                    <attachments/>
                    <steps/>
                </step>
                <step start="1537724404892" stop="1537724404892" status="passed">
                    <name>logStep[Taking screenshot]</name>
                    <title>Taking screenshot</title>
                    <attachments/>
                    <steps/>
                </step>
                <step start="1537724405529" stop="1537724405529" status="passed">
                    <name>logStep[Quote details saved successfully]</name>
                    <title>Quote details saved successfully</title>
                    <attachments/>
                    <steps/>
                </step>
                <step start="1537724405682" stop="1537724405682" status="passed">
                    <name>logStep[Entered text is :18,945]</name>
                    <title>Entered text is :18,945</title>
                    <attachments/>
                    <steps/>
                </step>
                <step start="1537724407876" stop="1537724407876" status="passed">
                    <name>logStep[Click on Next button ]</name>
                    <title>Click on Next button </title>
                    <attachments/>
                    <steps/>
                </step>
                <step start="1537724407876" stop="1537724407876" status="passed">
                    <name>logStep[Clicked on GetRequirement button]</name>
                    <title>Clicked on GetRequirement button</title>
                    <attachments/>
                    <steps/>
                </step>
                <step start="1537724414404" stop="1537724414404" status="passed">
                    <name>logStep[Click on Next button ]</name>
                    <title>Click on Next button </title>
                    <attachments/>
                    <steps/>
                </step>
                <step start="1537724414406" stop="1537724414406" status="passed">
                    <name>logStep[Clicked on InwardComplete button]</name>
                    <title>Clicked on InwardComplete button</title>
                    <attachments/>
                    <steps/>
                </step>
                <step start="1537724414406" stop="1537724414406" status="passed">
                    <name>logStep[Taking screenshot]</name>
                    <title>Taking screenshot</title>
                    <attachments/>
                    <steps/>
                </step>
                <step start="1537724416841" stop="1537724416841" status="passed">
                    <name>logStep[Taking screenshot]</name>
                    <title>Taking screenshot</title>
                    <attachments/>
                    <steps/>
                </step>
                <step start="1537724420213" stop="1537724420213" status="passed">
                    <name>logStep[Click on Next button ]</name>
                    <title>Click on Next button </title>
                    <attachments/>
                    <steps/>
                </step>
                <step start="1537724420214" stop="1537724420214" status="passed">
                    <name>logStep[clicked on Yes proceed button]</name>
                    <title>clicked on Yes proceed button</title>
                    <attachments/>
                    <steps/>
                </step>
                <step start="1537724420255" stop="1537724420255" status="passed">
                    <name>logStep[message : -- Inward for Proposal No. MNB1606553 is in processing, Please check after some time]</name>
                    <title>message : -- Inward for Proposal No. MNB1606553 is in processing, Please check after some time</title>
                    <attachments/>
                    <steps/>
                </step>
                <step start="1537724420255" stop="1537724420255" status="passed">
                    <name>logStep[Taking screenshot]</name>
                    <title>Taking screenshot</title>
                    <attachments/>
                    <steps/>
                </step>
                <step start="1537724420584" stop="1537724420584" status="passed">
                    <name>logStep[Clicked on OK button]</name>
                    <title>Clicked on OK button</title>
                    <attachments/>
                    <steps/>
                </step>
            </steps>
            <attachments>
                <attachment title="Screenshot" source="afd80aaf-7347-423d-b51d-25ad07ce8128-attachment.png" type="image/png"/>
                <attachment title="Screenshot" source="bc1713f2-e3b2-4585-ab7f-b6a7a4176524-attachment.png" type="image/png"/>
                <attachment title="Screenshot" source="29317695-efee-4cdc-a5fc-59f1527cca8f-attachment.png" type="image/png"/>
                <attachment title="Screenshot" source="816a1450-d29f-4ae6-a9b8-2fbf10e03acb-attachment.png" type="image/png"/>
                <attachment title="Screenshot" source="61b717cc-c055-4b2d-a766-aae8858f9bd7-attachment.png" type="image/png"/>
            </attachments>
            <labels>
                <label name="story" value="LA Traditional Case (STP Pass)"/>
                <label name="host" value="MONO-HYD-LAP-14"/>
                <label name="thread" value="18708@MONO-HYD-LAP-14.main(1)"/>
            </labels>
        </test-case>
        <test-case start="1537724420598" stop="1537724473462" status="failed">
            <name>submitReciept</name>
            <title>Submit Receipt Bucket</title>
            <description type="text">Search with application number in Receipt and fill requierd data and submit </description>
            <failure>
                <message>AssertionError: For Direct Deposit Transactions, Deposit Txn Refno is Mandatory
Please check the details and try again</message>
                <stack-trace>java.lang.AssertionError: For Direct Deposit Transactions, Deposit Txn Refno is Mandatory
Please check the details and try again
	at org.junit.Assert.fail(Assert.java:93)
	at pageObjectClasses.ProposalDetails.fillInstrumentDetails(ProposalDetails.java:174)
	at Cosmos_Testcases.LATraditionalstppass.submitReciept(LATraditionalstppass.java:98)
	at sun.reflect.NativeMethodAccessorImpl.invoke0(Native Method)
	at sun.reflect.NativeMethodAccessorImpl.invoke(NativeMethodAccessorImpl.java:62)
	at sun.reflect.DelegatingMethodAccessorImpl.invoke(DelegatingMethodAccessorImpl.java:43)
	at java.lang.reflect.Method.invoke(Method.java:498)
	at org.testng.internal.MethodInvocationHelper.invokeMethod(MethodInvocationHelper.java:124)
	at org.testng.internal.Invoker.invokeMethod(Invoker.java:580)
	at org.testng.internal.Invoker.invokeTestMethod(Invoker.java:716)
	at org.testng.internal.Invoker.invokeTestMethods(Invoker.java:988)
	at org.testng.internal.TestMethodWorker.invokeTestMethods(TestMethodWorker.java:125)
	at org.testng.internal.TestMethodWorker.run(TestMethodWorker.java:109)
	at org.testng.TestRunner.privateRun(TestRunner.java:648)
	at org.testng.TestRunner.run(TestRunner.java:505)
	at org.testng.SuiteRunner.runTest(SuiteRunner.java:455)
	at org.testng.SuiteRunner.runSequentially(SuiteRunner.java:450)
	at org.testng.SuiteRunner.privateRun(SuiteRunner.java:415)
	at org.testng.SuiteRunner.run(SuiteRunner.java:364)
	at org.testng.SuiteRunnerWorker.runSuite(SuiteRunnerWorker.java:52)
	at org.testng.SuiteRunnerWorker.run(SuiteRunnerWorker.java:84)
	at org.testng.TestNG.runSuitesSequentially(TestNG.java:1208)
	at org.testng.TestNG.runSuitesLocally(TestNG.java:1137)
	at org.testng.TestNG.runSuites(TestNG.java:1049)
	at org.testng.TestNG.run(TestNG.java:1017)
	at org.testng.remote.AbstractRemoteTestNG.run(AbstractRemoteTestNG.java:114)
	at org.testng.remote.RemoteTestNG.initAndRun(RemoteTestNG.java:251)
	at org.testng.remote.RemoteTestNG.main(RemoteTestNG.java:77)
</stack-trace>
            </failure>
            <steps>
                <step start="1537724423125" stop="1537724423125" status="passed">
                    <name>logStep[Taking screenshot]</name>
                    <title>Taking screenshot</title>
                </step>
                <step start="1537724423392" stop="1537724423392" status="passed">
                    <name>logStep[Clicked on inbox button for selecting : inBox]</name>
                    <title>Clicked on inbox button for selecting : inBox</title>
                </step>
                <step start="1537724425545" stop="1537724425545" status="passed">
                    <name>logStep[clicked on : Receipt]</name>
                    <title>clicked on : Receipt</title>
                </step>
                <step start="1537724425545" stop="1537724425545" status="passed">
                    <name>logStep[Taking screenshot]</name>
                    <title>Taking screenshot</title>
                </step>
                <step start="1537724432493" stop="1537724432493" status="passed">
                    <name>logStep[Entered text is :MNB1606553]</name>
                    <title>Entered text is :MNB1606553</title>
                </step>
                <step start="1537724434812" stop="1537724434812" status="passed">
                    <name>logStep[Clicked on Proposal numMNB1606553]</name>
                    <title>Clicked on Proposal numMNB1606553</title>
                </step>
                <step start="1537724437093" stop="1537724437093" status="passed">
                    <name>logStep[Selected Branch is : HO]</name>
                    <title>Selected Branch is : HO</title>
                </step>
                <step start="1537724439351" stop="1537724439351" status="passed">
                    <name>logStep[Selected option is : HO - SBI]</name>
                    <title>Selected option is : HO - SBI</title>
                </step>
                <step start="1537724439462" stop="1537724439462" status="passed">
                    <name>logStep[Clicked on AddInstrument button]</name>
                    <title>Clicked on AddInstrument button</title>
                </step>
                <step start="1537724442146" stop="1537724442146" status="passed">
                    <name>logStep[Selected option is : Debit Cards]</name>
                    <title>Selected option is : Debit Cards</title>
                </step>
                <step start="1537724442267" stop="1537724442267" status="passed">
                    <name>logStep[Selected option is : Yes]</name>
                    <title>Selected option is : Yes</title>
                </step>
                <step start="1537724444812" stop="1537724444812" status="passed">
                    <name>logStep[Selected option is : Available]</name>
                    <title>Selected option is : Available</title>
                </step>
                <step start="1537724445084" stop="1537724445085" status="passed">
                    <name>logStep[Taking screenshot]</name>
                    <title>Taking screenshot</title>
                </step>
                <step start="1537724456144" stop="1537724456144" status="passed">
                    <name>logStep[clicked on create receipt button]</name>
                    <title>clicked on create receipt button</title>
                </step>
                <step start="1537724460619" stop="1537724460619" status="passed">
                    <name>logStep[Taking screenshot]</name>
                    <title>Taking screenshot</title>
                </step>
                <step start="1537724466183" stop="1537724466183" status="passed">
                    <name>logStep[For Direct Deposit Transactions, Deposit Txn Refno is Mandatory
Please check the details and try again]</name>
                    <title>For Direct Deposit Transactions, Deposit Txn Refno is Mandatory
Please check the details and try again</title>
                </step>
                <step start="1537724468114" stop="1537724468114" status="passed">
                    <name>logStep[Taking screenshot]</name>
                    <title>Taking screenshot</title>
                </step>
            </steps>
            <attachments>
                <attachment title="Screenshot" source="abbd9df4-135a-4dbd-aeb8-cc18a6e1787b-attachment.png" type="image/png"/>
                <attachment title="Screenshot" source="1d8da99b-98d0-42c7-8bba-761387deac87-attachment.png" type="image/png"/>
                <attachment title="Screenshot" source="81ea9447-1a87-4373-bdae-ae01cc125463-attachment.png" type="image/png"/>
                <attachment title="Screenshot" source="0c399415-b8df-4176-9c0f-11d3c058b15d-attachment.png" type="image/png"/>
                <attachment title="Screenshot" source="e9e64614-4c9c-4bb3-936f-67753757a6df-attachment.png" type="image/png"/>
            </attachments>
            <labels>
                <label name="story" value="LA Traditional Case (STP Pass)"/>
                <label name="host" value="MONO-HYD-LAP-14"/>
                <label name="thread" value="18708@MONO-HYD-LAP-14.main(1)"/>
            </labels>
        </test-case>
        <test-case start="1537724473462" stop="1537724473462" status="canceled">
            <name>pendingBranchScrutny</name>
            <title>Pending brach scrytny bucket</title>
            <description type="text">Search with application number and Submit</description>
            <failure>
                <message>: Skipped due to dependency on other skipped or failed test methods</message>
                <stack-trace>ru.yandex.qatools.allure.testng.AllureTestListener$1: Skipped due to dependency on other skipped or failed test methods
	at ru.yandex.qatools.allure.testng.AllureTestListener.fireTestCaseCancel(AllureTestListener.java:366)
	at ru.yandex.qatools.allure.testng.AllureTestListener.onTestSkipped(AllureTestListener.java:181)
	at org.testng.internal.TestListenerHelper.runTestListeners(TestListenerHelper.java:61)
	at org.testng.internal.Invoker.runTestListeners(Invoker.java:1388)
	at org.testng.internal.Invoker.registerSkippedTestResult(Invoker.java:1062)
	at org.testng.internal.Invoker.invokeTestMethods(Invoker.java:887)
	at org.testng.internal.TestMethodWorker.invokeTestMethods(TestMethodWorker.java:125)
	at org.testng.internal.TestMethodWorker.run(TestMethodWorker.java:109)
	at org.testng.TestRunner.privateRun(TestRunner.java:648)
	at org.testng.TestRunner.run(TestRunner.java:505)
	at org.testng.SuiteRunner.runTest(SuiteRunner.java:455)
	at org.testng.SuiteRunner.runSequentially(SuiteRunner.java:450)
	at org.testng.SuiteRunner.privateRun(SuiteRunner.java:415)
	at org.testng.SuiteRunner.run(SuiteRunner.java:364)
	at org.testng.SuiteRunnerWorker.runSuite(SuiteRunnerWorker.java:52)
	at org.testng.SuiteRunnerWorker.run(SuiteRunnerWorker.java:84)
	at org.testng.TestNG.runSuitesSequentially(TestNG.java:1208)
	at org.testng.TestNG.runSuitesLocally(TestNG.java:1137)
	at org.testng.TestNG.runSuites(TestNG.java:1049)
	at org.testng.TestNG.run(TestNG.java:1017)
	at org.testng.remote.AbstractRemoteTestNG.run(AbstractRemoteTestNG.java:114)
	at org.testng.remote.RemoteTestNG.initAndRun(RemoteTestNG.java:251)
	at org.testng.remote.RemoteTestNG.main(RemoteTestNG.java:77)
</stack-trace>
            </failure>
            <steps/>
            <attachments/>
            <labels>
                <label name="story" value="LA Traditional Case (STP Pass)"/>
                <label name="host" value="MONO-HYD-LAP-14"/>
                <label name="thread" value="18708@MONO-HYD-LAP-14.main(1)"/>
            </labels>
        </test-case>
        <test-case start="1537724473477" stop="1537724473477" status="canceled">
            <name>selectDispatch</name>
            <title>DispatchMode bucket</title>
            <description type="text">Search with application number and submit</description>
            <failure>
                <message>: Skipped due to dependency on other skipped or failed test methods</message>
                <stack-trace>ru.yandex.qatools.allure.testng.AllureTestListener$1: Skipped due to dependency on other skipped or failed test methods
	at ru.yandex.qatools.allure.testng.AllureTestListener.fireTestCaseCancel(AllureTestListener.java:366)
	at ru.yandex.qatools.allure.testng.AllureTestListener.onTestSkipped(AllureTestListener.java:181)
	at org.testng.internal.TestListenerHelper.runTestListeners(TestListenerHelper.java:61)
	at org.testng.internal.Invoker.runTestListeners(Invoker.java:1388)
	at org.testng.internal.Invoker.registerSkippedTestResult(Invoker.java:1062)
	at org.testng.internal.Invoker.invokeTestMethods(Invoker.java:887)
	at org.testng.internal.TestMethodWorker.invokeTestMethods(TestMethodWorker.java:125)
	at org.testng.internal.TestMethodWorker.run(TestMethodWorker.java:109)
	at org.testng.TestRunner.privateRun(TestRunner.java:648)
	at org.testng.TestRunner.run(TestRunner.java:505)
	at org.testng.SuiteRunner.runTest(SuiteRunner.java:455)
	at org.testng.SuiteRunner.runSequentially(SuiteRunner.java:450)
	at org.testng.SuiteRunner.privateRun(SuiteRunner.java:415)
	at org.testng.SuiteRunner.run(SuiteRunner.java:364)
	at org.testng.SuiteRunnerWorker.runSuite(SuiteRunnerWorker.java:52)
	at org.testng.SuiteRunnerWorker.run(SuiteRunnerWorker.java:84)
	at org.testng.TestNG.runSuitesSequentially(TestNG.java:1208)
	at org.testng.TestNG.runSuitesLocally(TestNG.java:1137)
	at org.testng.TestNG.runSuites(TestNG.java:1049)
	at org.testng.TestNG.run(TestNG.java:1017)
	at org.testng.remote.AbstractRemoteTestNG.run(AbstractRemoteTestNG.java:114)
	at org.testng.remote.RemoteTestNG.initAndRun(RemoteTestNG.java:251)
	at org.testng.remote.RemoteTestNG.main(RemoteTestNG.java:77)
</stack-trace>
            </failure>
            <steps/>
            <attachments/>
            <labels>
                <label name="story" value="LA Traditional Case (STP Pass)"/>
                <label name="host" value="MONO-HYD-LAP-14"/>
                <label name="thread" value="18708@MONO-HYD-LAP-14.main(1)"/>
            </labels>
        </test-case>
        <test-case start="1537724473477" stop="1537724473477" status="canceled">
            <name>scanAndIndex</name>
            <title>Scan and Index bucket</title>
            <description type="text">Search with application number and upload requiered documents and submit</description>
            <failure>
                <message>: Skipped due to dependency on other skipped or failed test methods</message>
                <stack-trace>ru.yandex.qatools.allure.testng.AllureTestListener$1: Skipped due to dependency on other skipped or failed test methods
	at ru.yandex.qatools.allure.testng.AllureTestListener.fireTestCaseCancel(AllureTestListener.java:366)
	at ru.yandex.qatools.allure.testng.AllureTestListener.onTestSkipped(AllureTestListener.java:181)
	at org.testng.internal.TestListenerHelper.runTestListeners(TestListenerHelper.java:61)
	at org.testng.internal.Invoker.runTestListeners(Invoker.java:1388)
	at org.testng.internal.Invoker.registerSkippedTestResult(Invoker.java:1062)
	at org.testng.internal.Invoker.invokeTestMethods(Invoker.java:887)
	at org.testng.internal.TestMethodWorker.invokeTestMethods(TestMethodWorker.java:125)
	at org.testng.internal.TestMethodWorker.run(TestMethodWorker.java:109)
	at org.testng.TestRunner.privateRun(TestRunner.java:648)
	at org.testng.TestRunner.run(TestRunner.java:505)
	at org.testng.SuiteRunner.runTest(SuiteRunner.java:455)
	at org.testng.SuiteRunner.runSequentially(SuiteRunner.java:450)
	at org.testng.SuiteRunner.privateRun(SuiteRunner.java:415)
	at org.testng.SuiteRunner.run(SuiteRunner.java:364)
	at org.testng.SuiteRunnerWorker.runSuite(SuiteRunnerWorker.java:52)
	at org.testng.SuiteRunnerWorker.run(SuiteRunnerWorker.java:84)
	at org.testng.TestNG.runSuitesSequentially(TestNG.java:1208)
	at org.testng.TestNG.runSuitesLocally(TestNG.java:1137)
	at org.testng.TestNG.runSuites(TestNG.java:1049)
	at org.testng.TestNG.run(TestNG.java:1017)
	at org.testng.remote.AbstractRemoteTestNG.run(AbstractRemoteTestNG.java:114)
	at org.testng.remote.RemoteTestNG.initAndRun(RemoteTestNG.java:251)
	at org.testng.remote.RemoteTestNG.main(RemoteTestNG.java:77)
</stack-trace>
            </failure>
            <steps/>
            <attachments/>
            <labels>
                <label name="story" value="LA Traditional Case (STP Pass)"/>
                <label name="host" value="MONO-HYD-LAP-14"/>
                <label name="thread" value="18708@MONO-HYD-LAP-14.main(1)"/>
            </labels>
        </test-case>
        <test-case start="1537724473477" stop="1537724473477" status="canceled">
            <name>copsInwardBucket</name>
            <title>Cops inward bucket</title>
            <description type="text">Search with application number and submit</description>
            <failure>
                <message>: Skipped due to dependency on other skipped or failed test methods</message>
                <stack-trace>ru.yandex.qatools.allure.testng.AllureTestListener$1: Skipped due to dependency on other skipped or failed test methods
	at ru.yandex.qatools.allure.testng.AllureTestListener.fireTestCaseCancel(AllureTestListener.java:366)
	at ru.yandex.qatools.allure.testng.AllureTestListener.onTestSkipped(AllureTestListener.java:181)
	at org.testng.internal.TestListenerHelper.runTestListeners(TestListenerHelper.java:61)
	at org.testng.internal.Invoker.runTestListeners(Invoker.java:1388)
	at org.testng.internal.Invoker.registerSkippedTestResult(Invoker.java:1062)
	at org.testng.internal.Invoker.invokeTestMethods(Invoker.java:887)
	at org.testng.internal.TestMethodWorker.invokeTestMethods(TestMethodWorker.java:125)
	at org.testng.internal.TestMethodWorker.run(TestMethodWorker.java:109)
	at org.testng.TestRunner.privateRun(TestRunner.java:648)
	at org.testng.TestRunner.run(TestRunner.java:505)
	at org.testng.SuiteRunner.runTest(SuiteRunner.java:455)
	at org.testng.SuiteRunner.runSequentially(SuiteRunner.java:450)
	at org.testng.SuiteRunner.privateRun(SuiteRunner.java:415)
	at org.testng.SuiteRunner.run(SuiteRunner.java:364)
	at org.testng.SuiteRunnerWorker.runSuite(SuiteRunnerWorker.java:52)
	at org.testng.SuiteRunnerWorker.run(SuiteRunnerWorker.java:84)
	at org.testng.TestNG.runSuitesSequentially(TestNG.java:1208)
	at org.testng.TestNG.runSuitesLocally(TestNG.java:1137)
	at org.testng.TestNG.runSuites(TestNG.java:1049)
	at org.testng.TestNG.run(TestNG.java:1017)
	at org.testng.remote.AbstractRemoteTestNG.run(AbstractRemoteTestNG.java:114)
	at org.testng.remote.RemoteTestNG.initAndRun(RemoteTestNG.java:251)
	at org.testng.remote.RemoteTestNG.main(RemoteTestNG.java:77)
</stack-trace>
            </failure>
            <steps/>
            <attachments/>
            <labels>
                <label name="story" value="LA Traditional Case (STP Pass)"/>
                <label name="host" value="MONO-HYD-LAP-14"/>
                <label name="thread" value="18708@MONO-HYD-LAP-14.main(1)"/>
            </labels>
        </test-case>
        <test-case start="1537724473477" stop="1537724473477" status="canceled">
            <name>nbsDataEntry</name>
            <title>NBS data entry bucket</title>
            <description type="text">Search with application number and enter all the requiered data and submit</description>
            <failure>
                <message>: Skipped due to dependency on other skipped or failed test methods</message>
                <stack-trace>ru.yandex.qatools.allure.testng.AllureTestListener$1: Skipped due to dependency on other skipped or failed test methods
	at ru.yandex.qatools.allure.testng.AllureTestListener.fireTestCaseCancel(AllureTestListener.java:366)
	at ru.yandex.qatools.allure.testng.AllureTestListener.onTestSkipped(AllureTestListener.java:181)
	at org.testng.internal.TestListenerHelper.runTestListeners(TestListenerHelper.java:61)
	at org.testng.internal.Invoker.runTestListeners(Invoker.java:1388)
	at org.testng.internal.Invoker.registerSkippedTestResult(Invoker.java:1062)
	at org.testng.internal.Invoker.invokeTestMethods(Invoker.java:887)
	at org.testng.internal.TestMethodWorker.invokeTestMethods(TestMethodWorker.java:125)
	at org.testng.internal.TestMethodWorker.run(TestMethodWorker.java:109)
	at org.testng.TestRunner.privateRun(TestRunner.java:648)
	at org.testng.TestRunner.run(TestRunner.java:505)
	at org.testng.SuiteRunner.runTest(SuiteRunner.java:455)
	at org.testng.SuiteRunner.runSequentially(SuiteRunner.java:450)
	at org.testng.SuiteRunner.privateRun(SuiteRunner.java:415)
	at org.testng.SuiteRunner.run(SuiteRunner.java:364)
	at org.testng.SuiteRunnerWorker.runSuite(SuiteRunnerWorker.java:52)
	at org.testng.SuiteRunnerWorker.run(SuiteRunnerWorker.java:84)
	at org.testng.TestNG.runSuitesSequentially(TestNG.java:1208)
	at org.testng.TestNG.runSuitesLocally(TestNG.java:1137)
	at org.testng.TestNG.runSuites(TestNG.java:1049)
	at org.testng.TestNG.run(TestNG.java:1017)
	at org.testng.remote.AbstractRemoteTestNG.run(AbstractRemoteTestNG.java:114)
	at org.testng.remote.RemoteTestNG.initAndRun(RemoteTestNG.java:251)
	at org.testng.remote.RemoteTestNG.main(RemoteTestNG.java:77)
</stack-trace>
            </failure>
            <steps/>
            <attachments/>
            <labels>
                <label name="story" value="LA Traditional Case (STP Pass)"/>
                <label name="host" value="MONO-HYD-LAP-14"/>
                <label name="thread" value="18708@MONO-HYD-LAP-14.main(1)"/>
            </labels>
        </test-case>
        <test-case start="1537724473493" stop="1537724473493" status="canceled">
            <name>copsQc</name>
            <title>CopsQC bucket</title>
            <description type="text">Search with application number and Verify all the NBS data entered correctly </description>
            <failure>
                <message>: Skipped due to dependency on other skipped or failed test methods</message>
                <stack-trace>ru.yandex.qatools.allure.testng.AllureTestListener$1: Skipped due to dependency on other skipped or failed test methods
	at ru.yandex.qatools.allure.testng.AllureTestListener.fireTestCaseCancel(AllureTestListener.java:366)
	at ru.yandex.qatools.allure.testng.AllureTestListener.onTestSkipped(AllureTestListener.java:181)
	at org.testng.internal.TestListenerHelper.runTestListeners(TestListenerHelper.java:61)
	at org.testng.internal.Invoker.runTestListeners(Invoker.java:1388)
	at org.testng.internal.Invoker.registerSkippedTestResult(Invoker.java:1062)
	at org.testng.internal.Invoker.invokeTestMethods(Invoker.java:887)
	at org.testng.internal.TestMethodWorker.invokeTestMethods(TestMethodWorker.java:125)
	at org.testng.internal.TestMethodWorker.run(TestMethodWorker.java:109)
	at org.testng.TestRunner.privateRun(TestRunner.java:648)
	at org.testng.TestRunner.run(TestRunner.java:505)
	at org.testng.SuiteRunner.runTest(SuiteRunner.java:455)
	at org.testng.SuiteRunner.runSequentially(SuiteRunner.java:450)
	at org.testng.SuiteRunner.privateRun(SuiteRunner.java:415)
	at org.testng.SuiteRunner.run(SuiteRunner.java:364)
	at org.testng.SuiteRunnerWorker.runSuite(SuiteRunnerWorker.java:52)
	at org.testng.SuiteRunnerWorker.run(SuiteRunnerWorker.java:84)
	at org.testng.TestNG.runSuitesSequentially(TestNG.java:1208)
	at org.testng.TestNG.runSuitesLocally(TestNG.java:1137)
	at org.testng.TestNG.runSuites(TestNG.java:1049)
	at org.testng.TestNG.run(TestNG.java:1017)
	at org.testng.remote.AbstractRemoteTestNG.run(AbstractRemoteTestNG.java:114)
	at org.testng.remote.RemoteTestNG.initAndRun(RemoteTestNG.java:251)
	at org.testng.remote.RemoteTestNG.main(RemoteTestNG.java:77)
</stack-trace>
            </failure>
            <steps/>
            <attachments/>
            <labels>
                <label name="story" value="LA Traditional Case (STP Pass)"/>
                <label name="host" value="MONO-HYD-LAP-14"/>
                <label name="thread" value="18708@MONO-HYD-LAP-14.main(1)"/>
            </labels>
        </test-case>
        <test-case start="1537724473493" stop="1537724473493" status="canceled">
            <name>applicationTracker</name>
            <title>Application Tracker bucket </title>
            <description type="text">Search with application number and wait for realization </description>
            <failure>
                <message>: Skipped due to dependency on other skipped or failed test methods</message>
                <stack-trace>ru.yandex.qatools.allure.testng.AllureTestListener$1: Skipped due to dependency on other skipped or failed test methods
	at ru.yandex.qatools.allure.testng.AllureTestListener.fireTestCaseCancel(AllureTestListener.java:366)
	at ru.yandex.qatools.allure.testng.AllureTestListener.onTestSkipped(AllureTestListener.java:181)
	at org.testng.internal.TestListenerHelper.runTestListeners(TestListenerHelper.java:61)
	at org.testng.internal.Invoker.runTestListeners(Invoker.java:1388)
	at org.testng.internal.Invoker.registerSkippedTestResult(Invoker.java:1062)
	at org.testng.internal.Invoker.invokeTestMethods(Invoker.java:887)
	at org.testng.internal.TestMethodWorker.invokeTestMethods(TestMethodWorker.java:125)
	at org.testng.internal.TestMethodWorker.run(TestMethodWorker.java:109)
	at org.testng.TestRunner.privateRun(TestRunner.java:648)
	at org.testng.TestRunner.run(TestRunner.java:505)
	at org.testng.SuiteRunner.runTest(SuiteRunner.java:455)
	at org.testng.SuiteRunner.runSequentially(SuiteRunner.java:450)
	at org.testng.SuiteRunner.privateRun(SuiteRunner.java:415)
	at org.testng.SuiteRunner.run(SuiteRunner.java:364)
	at org.testng.SuiteRunnerWorker.runSuite(SuiteRunnerWorker.java:52)
	at org.testng.SuiteRunnerWorker.run(SuiteRunnerWorker.java:84)
	at org.testng.TestNG.runSuitesSequentially(TestNG.java:1208)
	at org.testng.TestNG.runSuitesLocally(TestNG.java:1137)
	at org.testng.TestNG.runSuites(TestNG.java:1049)
	at org.testng.TestNG.run(TestNG.java:1017)
	at org.testng.remote.AbstractRemoteTestNG.run(AbstractRemoteTestNG.java:114)
	at org.testng.remote.RemoteTestNG.initAndRun(RemoteTestNG.java:251)
	at org.testng.remote.RemoteTestNG.main(RemoteTestNG.java:77)
</stack-trace>
            </failure>
            <steps/>
            <attachments/>
            <labels>
                <label name="story" value="LA Traditional Case (STP Pass)"/>
                <label name="host" value="MONO-HYD-LAP-14"/>
                <label name="thread" value="18708@MONO-HYD-LAP-14.main(1)"/>
            </labels>
        </test-case>
        <test-case start="1537724473509" stop="1537724473509" status="canceled">
            <name>proposalEnquiry</name>
            <title>Proposal enquiry and Receipt details bucket</title>
            <description type="text">Search with application number and get the receipt details with receipt No. for realization</description>
            <failure>
                <message>: Skipped due to dependency on other skipped or failed test methods</message>
                <stack-trace>ru.yandex.qatools.allure.testng.AllureTestListener$1: Skipped due to dependency on other skipped or failed test methods
	at ru.yandex.qatools.allure.testng.AllureTestListener.fireTestCaseCancel(AllureTestListener.java:366)
	at ru.yandex.qatools.allure.testng.AllureTestListener.onTestSkipped(AllureTestListener.java:181)
	at org.testng.internal.TestListenerHelper.runTestListeners(TestListenerHelper.java:61)
	at org.testng.internal.Invoker.runTestListeners(Invoker.java:1388)
	at org.testng.internal.Invoker.registerSkippedTestResult(Invoker.java:1062)
	at org.testng.internal.Invoker.invokeTestMethods(Invoker.java:887)
	at org.testng.internal.TestMethodWorker.invokeTestMethods(TestMethodWorker.java:125)
	at org.testng.internal.TestMethodWorker.run(TestMethodWorker.java:109)
	at org.testng.TestRunner.privateRun(TestRunner.java:648)
	at org.testng.TestRunner.run(TestRunner.java:505)
	at org.testng.SuiteRunner.runTest(SuiteRunner.java:455)
	at org.testng.SuiteRunner.runSequentially(SuiteRunner.java:450)
	at org.testng.SuiteRunner.privateRun(SuiteRunner.java:415)
	at org.testng.SuiteRunner.run(SuiteRunner.java:364)
	at org.testng.SuiteRunnerWorker.runSuite(SuiteRunnerWorker.java:52)
	at org.testng.SuiteRunnerWorker.run(SuiteRunnerWorker.java:84)
	at org.testng.TestNG.runSuitesSequentially(TestNG.java:1208)
	at org.testng.TestNG.runSuitesLocally(TestNG.java:1137)
	at org.testng.TestNG.runSuites(TestNG.java:1049)
	at org.testng.TestNG.run(TestNG.java:1017)
	at org.testng.remote.AbstractRemoteTestNG.run(AbstractRemoteTestNG.java:114)
	at org.testng.remote.RemoteTestNG.initAndRun(RemoteTestNG.java:251)
	at org.testng.remote.RemoteTestNG.main(RemoteTestNG.java:77)
</stack-trace>
            </failure>
            <steps/>
            <attachments/>
            <labels>
                <label name="story" value="LA Traditional Case (STP Pass)"/>
                <label name="host" value="MONO-HYD-LAP-14"/>
                <label name="thread" value="18708@MONO-HYD-LAP-14.main(1)"/>
            </labels>
        </test-case>
    </test-cases>
    <labels>
        <label name="framework" value="TestNG"/>
        <label name="language" value="JAVA"/>
    </labels>
</ns2:test-suite>
