<?xml version="1.0" encoding="UTF-8" standalone="yes"?>
<ns2:test-suite start="1537721692062" stop="1537721761796" version="1.4.16" xmlns:ns2="urn:model.allure.qatools.yandex.ru">
    <name>Suite : TestLATOIL</name>
    <title>Suite : TestLATOIL</title>
    <test-cases>
        <test-case start="1537721692062" stop="1537721692062" status="pending">
            <name>callVerificationBucket</name>
            <title>Call Verification bucket </title>
            <description type="text">Search with application number and wait for Call verification </description>
            <failure>
                <message>Test not implemented yet</message>
                <stack-trace>There are no stack trace</stack-trace>
            </failure>
            <steps/>
            <attachments/>
            <labels>
                <label name="story" value="LA Cosmos TO IL"/>
                <label name="host" value="MONO-HYD-LAP-14"/>
                <label name="thread" value="14136@MONO-HYD-LAP-14.main(1)"/>
            </labels>
        </test-case>
        <test-case start="1537721697273" stop="1537721741154" status="passed">
            <name>selectNBSBranchInward</name>
            <title>Select Branch Inword bucket and fill the data</title>
            <description type="text">Select BranchInword and fill the data then click on submit </description>
            <steps>
                <step start="1537721692062" stop="1537721692062" status="passed">
                    <name>logStep[User Selected Chrome Browser to execute]</name>
                    <title>User Selected Chrome Browser to execute</title>
                    <attachments/>
                    <steps/>
                </step>
                <step start="1537721694641" stop="1537721694641" status="passed">
                    <name>logStep[chrome  Browser launched]</name>
                    <title>chrome  Browser launched</title>
                    <attachments/>
                    <steps/>
                </step>
                <step start="1537721697253" stop="1537721697253" status="passed">
                    <name>logStep[Url entered : http://10.50.46.80/home/dpli/insurance/DPLIIndex3.htm#/NBbranchInward]</name>
                    <title>Url entered : http://10.50.46.80/home/dpli/insurance/DPLIIndex3.htm#/NBbranchInward</title>
                    <attachments/>
                    <steps/>
                </step>
                <step start="1537721697390" stop="1537721697390" status="passed">
                    <name>logStep[Sheet Name not matched with test data]</name>
                    <title>Sheet Name not matched with test data</title>
                    <attachments/>
                    <steps/>
                </step>
                <step start="1537721699654" stop="1537721699654" status="passed">
                    <name>logStep[User entered Username]</name>
                    <title>User entered Username</title>
                    <attachments/>
                    <steps/>
                </step>
                <step start="1537721699734" stop="1537721699734" status="passed">
                    <name>logStep[User entered Username]</name>
                    <title>User entered Username</title>
                    <attachments/>
                    <steps/>
                </step>
                <step start="1537721699735" stop="1537721699735" status="passed">
                    <name>logStep[Taking screenshot : Login Page]</name>
                    <title>Taking screenshot : Login Page</title>
                    <attachments/>
                    <steps/>
                </step>
                <step start="1537721699976" stop="1537721699976" status="passed">
                    <name>logStep[User entered UserName / Password ]</name>
                    <title>User entered UserName / Password </title>
                    <attachments/>
                    <steps/>
                </step>
                <step start="1537721700066" stop="1537721700066" status="passed">
                    <name>logStep[User clicked on Login button]</name>
                    <title>User clicked on Login button</title>
                    <attachments/>
                    <steps/>
                </step>
                <step start="1537721708340" stop="1537721708340" status="passed">
                    <name>logStep[Clicked on Branch Inward from NBS ]</name>
                    <title>Clicked on Branch Inward from NBS </title>
                    <attachments/>
                    <steps/>
                </step>
                <step start="1537721708393" stop="1537721708393" status="passed">
                    <name>logStep[Sheet Name not matched with test data]</name>
                    <title>Sheet Name not matched with test data</title>
                    <attachments/>
                    <steps/>
                </step>
                <step start="1537721708393" stop="1537721708393" status="passed">
                    <name>logStep[Sheet Name not matched with test data]</name>
                    <title>Sheet Name not matched with test data</title>
                    <attachments/>
                    <steps/>
                </step>
                <step start="1537721708532" stop="1537721708532" status="passed">
                    <name>logStep[Random Proposal number generated: MNB5485900]</name>
                    <title>Random Proposal number generated: MNB5485900</title>
                    <attachments/>
                    <steps/>
                </step>
                <step start="1537721709826" stop="1537721709826" status="passed">
                    <name>logStep[Selected Agent ]</name>
                    <title>Selected Agent </title>
                    <attachments/>
                    <steps/>
                </step>
                <step start="1537721711124" stop="1537721711124" status="passed">
                    <name>logStep[Selected option is : Agent Code]</name>
                    <title>Selected option is : Agent Code</title>
                    <attachments/>
                    <steps/>
                </step>
                <step start="1537721711251" stop="1537721711251" status="passed">
                    <name>logStep[Enter data :70031411]</name>
                    <title>Enter data :70031411</title>
                    <attachments/>
                    <steps/>
                </step>
                <step start="1537721711328" stop="1537721711328" status="passed">
                    <name>logStep[Clicked on search button]</name>
                    <title>Clicked on search button</title>
                    <attachments/>
                    <steps/>
                </step>
                <step start="1537721714084" stop="1537721714084" status="passed">
                    <name>logStep[Selected option is : Mr.]</name>
                    <title>Selected option is : Mr.</title>
                    <attachments/>
                    <steps/>
                </step>
                <step start="1537721714212" stop="1537721714212" status="passed">
                    <name>logStep[Enter data :Sateesh]</name>
                    <title>Enter data :Sateesh</title>
                    <attachments/>
                    <steps/>
                </step>
                <step start="1537721714643" stop="1537721714643" status="passed">
                    <name>logStep[Selected option is : Telangana]</name>
                    <title>Selected option is : Telangana</title>
                    <attachments/>
                    <steps/>
                </step>
                <step start="1537721716216" stop="1537721716216" status="passed">
                    <name>logStep[Enter data :9290851186]</name>
                    <title>Enter data :9290851186</title>
                    <attachments/>
                    <steps/>
                </step>
                <step start="1537721716381" stop="1537721716381" status="passed">
                    <name>logStep[Selected option is : Adhaar card]</name>
                    <title>Selected option is : Adhaar card</title>
                    <attachments/>
                    <steps/>
                </step>
                <step start="1537721721122" stop="1537721721122" status="passed">
                    <name>logStep[Selected option is : Non Smoker]</name>
                    <title>Selected option is : Non Smoker</title>
                    <attachments/>
                    <steps/>
                </step>
                <step start="1537721721295" stop="1537721721295" status="passed">
                    <name>logStep[Selected option is : Male]</name>
                    <title>Selected option is : Male</title>
                    <attachments/>
                    <steps/>
                </step>
                <step start="1537721721549" stop="1537721721549" status="passed">
                    <name>logStep[Selected option is : Individual]</name>
                    <title>Selected option is : Individual</title>
                    <attachments/>
                    <steps/>
                </step>
                <step start="1537721721925" stop="1537721721925" status="passed">
                    <name>logStep[Selected option is : DHFL Pramerica Wealth Enhancer]</name>
                    <title>Selected option is : DHFL Pramerica Wealth Enhancer</title>
                    <attachments/>
                    <steps/>
                </step>
                <step start="1537721724330" stop="1537721724330" status="passed">
                    <name>logStep[Selected option is : Option A]</name>
                    <title>Selected option is : Option A</title>
                    <attachments/>
                    <steps/>
                </step>
                <step start="1537721724677" stop="1537721724677" status="passed">
                    <name>logStep[Selected option is : 10]</name>
                    <title>Selected option is : 10</title>
                    <attachments/>
                    <steps/>
                </step>
                <step start="1537721724950" stop="1537721724950" status="passed">
                    <name>logStep[Selected option is : 1]</name>
                    <title>Selected option is : 1</title>
                    <attachments/>
                    <steps/>
                </step>
                <step start="1537721725148" stop="1537721725148" status="passed">
                    <name>logStep[Selected option is : Single]</name>
                    <title>Selected option is : Single</title>
                    <attachments/>
                    <steps/>
                </step>
                <step start="1537721725294" stop="1537721725294" status="passed">
                    <name>logStep[Selected option is : Sum Assured]</name>
                    <title>Selected option is : Sum Assured</title>
                    <attachments/>
                    <steps/>
                </step>
                <step start="1537721725400" stop="1537721725400" status="passed">
                    <name>logStep[Enter data :250,000]</name>
                    <title>Enter data :250,000</title>
                    <attachments/>
                    <steps/>
                </step>
                <step start="1537721729966" stop="1537721729966" status="passed">
                    <name>logStep[Click on Next button ]</name>
                    <title>Click on Next button </title>
                    <attachments/>
                    <steps/>
                </step>
                <step start="1537721729967" stop="1537721729967" status="passed">
                    <name>logStep[Clicked on GetQuote button]</name>
                    <title>Clicked on GetQuote button</title>
                    <attachments/>
                    <steps/>
                </step>
                <step start="1537721729967" stop="1537721729967" status="passed">
                    <name>logStep[Taking screenshot]</name>
                    <title>Taking screenshot</title>
                    <attachments/>
                    <steps/>
                </step>
                <step start="1537721730558" stop="1537721730558" status="passed">
                    <name>logStep[Quote details saved successfully]</name>
                    <title>Quote details saved successfully</title>
                    <attachments/>
                    <steps/>
                </step>
                <step start="1537721730729" stop="1537721730729" status="passed">
                    <name>logStep[Entered text is :2,50,000]</name>
                    <title>Entered text is :2,50,000</title>
                    <attachments/>
                    <steps/>
                </step>
                <step start="1537721732963" stop="1537721732963" status="passed">
                    <name>logStep[Click on Next button ]</name>
                    <title>Click on Next button </title>
                    <attachments/>
                    <steps/>
                </step>
                <step start="1537721732964" stop="1537721732964" status="passed">
                    <name>logStep[Clicked on GetRequirement button]</name>
                    <title>Clicked on GetRequirement button</title>
                    <attachments/>
                    <steps/>
                </step>
                <step start="1537721740820" stop="1537721740820" status="passed">
                    <name>logStep[Click on Next button ]</name>
                    <title>Click on Next button </title>
                    <attachments/>
                    <steps/>
                </step>
                <step start="1537721740822" stop="1537721740822" status="passed">
                    <name>logStep[Clicked on InwardComplete button]</name>
                    <title>Clicked on InwardComplete button</title>
                    <attachments/>
                    <steps/>
                </step>
                <step start="1537721740823" stop="1537721740823" status="passed">
                    <name>logStep[Taking screenshot]</name>
                    <title>Taking screenshot</title>
                    <attachments/>
                    <steps/>
                </step>
            </steps>
            <attachments>
                <attachment title="Screenshot" source="8a356031-6d94-4ded-89db-c24ba3fc41bd-attachment.png" type="image/png"/>
                <attachment title="Screenshot" source="2dacff26-260e-4def-9618-af87744c9e74-attachment.png" type="image/png"/>
                <attachment title="Screenshot" source="1a30e4b0-c312-49e4-af50-c7878817841e-attachment.png" type="image/png"/>
            </attachments>
            <labels>
                <label name="story" value="LA Cosmos TO IL"/>
                <label name="host" value="MONO-HYD-LAP-14"/>
                <label name="thread" value="14136@MONO-HYD-LAP-14.main(1)"/>
            </labels>
        </test-case>
        <test-case start="1537721741156" stop="1537721760976" status="failed">
            <name>submitReciept</name>
            <title>Submit Receipt Bucket</title>
            <description type="text">Search with application number in Receipt and fill requierd data and submit </description>
            <failure>
                <message>AssertionError: null</message>
                <stack-trace>java.lang.AssertionError
	at org.junit.Assert.fail(Assert.java:92)
	at pageObjectClasses.ProposalDetails.fillInstrumentDetails(ProposalDetails.java:191)
	at Cosmos_Testcases.LACosmosToIL.submitReciept(LACosmosToIL.java:101)
	at sun.reflect.NativeMethodAccessorImpl.invoke0(Native Method)
	at sun.reflect.NativeMethodAccessorImpl.invoke(NativeMethodAccessorImpl.java:62)
	at sun.reflect.DelegatingMethodAccessorImpl.invoke(DelegatingMethodAccessorImpl.java:43)
	at java.lang.reflect.Method.invoke(Method.java:498)
	at org.testng.internal.MethodInvocationHelper.invokeMethod(MethodInvocationHelper.java:124)
	at org.testng.internal.Invoker.invokeMethod(Invoker.java:580)
	at org.testng.internal.Invoker.invokeTestMethod(Invoker.java:716)
	at org.testng.internal.Invoker.invokeTestMethods(Invoker.java:988)
	at org.testng.internal.TestMethodWorker.invokeTestMethods(TestMethodWorker.java:125)
	at org.testng.internal.TestMethodWorker.run(TestMethodWorker.java:109)
	at org.testng.TestRunner.privateRun(TestRunner.java:648)
	at org.testng.TestRunner.run(TestRunner.java:505)
	at org.testng.SuiteRunner.runTest(SuiteRunner.java:455)
	at org.testng.SuiteRunner.runSequentially(SuiteRunner.java:450)
	at org.testng.SuiteRunner.privateRun(SuiteRunner.java:415)
	at org.testng.SuiteRunner.run(SuiteRunner.java:364)
	at org.testng.SuiteRunnerWorker.runSuite(SuiteRunnerWorker.java:52)
	at org.testng.SuiteRunnerWorker.run(SuiteRunnerWorker.java:84)
	at org.testng.TestNG.runSuitesSequentially(TestNG.java:1208)
	at org.testng.TestNG.runSuitesLocally(TestNG.java:1137)
	at org.testng.TestNG.runSuites(TestNG.java:1049)
	at org.testng.TestNG.run(TestNG.java:1017)
	at org.testng.remote.AbstractRemoteTestNG.run(AbstractRemoteTestNG.java:114)
	at org.testng.remote.RemoteTestNG.initAndRun(RemoteTestNG.java:251)
	at org.testng.remote.RemoteTestNG.main(RemoteTestNG.java:77)
</stack-trace>
            </failure>
            <steps>
                <step start="1537721743586" stop="1537721743586" status="passed">
                    <name>logStep[Taking screenshot]</name>
                    <title>Taking screenshot</title>
                </step>
                <step start="1537721743874" stop="1537721743874" status="passed">
                    <name>logStep[Clicked on inbox button for selecting : inBox]</name>
                    <title>Clicked on inbox button for selecting : inBox</title>
                </step>
                <step start="1537721746003" stop="1537721746003" status="passed">
                    <name>logStep[clicked on : Receipt]</name>
                    <title>clicked on : Receipt</title>
                </step>
                <step start="1537721746004" stop="1537721746004" status="passed">
                    <name>logStep[Taking screenshot]</name>
                    <title>Taking screenshot</title>
                </step>
                <step start="1537721752905" stop="1537721752905" status="passed">
                    <name>logStep[Entered text is :MNB5485900]</name>
                    <title>Entered text is :MNB5485900</title>
                </step>
                <step start="1537721755998" stop="1537721755998" status="passed">
                    <name>logStep[Clicked on Proposal numMNB5485900]</name>
                    <title>Clicked on Proposal numMNB5485900</title>
                </step>
                <step start="1537721758328" stop="1537721758328" status="passed">
                    <name>logStep[Selected Branch is : HO]</name>
                    <title>Selected Branch is : HO</title>
                </step>
                <step start="1537721760636" stop="1537721760636" status="passed">
                    <name>logStep[Selected option is : HO - SBI]</name>
                    <title>Selected option is : HO - SBI</title>
                </step>
                <step start="1537721760813" stop="1537721760813" status="passed">
                    <name>logStep[Clicked on AddInstrument button]</name>
                    <title>Clicked on AddInstrument button</title>
                </step>
                <step start="1537721760874" stop="1537721760874" status="passed">
                    <name>logStep[Sheet Name not matched with test data]</name>
                    <title>Sheet Name not matched with test data</title>
                </step>
                <step start="1537721760874" stop="1537721760874" status="passed">
                    <name>logStep[Sheet Name not matched with test data]</name>
                    <title>Sheet Name not matched with test data</title>
                </step>
                <step start="1537721760875" stop="1537721760875" status="passed">
                    <name>logStep[Sheet Name not matched with test data]</name>
                    <title>Sheet Name not matched with test data</title>
                </step>
                <step start="1537721760877" stop="1537721760877" status="passed">
                    <name>logStep[Sheet Name not matched with test data]</name>
                    <title>Sheet Name not matched with test data</title>
                </step>
                <step start="1537721760878" stop="1537721760878" status="passed">
                    <name>logStep[Sheet Name not matched with test data]</name>
                    <title>Sheet Name not matched with test data</title>
                </step>
                <step start="1537721760879" stop="1537721760879" status="passed">
                    <name>logStep[Sheet Name not matched with test data]</name>
                    <title>Sheet Name not matched with test data</title>
                </step>
                <step start="1537721760880" stop="1537721760881" status="passed">
                    <name>logStep[Sheet Name not matched with test data]</name>
                    <title>Sheet Name not matched with test data</title>
                </step>
                <step start="1537721760882" stop="1537721760882" status="passed">
                    <name>logStep[Sheet Name not matched with test data]</name>
                    <title>Sheet Name not matched with test data</title>
                </step>
                <step start="1537721760882" stop="1537721760883" status="passed">
                    <name>logStep[Sheet Name not matched with test data]</name>
                    <title>Sheet Name not matched with test data</title>
                </step>
                <step start="1537721760883" stop="1537721760883" status="passed">
                    <name>logStep[Sheet Name not matched with test data]</name>
                    <title>Sheet Name not matched with test data</title>
                </step>
                <step start="1537721760884" stop="1537721760884" status="passed">
                    <name>logStep[Sheet Name not matched with test data]</name>
                    <title>Sheet Name not matched with test data</title>
                </step>
                <step start="1537721760885" stop="1537721760885" status="passed">
                    <name>logStep[Sheet Name not matched with test data]</name>
                    <title>Sheet Name not matched with test data</title>
                </step>
                <step start="1537721760916" stop="1537721760916" status="passed">
                    <name>logStep[Sheet Name not matched with test data]</name>
                    <title>Sheet Name not matched with test data</title>
                </step>
            </steps>
            <attachments>
                <attachment title="Screenshot" source="03d9af6f-8675-4981-b47d-87f864f1eac9-attachment.png" type="image/png"/>
                <attachment title="Screenshot" source="9fbdfbf1-3400-49b2-bf3b-c356660dc049-attachment.png" type="image/png"/>
            </attachments>
            <labels>
                <label name="story" value="LA Cosmos TO IL"/>
                <label name="host" value="MONO-HYD-LAP-14"/>
                <label name="thread" value="14136@MONO-HYD-LAP-14.main(1)"/>
            </labels>
        </test-case>
        <test-case start="1537721760979" stop="1537721760979" status="canceled">
            <name>pendingBranchScrutny</name>
            <title>Pending brach scrytny bucket</title>
            <description type="text">Search with application number and Submit</description>
            <failure>
                <message>: Skipped due to dependency on other skipped or failed test methods</message>
                <stack-trace>ru.yandex.qatools.allure.testng.AllureTestListener$1: Skipped due to dependency on other skipped or failed test methods
	at ru.yandex.qatools.allure.testng.AllureTestListener.fireTestCaseCancel(AllureTestListener.java:366)
	at ru.yandex.qatools.allure.testng.AllureTestListener.onTestSkipped(AllureTestListener.java:181)
	at org.testng.internal.TestListenerHelper.runTestListeners(TestListenerHelper.java:61)
	at org.testng.internal.Invoker.runTestListeners(Invoker.java:1388)
	at org.testng.internal.Invoker.registerSkippedTestResult(Invoker.java:1062)
	at org.testng.internal.Invoker.invokeTestMethods(Invoker.java:887)
	at org.testng.internal.TestMethodWorker.invokeTestMethods(TestMethodWorker.java:125)
	at org.testng.internal.TestMethodWorker.run(TestMethodWorker.java:109)
	at org.testng.TestRunner.privateRun(TestRunner.java:648)
	at org.testng.TestRunner.run(TestRunner.java:505)
	at org.testng.SuiteRunner.runTest(SuiteRunner.java:455)
	at org.testng.SuiteRunner.runSequentially(SuiteRunner.java:450)
	at org.testng.SuiteRunner.privateRun(SuiteRunner.java:415)
	at org.testng.SuiteRunner.run(SuiteRunner.java:364)
	at org.testng.SuiteRunnerWorker.runSuite(SuiteRunnerWorker.java:52)
	at org.testng.SuiteRunnerWorker.run(SuiteRunnerWorker.java:84)
	at org.testng.TestNG.runSuitesSequentially(TestNG.java:1208)
	at org.testng.TestNG.runSuitesLocally(TestNG.java:1137)
	at org.testng.TestNG.runSuites(TestNG.java:1049)
	at org.testng.TestNG.run(TestNG.java:1017)
	at org.testng.remote.AbstractRemoteTestNG.run(AbstractRemoteTestNG.java:114)
	at org.testng.remote.RemoteTestNG.initAndRun(RemoteTestNG.java:251)
	at org.testng.remote.RemoteTestNG.main(RemoteTestNG.java:77)
</stack-trace>
            </failure>
            <steps/>
            <attachments/>
            <labels>
                <label name="story" value="LA Cosmos TO IL"/>
                <label name="host" value="MONO-HYD-LAP-14"/>
                <label name="thread" value="14136@MONO-HYD-LAP-14.main(1)"/>
            </labels>
        </test-case>
        <test-case start="1537721760981" stop="1537721760981" status="canceled">
            <name>selectDispatch</name>
            <title>DispatchMode bucket</title>
            <description type="text">Search with application number and submit</description>
            <failure>
                <message>: Skipped due to dependency on other skipped or failed test methods</message>
                <stack-trace>ru.yandex.qatools.allure.testng.AllureTestListener$1: Skipped due to dependency on other skipped or failed test methods
	at ru.yandex.qatools.allure.testng.AllureTestListener.fireTestCaseCancel(AllureTestListener.java:366)
	at ru.yandex.qatools.allure.testng.AllureTestListener.onTestSkipped(AllureTestListener.java:181)
	at org.testng.internal.TestListenerHelper.runTestListeners(TestListenerHelper.java:61)
	at org.testng.internal.Invoker.runTestListeners(Invoker.java:1388)
	at org.testng.internal.Invoker.registerSkippedTestResult(Invoker.java:1062)
	at org.testng.internal.Invoker.invokeTestMethods(Invoker.java:887)
	at org.testng.internal.TestMethodWorker.invokeTestMethods(TestMethodWorker.java:125)
	at org.testng.internal.TestMethodWorker.run(TestMethodWorker.java:109)
	at org.testng.TestRunner.privateRun(TestRunner.java:648)
	at org.testng.TestRunner.run(TestRunner.java:505)
	at org.testng.SuiteRunner.runTest(SuiteRunner.java:455)
	at org.testng.SuiteRunner.runSequentially(SuiteRunner.java:450)
	at org.testng.SuiteRunner.privateRun(SuiteRunner.java:415)
	at org.testng.SuiteRunner.run(SuiteRunner.java:364)
	at org.testng.SuiteRunnerWorker.runSuite(SuiteRunnerWorker.java:52)
	at org.testng.SuiteRunnerWorker.run(SuiteRunnerWorker.java:84)
	at org.testng.TestNG.runSuitesSequentially(TestNG.java:1208)
	at org.testng.TestNG.runSuitesLocally(TestNG.java:1137)
	at org.testng.TestNG.runSuites(TestNG.java:1049)
	at org.testng.TestNG.run(TestNG.java:1017)
	at org.testng.remote.AbstractRemoteTestNG.run(AbstractRemoteTestNG.java:114)
	at org.testng.remote.RemoteTestNG.initAndRun(RemoteTestNG.java:251)
	at org.testng.remote.RemoteTestNG.main(RemoteTestNG.java:77)
</stack-trace>
            </failure>
            <steps/>
            <attachments/>
            <labels>
                <label name="story" value="LA Cosmos TO IL"/>
                <label name="host" value="MONO-HYD-LAP-14"/>
                <label name="thread" value="14136@MONO-HYD-LAP-14.main(1)"/>
            </labels>
        </test-case>
        <test-case start="1537721760983" stop="1537721760983" status="canceled">
            <name>scanAndIndex</name>
            <title>Scan and Index bucket</title>
            <description type="text">Search with application number and upload requiered documents and submit</description>
            <failure>
                <message>: Skipped due to dependency on other skipped or failed test methods</message>
                <stack-trace>ru.yandex.qatools.allure.testng.AllureTestListener$1: Skipped due to dependency on other skipped or failed test methods
	at ru.yandex.qatools.allure.testng.AllureTestListener.fireTestCaseCancel(AllureTestListener.java:366)
	at ru.yandex.qatools.allure.testng.AllureTestListener.onTestSkipped(AllureTestListener.java:181)
	at org.testng.internal.TestListenerHelper.runTestListeners(TestListenerHelper.java:61)
	at org.testng.internal.Invoker.runTestListeners(Invoker.java:1388)
	at org.testng.internal.Invoker.registerSkippedTestResult(Invoker.java:1062)
	at org.testng.internal.Invoker.invokeTestMethods(Invoker.java:887)
	at org.testng.internal.TestMethodWorker.invokeTestMethods(TestMethodWorker.java:125)
	at org.testng.internal.TestMethodWorker.run(TestMethodWorker.java:109)
	at org.testng.TestRunner.privateRun(TestRunner.java:648)
	at org.testng.TestRunner.run(TestRunner.java:505)
	at org.testng.SuiteRunner.runTest(SuiteRunner.java:455)
	at org.testng.SuiteRunner.runSequentially(SuiteRunner.java:450)
	at org.testng.SuiteRunner.privateRun(SuiteRunner.java:415)
	at org.testng.SuiteRunner.run(SuiteRunner.java:364)
	at org.testng.SuiteRunnerWorker.runSuite(SuiteRunnerWorker.java:52)
	at org.testng.SuiteRunnerWorker.run(SuiteRunnerWorker.java:84)
	at org.testng.TestNG.runSuitesSequentially(TestNG.java:1208)
	at org.testng.TestNG.runSuitesLocally(TestNG.java:1137)
	at org.testng.TestNG.runSuites(TestNG.java:1049)
	at org.testng.TestNG.run(TestNG.java:1017)
	at org.testng.remote.AbstractRemoteTestNG.run(AbstractRemoteTestNG.java:114)
	at org.testng.remote.RemoteTestNG.initAndRun(RemoteTestNG.java:251)
	at org.testng.remote.RemoteTestNG.main(RemoteTestNG.java:77)
</stack-trace>
            </failure>
            <steps/>
            <attachments/>
            <labels>
                <label name="story" value="LA Cosmos TO IL"/>
                <label name="host" value="MONO-HYD-LAP-14"/>
                <label name="thread" value="14136@MONO-HYD-LAP-14.main(1)"/>
            </labels>
        </test-case>
        <test-case start="1537721760984" stop="1537721760985" status="canceled">
            <name>copsInwardBucket</name>
            <title>Cops inward bucket</title>
            <description type="text">Search with application number and submit</description>
            <failure>
                <message>: Skipped due to dependency on other skipped or failed test methods</message>
                <stack-trace>ru.yandex.qatools.allure.testng.AllureTestListener$1: Skipped due to dependency on other skipped or failed test methods
	at ru.yandex.qatools.allure.testng.AllureTestListener.fireTestCaseCancel(AllureTestListener.java:366)
	at ru.yandex.qatools.allure.testng.AllureTestListener.onTestSkipped(AllureTestListener.java:181)
	at org.testng.internal.TestListenerHelper.runTestListeners(TestListenerHelper.java:61)
	at org.testng.internal.Invoker.runTestListeners(Invoker.java:1388)
	at org.testng.internal.Invoker.registerSkippedTestResult(Invoker.java:1062)
	at org.testng.internal.Invoker.invokeTestMethods(Invoker.java:887)
	at org.testng.internal.TestMethodWorker.invokeTestMethods(TestMethodWorker.java:125)
	at org.testng.internal.TestMethodWorker.run(TestMethodWorker.java:109)
	at org.testng.TestRunner.privateRun(TestRunner.java:648)
	at org.testng.TestRunner.run(TestRunner.java:505)
	at org.testng.SuiteRunner.runTest(SuiteRunner.java:455)
	at org.testng.SuiteRunner.runSequentially(SuiteRunner.java:450)
	at org.testng.SuiteRunner.privateRun(SuiteRunner.java:415)
	at org.testng.SuiteRunner.run(SuiteRunner.java:364)
	at org.testng.SuiteRunnerWorker.runSuite(SuiteRunnerWorker.java:52)
	at org.testng.SuiteRunnerWorker.run(SuiteRunnerWorker.java:84)
	at org.testng.TestNG.runSuitesSequentially(TestNG.java:1208)
	at org.testng.TestNG.runSuitesLocally(TestNG.java:1137)
	at org.testng.TestNG.runSuites(TestNG.java:1049)
	at org.testng.TestNG.run(TestNG.java:1017)
	at org.testng.remote.AbstractRemoteTestNG.run(AbstractRemoteTestNG.java:114)
	at org.testng.remote.RemoteTestNG.initAndRun(RemoteTestNG.java:251)
	at org.testng.remote.RemoteTestNG.main(RemoteTestNG.java:77)
</stack-trace>
            </failure>
            <steps/>
            <attachments/>
            <labels>
                <label name="story" value="LA Cosmos TO IL"/>
                <label name="host" value="MONO-HYD-LAP-14"/>
                <label name="thread" value="14136@MONO-HYD-LAP-14.main(1)"/>
            </labels>
        </test-case>
        <test-case start="1537721760986" stop="1537721760987" status="canceled">
            <name>nbsDataEntry</name>
            <title>NBS data entry bucket</title>
            <description type="text">Search with application number and enter all the requiered data and submit</description>
            <failure>
                <message>: Skipped due to dependency on other skipped or failed test methods</message>
                <stack-trace>ru.yandex.qatools.allure.testng.AllureTestListener$1: Skipped due to dependency on other skipped or failed test methods
	at ru.yandex.qatools.allure.testng.AllureTestListener.fireTestCaseCancel(AllureTestListener.java:366)
	at ru.yandex.qatools.allure.testng.AllureTestListener.onTestSkipped(AllureTestListener.java:181)
	at org.testng.internal.TestListenerHelper.runTestListeners(TestListenerHelper.java:61)
	at org.testng.internal.Invoker.runTestListeners(Invoker.java:1388)
	at org.testng.internal.Invoker.registerSkippedTestResult(Invoker.java:1062)
	at org.testng.internal.Invoker.invokeTestMethods(Invoker.java:887)
	at org.testng.internal.TestMethodWorker.invokeTestMethods(TestMethodWorker.java:125)
	at org.testng.internal.TestMethodWorker.run(TestMethodWorker.java:109)
	at org.testng.TestRunner.privateRun(TestRunner.java:648)
	at org.testng.TestRunner.run(TestRunner.java:505)
	at org.testng.SuiteRunner.runTest(SuiteRunner.java:455)
	at org.testng.SuiteRunner.runSequentially(SuiteRunner.java:450)
	at org.testng.SuiteRunner.privateRun(SuiteRunner.java:415)
	at org.testng.SuiteRunner.run(SuiteRunner.java:364)
	at org.testng.SuiteRunnerWorker.runSuite(SuiteRunnerWorker.java:52)
	at org.testng.SuiteRunnerWorker.run(SuiteRunnerWorker.java:84)
	at org.testng.TestNG.runSuitesSequentially(TestNG.java:1208)
	at org.testng.TestNG.runSuitesLocally(TestNG.java:1137)
	at org.testng.TestNG.runSuites(TestNG.java:1049)
	at org.testng.TestNG.run(TestNG.java:1017)
	at org.testng.remote.AbstractRemoteTestNG.run(AbstractRemoteTestNG.java:114)
	at org.testng.remote.RemoteTestNG.initAndRun(RemoteTestNG.java:251)
	at org.testng.remote.RemoteTestNG.main(RemoteTestNG.java:77)
</stack-trace>
            </failure>
            <steps/>
            <attachments/>
            <labels>
                <label name="story" value="LA Cosmos TO IL"/>
                <label name="host" value="MONO-HYD-LAP-14"/>
                <label name="thread" value="14136@MONO-HYD-LAP-14.main(1)"/>
            </labels>
        </test-case>
        <test-case start="1537721760988" stop="1537721760988" status="canceled">
            <name>copsQc</name>
            <title>CopsQC bucket</title>
            <description type="text">Search with application number and Verify all the NBS data entered correctly </description>
            <failure>
                <message>: Skipped due to dependency on other skipped or failed test methods</message>
                <stack-trace>ru.yandex.qatools.allure.testng.AllureTestListener$1: Skipped due to dependency on other skipped or failed test methods
	at ru.yandex.qatools.allure.testng.AllureTestListener.fireTestCaseCancel(AllureTestListener.java:366)
	at ru.yandex.qatools.allure.testng.AllureTestListener.onTestSkipped(AllureTestListener.java:181)
	at org.testng.internal.TestListenerHelper.runTestListeners(TestListenerHelper.java:61)
	at org.testng.internal.Invoker.runTestListeners(Invoker.java:1388)
	at org.testng.internal.Invoker.registerSkippedTestResult(Invoker.java:1062)
	at org.testng.internal.Invoker.invokeTestMethods(Invoker.java:887)
	at org.testng.internal.TestMethodWorker.invokeTestMethods(TestMethodWorker.java:125)
	at org.testng.internal.TestMethodWorker.run(TestMethodWorker.java:109)
	at org.testng.TestRunner.privateRun(TestRunner.java:648)
	at org.testng.TestRunner.run(TestRunner.java:505)
	at org.testng.SuiteRunner.runTest(SuiteRunner.java:455)
	at org.testng.SuiteRunner.runSequentially(SuiteRunner.java:450)
	at org.testng.SuiteRunner.privateRun(SuiteRunner.java:415)
	at org.testng.SuiteRunner.run(SuiteRunner.java:364)
	at org.testng.SuiteRunnerWorker.runSuite(SuiteRunnerWorker.java:52)
	at org.testng.SuiteRunnerWorker.run(SuiteRunnerWorker.java:84)
	at org.testng.TestNG.runSuitesSequentially(TestNG.java:1208)
	at org.testng.TestNG.runSuitesLocally(TestNG.java:1137)
	at org.testng.TestNG.runSuites(TestNG.java:1049)
	at org.testng.TestNG.run(TestNG.java:1017)
	at org.testng.remote.AbstractRemoteTestNG.run(AbstractRemoteTestNG.java:114)
	at org.testng.remote.RemoteTestNG.initAndRun(RemoteTestNG.java:251)
	at org.testng.remote.RemoteTestNG.main(RemoteTestNG.java:77)
</stack-trace>
            </failure>
            <steps/>
            <attachments/>
            <labels>
                <label name="story" value="LA Cosmos TO IL"/>
                <label name="host" value="MONO-HYD-LAP-14"/>
                <label name="thread" value="14136@MONO-HYD-LAP-14.main(1)"/>
            </labels>
        </test-case>
        <test-case start="1537721760989" stop="1537721760990" status="canceled">
            <name>UWBucket</name>
            <title>UW bucket</title>
            <description type="text">Search with application number and complete UW</description>
            <failure>
                <message>: Skipped due to dependency on other skipped or failed test methods</message>
                <stack-trace>ru.yandex.qatools.allure.testng.AllureTestListener$1: Skipped due to dependency on other skipped or failed test methods
	at ru.yandex.qatools.allure.testng.AllureTestListener.fireTestCaseCancel(AllureTestListener.java:366)
	at ru.yandex.qatools.allure.testng.AllureTestListener.onTestSkipped(AllureTestListener.java:181)
	at org.testng.internal.TestListenerHelper.runTestListeners(TestListenerHelper.java:61)
	at org.testng.internal.Invoker.runTestListeners(Invoker.java:1388)
	at org.testng.internal.Invoker.registerSkippedTestResult(Invoker.java:1062)
	at org.testng.internal.Invoker.invokeTestMethods(Invoker.java:887)
	at org.testng.internal.TestMethodWorker.invokeTestMethods(TestMethodWorker.java:125)
	at org.testng.internal.TestMethodWorker.run(TestMethodWorker.java:109)
	at org.testng.TestRunner.privateRun(TestRunner.java:648)
	at org.testng.TestRunner.run(TestRunner.java:505)
	at org.testng.SuiteRunner.runTest(SuiteRunner.java:455)
	at org.testng.SuiteRunner.runSequentially(SuiteRunner.java:450)
	at org.testng.SuiteRunner.privateRun(SuiteRunner.java:415)
	at org.testng.SuiteRunner.run(SuiteRunner.java:364)
	at org.testng.SuiteRunnerWorker.runSuite(SuiteRunnerWorker.java:52)
	at org.testng.SuiteRunnerWorker.run(SuiteRunnerWorker.java:84)
	at org.testng.TestNG.runSuitesSequentially(TestNG.java:1208)
	at org.testng.TestNG.runSuitesLocally(TestNG.java:1137)
	at org.testng.TestNG.runSuites(TestNG.java:1049)
	at org.testng.TestNG.run(TestNG.java:1017)
	at org.testng.remote.AbstractRemoteTestNG.run(AbstractRemoteTestNG.java:114)
	at org.testng.remote.RemoteTestNG.initAndRun(RemoteTestNG.java:251)
	at org.testng.remote.RemoteTestNG.main(RemoteTestNG.java:77)
</stack-trace>
            </failure>
            <steps/>
            <attachments/>
            <labels>
                <label name="story" value="LA Cosmos TO IL"/>
                <label name="host" value="MONO-HYD-LAP-14"/>
                <label name="thread" value="14136@MONO-HYD-LAP-14.main(1)"/>
            </labels>
        </test-case>
        <test-case start="1537721760991" stop="1537721760991" status="canceled">
            <name>applicationTracker</name>
            <title>Application Tracker bucket </title>
            <description type="text">Search with application number and wait for realization </description>
            <failure>
                <message>: Skipped due to dependency on other skipped or failed test methods</message>
                <stack-trace>ru.yandex.qatools.allure.testng.AllureTestListener$1: Skipped due to dependency on other skipped or failed test methods
	at ru.yandex.qatools.allure.testng.AllureTestListener.fireTestCaseCancel(AllureTestListener.java:366)
	at ru.yandex.qatools.allure.testng.AllureTestListener.onTestSkipped(AllureTestListener.java:181)
	at org.testng.internal.TestListenerHelper.runTestListeners(TestListenerHelper.java:61)
	at org.testng.internal.Invoker.runTestListeners(Invoker.java:1388)
	at org.testng.internal.Invoker.registerSkippedTestResult(Invoker.java:1062)
	at org.testng.internal.Invoker.invokeTestMethods(Invoker.java:887)
	at org.testng.internal.TestMethodWorker.invokeTestMethods(TestMethodWorker.java:125)
	at org.testng.internal.TestMethodWorker.run(TestMethodWorker.java:109)
	at org.testng.TestRunner.privateRun(TestRunner.java:648)
	at org.testng.TestRunner.run(TestRunner.java:505)
	at org.testng.SuiteRunner.runTest(SuiteRunner.java:455)
	at org.testng.SuiteRunner.runSequentially(SuiteRunner.java:450)
	at org.testng.SuiteRunner.privateRun(SuiteRunner.java:415)
	at org.testng.SuiteRunner.run(SuiteRunner.java:364)
	at org.testng.SuiteRunnerWorker.runSuite(SuiteRunnerWorker.java:52)
	at org.testng.SuiteRunnerWorker.run(SuiteRunnerWorker.java:84)
	at org.testng.TestNG.runSuitesSequentially(TestNG.java:1208)
	at org.testng.TestNG.runSuitesLocally(TestNG.java:1137)
	at org.testng.TestNG.runSuites(TestNG.java:1049)
	at org.testng.TestNG.run(TestNG.java:1017)
	at org.testng.remote.AbstractRemoteTestNG.run(AbstractRemoteTestNG.java:114)
	at org.testng.remote.RemoteTestNG.initAndRun(RemoteTestNG.java:251)
	at org.testng.remote.RemoteTestNG.main(RemoteTestNG.java:77)
</stack-trace>
            </failure>
            <steps/>
            <attachments/>
            <labels>
                <label name="story" value="LA Cosmos TO IL"/>
                <label name="host" value="MONO-HYD-LAP-14"/>
                <label name="thread" value="14136@MONO-HYD-LAP-14.main(1)"/>
            </labels>
        </test-case>
        <test-case start="1537721760993" stop="1537721760993" status="canceled">
            <name>proposalEnquiry</name>
            <title>Proposal enquiry and Receipt details bucket</title>
            <description type="text">Search with application number and get the receipt details with receipt No. for realization</description>
            <failure>
                <message>: Skipped due to dependency on other skipped or failed test methods</message>
                <stack-trace>ru.yandex.qatools.allure.testng.AllureTestListener$1: Skipped due to dependency on other skipped or failed test methods
	at ru.yandex.qatools.allure.testng.AllureTestListener.fireTestCaseCancel(AllureTestListener.java:366)
	at ru.yandex.qatools.allure.testng.AllureTestListener.onTestSkipped(AllureTestListener.java:181)
	at org.testng.internal.TestListenerHelper.runTestListeners(TestListenerHelper.java:61)
	at org.testng.internal.Invoker.runTestListeners(Invoker.java:1388)
	at org.testng.internal.Invoker.registerSkippedTestResult(Invoker.java:1062)
	at org.testng.internal.Invoker.invokeTestMethods(Invoker.java:887)
	at org.testng.internal.TestMethodWorker.invokeTestMethods(TestMethodWorker.java:125)
	at org.testng.internal.TestMethodWorker.run(TestMethodWorker.java:109)
	at org.testng.TestRunner.privateRun(TestRunner.java:648)
	at org.testng.TestRunner.run(TestRunner.java:505)
	at org.testng.SuiteRunner.runTest(SuiteRunner.java:455)
	at org.testng.SuiteRunner.runSequentially(SuiteRunner.java:450)
	at org.testng.SuiteRunner.privateRun(SuiteRunner.java:415)
	at org.testng.SuiteRunner.run(SuiteRunner.java:364)
	at org.testng.SuiteRunnerWorker.runSuite(SuiteRunnerWorker.java:52)
	at org.testng.SuiteRunnerWorker.run(SuiteRunnerWorker.java:84)
	at org.testng.TestNG.runSuitesSequentially(TestNG.java:1208)
	at org.testng.TestNG.runSuitesLocally(TestNG.java:1137)
	at org.testng.TestNG.runSuites(TestNG.java:1049)
	at org.testng.TestNG.run(TestNG.java:1017)
	at org.testng.remote.AbstractRemoteTestNG.run(AbstractRemoteTestNG.java:114)
	at org.testng.remote.RemoteTestNG.initAndRun(RemoteTestNG.java:251)
	at org.testng.remote.RemoteTestNG.main(RemoteTestNG.java:77)
</stack-trace>
            </failure>
            <steps/>
            <attachments/>
            <labels>
                <label name="story" value="LA Cosmos TO IL"/>
                <label name="host" value="MONO-HYD-LAP-14"/>
                <label name="thread" value="14136@MONO-HYD-LAP-14.main(1)"/>
            </labels>
        </test-case>
    </test-cases>
    <labels>
        <label name="framework" value="TestNG"/>
        <label name="language" value="JAVA"/>
    </labels>
</ns2:test-suite>
