<?xml version="1.0" encoding="UTF-8"?>
<!-- Generated by org.testng.reporters.JUnitXMLReporter -->
<testsuite hostname="mono-hyd-vastro2520-1" ignored="0" name="Test" tests="1" failures="1" timestamp="23 May 2019 15:26:37 GMT" time="0.064" errors="0">
  <testcase name="@AfterTest afterTest" time="0.018" classname="com.compile.surefire.jenkins.DriverTestByJenkins">
    <failure type="java.lang.NullPointerException">
      <![CDATA[java.lang.NullPointerException
at com.compile.surefire.jenkins.DriverTestByJenkins.afterTest(DriverTestByJenkins.java:29)
... Removed 24 stack frames]]>
    </failure>
  </testcase> <!-- @AfterTest afterTest -->
  <testcase name="getChromeBrowser" time="0.0" classname="com.compile.surefire.jenkins.DriverTestByJenkins">
    <failure type="org.testng.TestNGException" message="
Cannot inject @Test annotated Method [getChromeBrowser] with [class java.lang.String].
For more information on native dependency injection please refer to http://testng.org/doc/documentation-main.html#native-dependency-injection">
      <![CDATA[org.testng.TestNGException: 
Cannot inject @Test annotated Method [getChromeBrowser] with [class java.lang.String].
For more information on native dependency injection please refer to http://testng.org/doc/documentation-main.html#native-dependency-injection
... Removed 24 stack frames]]>
    </failure>
  </testcase> <!-- getChromeBrowser -->
</testsuite> <!-- Test -->
