<?xml version="1.0" encoding="UTF-8" standalone="yes"?>
<ns2:test-suite start="1535541271389" stop="1535541344824" version="1.5.4" xmlns:ns2="urn:model.allure.qatools.yandex.ru">
    <name>Default suite : Default test</name>
    <title>Default suite : Default test</title>
    <test-cases>
        <test-case start="1535541285368" stop="1535541335266" status="passed">
            <name>ScreenOneTestIndian</name>
            <steps/>
            <attachments/>
            <labels>
                <label name="testSuite" value="Default suite"/>
                <label name="testGroup" value="Default test"/>
                <label name="testClass" value="com.test.fulfilment.JourneyScreenThreeTest"/>
                <label name="testMethod" value="ScreenOneTestIndian"/>
                <label name="host" value="MONO-NCR-LAP-3"/>
                <label name="thread" value="21104@MONO-NCR-LAP-3.main(1)"/>
            </labels>
        </test-case>
        <test-case start="1535541335278" stop="1535541335379" status="passed">
            <name>VerifyJourneyScreenThreeLanding</name>
            <steps/>
            <attachments/>
            <labels>
                <label name="testSuite" value="Default suite"/>
                <label name="testGroup" value="Default test"/>
                <label name="testClass" value="com.test.fulfilment.JourneyScreenThreeTest"/>
                <label name="testMethod" value="VerifyJourneyScreenThreeLanding"/>
                <label name="host" value="MONO-NCR-LAP-3"/>
                <label name="thread" value="21104@MONO-NCR-LAP-3.main(1)"/>
            </labels>
        </test-case>
        <test-case start="1535541335382" stop="1535541344360" status="passed">
            <name>EnterFatherName</name>
            <steps/>
            <attachments/>
            <labels>
                <label name="testSuite" value="Default suite"/>
                <label name="testGroup" value="Default test"/>
                <label name="testClass" value="com.test.fulfilment.JourneyScreenThreeTest"/>
                <label name="testMethod" value="EnterFatherName"/>
                <label name="host" value="MONO-NCR-LAP-3"/>
                <label name="thread" value="21104@MONO-NCR-LAP-3.main(1)"/>
            </labels>
        </test-case>
        <test-case start="1535541344364" stop="1535541344783" status="failed">
            <name>VerifyMaritalStatusList</name>
            <failure>
                <message>AssertionError:  expected [true] but found [false]</message>
                <stack-trace>java.lang.AssertionError:  expected [true] but found [false]
	at org.testng.Assert.fail(Assert.java:93)
	at org.testng.Assert.failNotEquals(Assert.java:512)
	at org.testng.Assert.assertTrue(Assert.java:41)
	at uielements.JourneyScreenThree.VerifyMaritalList(JourneyScreenThree.java:78)
	at com.test.fulfilment.JourneyScreenThreeTest.VerifyMaritalStatusList(JourneyScreenThreeTest.java:127)
	at sun.reflect.NativeMethodAccessorImpl.invoke0(Native Method)
	at sun.reflect.NativeMethodAccessorImpl.invoke(NativeMethodAccessorImpl.java:62)
	at sun.reflect.DelegatingMethodAccessorImpl.invoke(DelegatingMethodAccessorImpl.java:43)
	at java.lang.reflect.Method.invoke(Method.java:498)
	at org.testng.internal.MethodInvocationHelper.invokeMethod(MethodInvocationHelper.java:108)
	at org.testng.internal.Invoker.invokeMethod(Invoker.java:661)
	at org.testng.internal.Invoker.invokeTestMethod(Invoker.java:869)
	at org.testng.internal.Invoker.invokeTestMethods(Invoker.java:1193)
	at org.testng.internal.TestMethodWorker.invokeTestMethods(TestMethodWorker.java:126)
	at org.testng.internal.TestMethodWorker.run(TestMethodWorker.java:109)
	at org.testng.TestRunner.privateRun(TestRunner.java:744)
	at org.testng.TestRunner.run(TestRunner.java:602)
	at org.testng.SuiteRunner.runTest(SuiteRunner.java:380)
	at org.testng.SuiteRunner.runSequentially(SuiteRunner.java:375)
	at org.testng.SuiteRunner.privateRun(SuiteRunner.java:340)
	at org.testng.SuiteRunner.run(SuiteRunner.java:289)
	at org.testng.SuiteRunnerWorker.runSuite(SuiteRunnerWorker.java:52)
	at org.testng.SuiteRunnerWorker.run(SuiteRunnerWorker.java:86)
	at org.testng.TestNG.runSuitesSequentially(TestNG.java:1301)
	at org.testng.TestNG.runSuitesLocally(TestNG.java:1226)
	at org.testng.TestNG.runSuites(TestNG.java:1144)
	at org.testng.TestNG.run(TestNG.java:1115)
	at org.testng.remote.AbstractRemoteTestNG.run(AbstractRemoteTestNG.java:114)
	at org.testng.remote.RemoteTestNG.initAndRun(RemoteTestNG.java:251)
	at org.testng.remote.RemoteTestNG.main(RemoteTestNG.java:77)
</stack-trace>
            </failure>
            <steps/>
            <attachments/>
            <labels>
                <label name="testSuite" value="Default suite"/>
                <label name="testGroup" value="Default test"/>
                <label name="testClass" value="com.test.fulfilment.JourneyScreenThreeTest"/>
                <label name="testMethod" value="VerifyMaritalStatusList"/>
                <label name="host" value="MONO-NCR-LAP-3"/>
                <label name="thread" value="21104@MONO-NCR-LAP-3.main(1)"/>
            </labels>
        </test-case>
    </test-cases>
    <labels>
        <label name="framework" value="TestNG"/>
        <label name="language" value="JAVA"/>
    </labels>
</ns2:test-suite>
