<?xml version="1.0" encoding="UTF-8"?>
<!-- Generated by org.testng.reporters.JUnitReportReporter -->
<testsuite skipped="8" hostname="MONO-HYD-LAP-14" name="Cosmos_Testcases.LATraditionalstppass" tests="10" failures="1" timestamp="23 Sep 2018 16:56:02 GMT" time="66.394" errors="0">
  <testcase name="selectNBSBranchInward" time="47.411" classname="Cosmos_Testcases.LATraditionalstppass"/>
  <testcase name="submitReciept" time="18.983" classname="Cosmos_Testcases.LATraditionalstppass">
    <failure type="java.lang.AssertionError">
      <![CDATA[java.lang.AssertionError
at org.junit.Assert.fail(Assert.java:92)
at pageObjectClasses.ProposalDetails.fillInstrumentDetails(ProposalDetails.java:191)
at Cosmos_Testcases.LATraditionalstppass.submitReciept(LATraditionalstppass.java:98)
at sun.reflect.NativeMethodAccessorImpl.invoke0(Native Method)
at sun.reflect.NativeMethodAccessorImpl.invoke(NativeMethodAccessorImpl.java:62)
at sun.reflect.DelegatingMethodAccessorImpl.invoke(DelegatingMethodAccessorImpl.java:43)
at java.lang.reflect.Method.invoke(Method.java:498)
at org.testng.internal.MethodInvocationHelper.invokeMethod(MethodInvocationHelper.java:124)
at org.testng.internal.Invoker.invokeMethod(Invoker.java:580)
at org.testng.internal.Invoker.invokeTestMethod(Invoker.java:716)
at org.testng.internal.Invoker.invokeTestMethods(Invoker.java:988)
at org.testng.internal.TestMethodWorker.invokeTestMethods(TestMethodWorker.java:125)
at org.testng.internal.TestMethodWorker.run(TestMethodWorker.java:109)
at org.testng.TestRunner.privateRun(TestRunner.java:648)
at org.testng.TestRunner.run(TestRunner.java:505)
at org.testng.SuiteRunner.runTest(SuiteRunner.java:455)
at org.testng.SuiteRunner.runSequentially(SuiteRunner.java:450)
at org.testng.SuiteRunner.privateRun(SuiteRunner.java:415)
at org.testng.SuiteRunner.run(SuiteRunner.java:364)
at org.testng.SuiteRunnerWorker.runSuite(SuiteRunnerWorker.java:52)
at org.testng.SuiteRunnerWorker.run(SuiteRunnerWorker.java:84)
at org.testng.TestNG.runSuitesSequentially(TestNG.java:1208)
at org.testng.TestNG.runSuitesLocally(TestNG.java:1137)
at org.testng.TestNG.runSuites(TestNG.java:1049)
at org.testng.TestNG.run(TestNG.java:1017)
at org.testng.remote.AbstractRemoteTestNG.run(AbstractRemoteTestNG.java:114)
at org.testng.remote.RemoteTestNG.initAndRun(RemoteTestNG.java:251)
at org.testng.remote.RemoteTestNG.main(RemoteTestNG.java:77)
]]>
    </failure>
  </testcase> <!-- submitReciept -->
  <testcase name="pendingBranchScrutny" time="0.000" classname="Cosmos_Testcases.LATraditionalstppass">
    <skipped/>
  </testcase> <!-- pendingBranchScrutny -->
  <testcase name="selectDispatch" time="0.000" classname="Cosmos_Testcases.LATraditionalstppass">
    <skipped/>
  </testcase> <!-- selectDispatch -->
  <testcase name="scanAndIndex" time="0.000" classname="Cosmos_Testcases.LATraditionalstppass">
    <skipped/>
  </testcase> <!-- scanAndIndex -->
  <testcase name="copsInwardBucket" time="0.000" classname="Cosmos_Testcases.LATraditionalstppass">
    <skipped/>
  </testcase> <!-- copsInwardBucket -->
  <testcase name="nbsDataEntry" time="0.000" classname="Cosmos_Testcases.LATraditionalstppass">
    <skipped/>
  </testcase> <!-- nbsDataEntry -->
  <testcase name="copsQc" time="0.000" classname="Cosmos_Testcases.LATraditionalstppass">
    <skipped/>
  </testcase> <!-- copsQc -->
  <testcase name="applicationTracker" time="0.000" classname="Cosmos_Testcases.LATraditionalstppass">
    <skipped/>
  </testcase> <!-- applicationTracker -->
  <testcase name="proposalEnquiry" time="0.000" classname="Cosmos_Testcases.LATraditionalstppass">
    <skipped/>
  </testcase> <!-- proposalEnquiry -->
</testsuite> <!-- Cosmos_Testcases.LATraditionalstppass -->
